<?xml version="1.0" encoding="UTF-8"?>
<testsuite xmlns:xsi="http://www.w3.org/2001/XMLSchema-instance" xsi:noNamespaceSchemaLocation="https://maven.apache.org/surefire/maven-surefire-plugin/xsd/surefire-test-report.xsd" name="TestSuite" time="4,154.821" tests="43" errors="0" skipped="0" failures="5">
  <properties>
    <property name="sun.desktop" value="windows"/>
    <property name="awt.toolkit" value="sun.awt.windows.WToolkit"/>
    <property name="java.specification.version" value="11"/>
    <property name="sun.cpu.isalist" value="amd64"/>
    <property name="sun.jnu.encoding" value="Cp1251"/>
    <property name="java.class.path" value="C:\Users\Irina.Holovan\Documents\ignition-qa\AFS_Automation\WMS_Automation\target\test-classes;C:\Users\Irina.Holovan\Documents\ignition-qa\AFS_Automation\WMS_Automation\target\classes;C:\Users\Irina.Holovan\.m2\repository\org\assertj\assertj-core\3.24.1\assertj-core-3.24.1.jar;C:\Users\Irina.Holovan\.m2\repository\net\bytebuddy\byte-buddy\1.12.21\byte-buddy-1.12.21.jar;C:\Users\Irina.Holovan\.m2\repository\org\seleniumhq\selenium\selenium-java\4.8.0\selenium-java-4.8.0.jar;C:\Users\Irina.Holovan\.m2\repository\org\seleniumhq\selenium\selenium-api\4.8.0\selenium-api-4.8.0.jar;C:\Users\Irina.Holovan\.m2\repository\org\seleniumhq\selenium\selenium-chrome-driver\4.8.0\selenium-chrome-driver-4.8.0.jar;C:\Users\Irina.Holovan\.m2\repository\com\google\auto\service\auto-service-annotations\1.0.1\auto-service-annotations-1.0.1.jar;C:\Users\Irina.Holovan\.m2\repository\com\google\auto\service\auto-service\1.0.1\auto-service-1.0.1.jar;C:\Users\Irina.Holovan\.m2\repository\com\google\auto\auto-common\1.2\auto-common-1.2.jar;C:\Users\Irina.Holovan\.m2\repository\org\seleniumhq\selenium\selenium-chromium-driver\4.8.0\selenium-chromium-driver-4.8.0.jar;C:\Users\Irina.Holovan\.m2\repository\org\seleniumhq\selenium\selenium-json\4.8.0\selenium-json-4.8.0.jar;C:\Users\Irina.Holovan\.m2\repository\org\seleniumhq\selenium\selenium-devtools-v107\4.8.0\selenium-devtools-v107-4.8.0.jar;C:\Users\Irina.Holovan\.m2\repository\org\seleniumhq\selenium\selenium-devtools-v108\4.8.0\selenium-devtools-v108-4.8.0.jar;C:\Users\Irina.Holovan\.m2\repository\org\seleniumhq\selenium\selenium-devtools-v109\4.8.0\selenium-devtools-v109-4.8.0.jar;C:\Users\Irina.Holovan\.m2\repository\org\seleniumhq\selenium\selenium-devtools-v85\4.8.0\selenium-devtools-v85-4.8.0.jar;C:\Users\Irina.Holovan\.m2\repository\org\seleniumhq\selenium\selenium-edge-driver\4.8.0\selenium-edge-driver-4.8.0.jar;C:\Users\Irina.Holovan\.m2\repository\org\seleniumhq\selenium\selenium-firefox-driver\4.8.0\selenium-firefox-driver-4.8.0.jar;C:\Users\Irina.Holovan\.m2\repository\org\seleniumhq\selenium\selenium-http\4.8.0\selenium-http-4.8.0.jar;C:\Users\Irina.Holovan\.m2\repository\dev\failsafe\failsafe\3.3.0\failsafe-3.3.0.jar;C:\Users\Irina.Holovan\.m2\repository\org\seleniumhq\selenium\selenium-ie-driver\4.8.0\selenium-ie-driver-4.8.0.jar;C:\Users\Irina.Holovan\.m2\repository\org\seleniumhq\selenium\selenium-remote-driver\4.8.0\selenium-remote-driver-4.8.0.jar;C:\Users\Irina.Holovan\.m2\repository\io\netty\netty-buffer\4.1.87.Final\netty-buffer-4.1.87.Final.jar;C:\Users\Irina.Holovan\.m2\repository\io\netty\netty-codec-http\4.1.87.Final\netty-codec-http-4.1.87.Final.jar;C:\Users\Irina.Holovan\.m2\repository\io\netty\netty-codec\4.1.87.Final\netty-codec-4.1.87.Final.jar;C:\Users\Irina.Holovan\.m2\repository\io\netty\netty-handler\4.1.87.Final\netty-handler-4.1.87.Final.jar;C:\Users\Irina.Holovan\.m2\repository\io\netty\netty-common\4.1.87.Final\netty-common-4.1.87.Final.jar;C:\Users\Irina.Holovan\.m2\repository\io\netty\netty-transport-classes-epoll\4.1.87.Final\netty-transport-classes-epoll-4.1.87.Final.jar;C:\Users\Irina.Holovan\.m2\repository\io\netty\netty-transport-classes-kqueue\4.1.87.Final\netty-transport-classes-kqueue-4.1.87.Final.jar;C:\Users\Irina.Holovan\.m2\repository\io\netty\netty-transport-native-epoll\4.1.87.Final\netty-transport-native-epoll-4.1.87.Final.jar;C:\Users\Irina.Holovan\.m2\repository\io\netty\netty-transport-native-kqueue\4.1.87.Final\netty-transport-native-kqueue-4.1.87.Final.jar;C:\Users\Irina.Holovan\.m2\repository\io\netty\netty-transport-native-unix-common\4.1.87.Final\netty-transport-native-unix-common-4.1.87.Final.jar;C:\Users\Irina.Holovan\.m2\repository\io\netty\netty-transport\4.1.87.Final\netty-transport-4.1.87.Final.jar;C:\Users\Irina.Holovan\.m2\repository\io\netty\netty-resolver\4.1.87.Final\netty-resolver-4.1.87.Final.jar;C:\Users\Irina.Holovan\.m2\repository\io\opentelemetry\opentelemetry-api\1.22.0\opentelemetry-api-1.22.0.jar;C:\Users\Irina.Holovan\.m2\repository\io\opentelemetry\opentelemetry-context\1.22.0\opentelemetry-context-1.22.0.jar;C:\Users\Irina.Holovan\.m2\repository\io\opentelemetry\opentelemetry-exporter-logging\1.22.0\opentelemetry-exporter-logging-1.22.0.jar;C:\Users\Irina.Holovan\.m2\repository\io\opentelemetry\opentelemetry-sdk-metrics\1.22.0\opentelemetry-sdk-metrics-1.22.0.jar;C:\Users\Irina.Holovan\.m2\repository\io\opentelemetry\opentelemetry-sdk-logs\1.22.0-alpha\opentelemetry-sdk-logs-1.22.0-alpha.jar;C:\Users\Irina.Holovan\.m2\repository\io\opentelemetry\opentelemetry-api-logs\1.22.0-alpha\opentelemetry-api-logs-1.22.0-alpha.jar;C:\Users\Irina.Holovan\.m2\repository\io\opentelemetry\opentelemetry-sdk-common\1.22.0\opentelemetry-sdk-common-1.22.0.jar;C:\Users\Irina.Holovan\.m2\repository\io\opentelemetry\opentelemetry-sdk-extension-autoconfigure-spi\1.22.0\opentelemetry-sdk-extension-autoconfigure-spi-1.22.0.jar;C:\Users\Irina.Holovan\.m2\repository\io\opentelemetry\opentelemetry-sdk-extension-autoconfigure\1.22.0-alpha\opentelemetry-sdk-extension-autoconfigure-1.22.0-alpha.jar;C:\Users\Irina.Holovan\.m2\repository\io\opentelemetry\opentelemetry-sdk-trace\1.22.0\opentelemetry-sdk-trace-1.22.0.jar;C:\Users\Irina.Holovan\.m2\repository\io\opentelemetry\opentelemetry-sdk\1.22.0\opentelemetry-sdk-1.22.0.jar;C:\Users\Irina.Holovan\.m2\repository\io\opentelemetry\opentelemetry-semconv\1.22.0-alpha\opentelemetry-semconv-1.22.0-alpha.jar;C:\Users\Irina.Holovan\.m2\repository\io\ous\jtoml\2.0.0\jtoml-2.0.0.jar;C:\Users\Irina.Holovan\.m2\repository\org\apache\commons\commons-exec\1.3\commons-exec-1.3.jar;C:\Users\Irina.Holovan\.m2\repository\org\asynchttpclient\async-http-client\2.12.3\async-http-client-2.12.3.jar;C:\Users\Irina.Holovan\.m2\repository\org\asynchttpclient\async-http-client-netty-utils\2.12.3\async-http-client-netty-utils-2.12.3.jar;C:\Users\Irina.Holovan\.m2\repository\io\netty\netty-codec-socks\4.1.60.Final\netty-codec-socks-4.1.60.Final.jar;C:\Users\Irina.Holovan\.m2\repository\io\netty\netty-handler-proxy\4.1.60.Final\netty-handler-proxy-4.1.60.Final.jar;C:\Users\Irina.Holovan\.m2\repository\io\netty\netty-transport-native-epoll\4.1.60.Final\netty-transport-native-epoll-4.1.60.Final-linux-x86_64.jar;C:\Users\Irina.Holovan\.m2\repository\io\netty\netty-transport-native-kqueue\4.1.60.Final\netty-transport-native-kqueue-4.1.60.Final-osx-x86_64.jar;C:\Users\Irina.Holovan\.m2\repository\org\reactivestreams\reactive-streams\1.0.3\reactive-streams-1.0.3.jar;C:\Users\Irina.Holovan\.m2\repository\com\typesafe\netty\netty-reactive-streams\2.0.4\netty-reactive-streams-2.0.4.jar;C:\Users\Irina.Holovan\.m2\repository\com\sun\activation\jakarta.activation\1.2.2\jakarta.activation-1.2.2.jar;C:\Users\Irina.Holovan\.m2\repository\org\seleniumhq\selenium\selenium-manager\4.8.0\selenium-manager-4.8.0.jar;C:\Users\Irina.Holovan\.m2\repository\org\seleniumhq\selenium\selenium-safari-driver\4.8.0\selenium-safari-driver-4.8.0.jar;C:\Users\Irina.Holovan\.m2\repository\org\seleniumhq\selenium\selenium-support\4.8.0\selenium-support-4.8.0.jar;C:\Users\Irina.Holovan\.m2\repository\com\codeborne\selenide\6.8.0\selenide-6.8.0.jar;C:\Users\Irina.Holovan\.m2\repository\org\slf4j\slf4j-api\2.0.2\slf4j-api-2.0.2.jar;C:\Users\Irina.Holovan\.m2\repository\com\codeborne\selenide-core\6.8.0\selenide-core-6.8.0.jar;C:\Users\Irina.Holovan\.m2\repository\org\opentest4j\opentest4j\1.2.0\opentest4j-1.2.0.jar;C:\Users\Irina.Holovan\.m2\repository\org\apache\commons\commons-compress\1.21\commons-compress-1.21.jar;C:\Users\Irina.Holovan\.m2\repository\com\google\guava\guava\31.1-jre\guava-31.1-jre.jar;C:\Users\Irina.Holovan\.m2\repository\com\google\guava\failureaccess\1.0.1\failureaccess-1.0.1.jar;C:\Users\Irina.Holovan\.m2\repository\com\google\guava\listenablefuture\9999.0-empty-to-avoid-conflict-with-guava\listenablefuture-9999.0-empty-to-avoid-conflict-with-guava.jar;C:\Users\Irina.Holovan\.m2\repository\com\google\code\findbugs\jsr305\3.0.2\jsr305-3.0.2.jar;C:\Users\Irina.Holovan\.m2\repository\org\checkerframework\checker-qual\3.12.0\checker-qual-3.12.0.jar;C:\Users\Irina.Holovan\.m2\repository\com\google\errorprone\error_prone_annotations\2.11.0\error_prone_annotations-2.11.0.jar;C:\Users\Irina.Holovan\.m2\repository\com\google\j2objc\j2objc-annotations\1.3\j2objc-annotations-1.3.jar;C:\Users\Irina.Holovan\.m2\repository\org\apache\commons\commons-lang3\3.12.0\commons-lang3-3.12.0.jar;C:\Users\Irina.Holovan\.m2\repository\io\rest-assured\rest-assured\5.3.0\rest-assured-5.3.0.jar;C:\Users\Irina.Holovan\.m2\repository\org\apache\groovy\groovy\4.0.6\groovy-4.0.6.jar;C:\Users\Irina.Holovan\.m2\repository\org\apache\groovy\groovy-xml\4.0.6\groovy-xml-4.0.6.jar;C:\Users\Irina.Holovan\.m2\repository\org\apache\httpcomponents\httpclient\4.5.13\httpclient-4.5.13.jar;C:\Users\Irina.Holovan\.m2\repository\org\apache\httpcomponents\httpcore\4.4.13\httpcore-4.4.13.jar;C:\Users\Irina.Holovan\.m2\repository\commons-logging\commons-logging\1.2\commons-logging-1.2.jar;C:\Users\Irina.Holovan\.m2\repository\commons-codec\commons-codec\1.11\commons-codec-1.11.jar;C:\Users\Irina.Holovan\.m2\repository\org\apache\httpcomponents\httpmime\4.5.13\httpmime-4.5.13.jar;C:\Users\Irina.Holovan\.m2\repository\org\hamcrest\hamcrest\2.1\hamcrest-2.1.jar;C:\Users\Irina.Holovan\.m2\repository\org\ccil\cowan\tagsoup\tagsoup\1.2.1\tagsoup-1.2.1.jar;C:\Users\Irina.Holovan\.m2\repository\io\rest-assured\json-path\5.3.0\json-path-5.3.0.jar;C:\Users\Irina.Holovan\.m2\repository\org\apache\groovy\groovy-json\4.0.6\groovy-json-4.0.6.jar;C:\Users\Irina.Holovan\.m2\repository\io\rest-assured\rest-assured-common\5.3.0\rest-assured-common-5.3.0.jar;C:\Users\Irina.Holovan\.m2\repository\io\rest-assured\xml-path\5.3.0\xml-path-5.3.0.jar;C:\Users\Irina.Holovan\.m2\repository\org\projectlombok\lombok\1.18.24\lombok-1.18.24.jar;C:\Users\Irina.Holovan\.m2\repository\com\fasterxml\jackson\core\jackson-annotations\2.14.1\jackson-annotations-2.14.1.jar;C:\Users\Irina.Holovan\.m2\repository\com\fasterxml\jackson\core\jackson-core\2.14.1\jackson-core-2.14.1.jar;C:\Users\Irina.Holovan\.m2\repository\com\fasterxml\jackson\core\jackson-databind\2.14.1\jackson-databind-2.14.1.jar;C:\Users\Irina.Holovan\.m2\repository\io\qameta\allure\allure-testng\2.13.2\allure-testng-2.13.2.jar;C:\Users\Irina.Holovan\.m2\repository\io\qameta\allure\allure-java-commons\2.13.2\allure-java-commons-2.13.2.jar;C:\Users\Irina.Holovan\.m2\repository\io\qameta\allure\allure-model\2.13.2\allure-model-2.13.2.jar;C:\Users\Irina.Holovan\.m2\repository\org\apache\tika\tika-core\1.20\tika-core-1.20.jar;C:\Users\Irina.Holovan\.m2\repository\org\jooq\joor-java-8\0.9.10\joor-java-8-0.9.10.jar;C:\Users\Irina.Holovan\.m2\repository\io\qameta\allure\allure-rest-assured\2.20.1\allure-rest-assured-2.20.1.jar;C:\Users\Irina.Holovan\.m2\repository\io\qameta\allure\allure-attachments\2.20.1\allure-attachments-2.20.1.jar;C:\Users\Irina.Holovan\.m2\repository\org\freemarker\freemarker\2.3.31\freemarker-2.3.31.jar;C:\Users\Irina.Holovan\.m2\repository\io\qameta\allure\allure-assertj\2.20.1\allure-assertj-2.20.1.jar;C:\Users\Irina.Holovan\.m2\repository\net\masterthought\cucumber-reporting\5.6.0\cucumber-reporting-5.6.0.jar;C:\Users\Irina.Holovan\.m2\repository\com\fasterxml\jackson\datatype\jackson-datatype-jsr310\2.12.1\jackson-datatype-jsr310-2.12.1.jar;C:\Users\Irina.Holovan\.m2\repository\org\apache\velocity\velocity-engine-core\2.3\velocity-engine-core-2.3.jar;C:\Users\Irina.Holovan\.m2\repository\commons-collections\commons-collections\3.2.2\commons-collections-3.2.2.jar;C:\Users\Irina.Holovan\.m2\repository\joda-time\joda-time\2.10.10\joda-time-2.10.10.jar;C:\Users\Irina.Holovan\.m2\repository\org\codehaus\plexus\plexus-utils\3.3.0\plexus-utils-3.3.0.jar;C:\Users\Irina.Holovan\.m2\repository\org\jsoup\jsoup\1.14.2\jsoup-1.14.2.jar;C:\Users\Irina.Holovan\.m2\repository\com\googlecode\owasp-java-html-sanitizer\owasp-java-html-sanitizer\20200713.1\owasp-java-html-sanitizer-20200713.1.jar;C:\Users\Irina.Holovan\.m2\repository\commons-configuration\commons-configuration\1.10\commons-configuration-1.10.jar;C:\Users\Irina.Holovan\.m2\repository\commons-lang\commons-lang\2.6\commons-lang-2.6.jar;C:\Users\Irina.Holovan\.m2\repository\net\masterthought\maven-cucumber-reporting\5.5.4\maven-cucumber-reporting-5.5.4.jar;C:\Users\Irina.Holovan\.m2\repository\org\apache\maven\maven-plugin-api\3.8.1\maven-plugin-api-3.8.1.jar;C:\Users\Irina.Holovan\.m2\repository\org\apache\maven\maven-model\3.8.1\maven-model-3.8.1.jar;C:\Users\Irina.Holovan\.m2\repository\org\apache\maven\maven-artifact\3.8.1\maven-artifact-3.8.1.jar;C:\Users\Irina.Holovan\.m2\repository\org\eclipse\sisu\org.eclipse.sisu.plexus\0.3.4\org.eclipse.sisu.plexus-0.3.4.jar;C:\Users\Irina.Holovan\.m2\repository\javax\enterprise\cdi-api\1.0\cdi-api-1.0.jar;C:\Users\Irina.Holovan\.m2\repository\javax\annotation\jsr250-api\1.0\jsr250-api-1.0.jar;C:\Users\Irina.Holovan\.m2\repository\javax\inject\javax.inject\1\javax.inject-1.jar;C:\Users\Irina.Holovan\.m2\repository\org\eclipse\sisu\org.eclipse.sisu.inject\0.3.4\org.eclipse.sisu.inject-0.3.4.jar;C:\Users\Irina.Holovan\.m2\repository\org\codehaus\plexus\plexus-component-annotations\1.5.5\plexus-component-annotations-1.5.5.jar;C:\Users\Irina.Holovan\.m2\repository\org\codehaus\plexus\plexus-classworlds\2.6.0\plexus-classworlds-2.6.0.jar;C:\Users\Irina.Holovan\.m2\repository\org\apache\maven\plugins\maven-gpg-plugin\1.6\maven-gpg-plugin-1.6.jar;C:\Users\Irina.Holovan\.m2\repository\org\apache\maven\maven-project\2.2.1\maven-project-2.2.1.jar;C:\Users\Irina.Holovan\.m2\repository\org\apache\maven\maven-settings\2.2.1\maven-settings-2.2.1.jar;C:\Users\Irina.Holovan\.m2\repository\org\apache\maven\maven-profile\2.2.1\maven-profile-2.2.1.jar;C:\Users\Irina.Holovan\.m2\repository\org\apache\maven\maven-artifact-manager\2.2.1\maven-artifact-manager-2.2.1.jar;C:\Users\Irina.Holovan\.m2\repository\org\apache\maven\wagon\wagon-provider-api\1.0-beta-6\wagon-provider-api-1.0-beta-6.jar;C:\Users\Irina.Holovan\.m2\repository\backport-util-concurrent\backport-util-concurrent\3.1\backport-util-concurrent-3.1.jar;C:\Users\Irina.Holovan\.m2\repository\org\apache\maven\maven-plugin-registry\2.2.1\maven-plugin-registry-2.2.1.jar;C:\Users\Irina.Holovan\.m2\repository\org\codehaus\plexus\plexus-interpolation\1.11\plexus-interpolation-1.11.jar;C:\Users\Irina.Holovan\.m2\repository\org\codehaus\plexus\plexus-container-default\1.0-alpha-9-stable-1\plexus-container-default-1.0-alpha-9-stable-1.jar;C:\Users\Irina.Holovan\.m2\repository\junit\junit\3.8.1\junit-3.8.1.jar;C:\Users\Irina.Holovan\.m2\repository\classworlds\classworlds\1.1-alpha-2\classworlds-1.1-alpha-2.jar;C:\Users\Irina.Holovan\.m2\repository\org\apache\maven\maven-repository-metadata\2.2.1\maven-repository-metadata-2.2.1.jar;C:\Users\Irina.Holovan\.m2\repository\org\sonatype\plexus\plexus-sec-dispatcher\1.4\plexus-sec-dispatcher-1.4.jar;C:\Users\Irina.Holovan\.m2\repository\org\sonatype\plexus\plexus-cipher\1.4\plexus-cipher-1.4.jar;C:\Users\Irina.Holovan\.m2\repository\tech\grasshopper\extent-pdf-report\1.7.4\extent-pdf-report-1.7.4.jar;C:\Users\Irina.Holovan\.m2\repository\tech\grasshopper\cucumber-pdf-report\2.2.4\cucumber-pdf-report-2.2.4.jar;C:\Users\Irina.Holovan\.m2\repository\org\apache\pdfbox\pdfbox\2.0.22\pdfbox-2.0.22.jar;C:\Users\Irina.Holovan\.m2\repository\org\apache\pdfbox\fontbox\2.0.22\fontbox-2.0.22.jar;C:\Users\Irina.Holovan\.m2\repository\org\knowm\xchart\xchart\3.8.0\xchart-3.8.0.jar;C:\Users\Irina.Holovan\.m2\repository\de\erichseifert\vectorgraphics2d\VectorGraphics2D\0.13\VectorGraphics2D-0.13.jar;C:\Users\Irina.Holovan\.m2\repository\de\rototor\pdfbox\graphics2d\0.30\graphics2d-0.30.jar;C:\Users\Irina.Holovan\.m2\repository\com\madgag\animated-gif-lib\1.4\animated-gif-lib-1.4.jar;C:\Users\Irina.Holovan\.m2\repository\org\yaml\snakeyaml\1.28\snakeyaml-1.28.jar;C:\Users\Irina.Holovan\.m2\repository\tech\grasshopper\table-layout\1.2.0\table-layout-1.2.0.jar;C:\Users\Irina.Holovan\.m2\repository\info\cukes\cucumber-java\1.2.5\cucumber-java-1.2.5.jar;C:\Users\Irina.Holovan\.m2\repository\info\cukes\cucumber-core\1.2.5\cucumber-core-1.2.5.jar;C:\Users\Irina.Holovan\.m2\repository\info\cukes\cucumber-html\0.2.3\cucumber-html-0.2.3.jar;C:\Users\Irina.Holovan\.m2\repository\info\cukes\cucumber-jvm-deps\1.0.5\cucumber-jvm-deps-1.0.5.jar;C:\Users\Irina.Holovan\.m2\repository\info\cukes\gherkin\2.12.2\gherkin-2.12.2.jar;C:\Users\Irina.Holovan\.m2\repository\com\aventstack\extentreports-cucumber4-adapter\1.0.7\extentreports-cucumber4-adapter-1.0.7.jar;C:\Users\Irina.Holovan\.m2\repository\com\aventstack\extentreports\4.0.9\extentreports-4.0.9.jar;C:\Users\Irina.Holovan\.m2\repository\org\mongodb\bson\3.3.0\bson-3.3.0.jar;C:\Users\Irina.Holovan\.m2\repository\org\mongodb\mongodb-driver\3.3.0\mongodb-driver-3.3.0.jar;C:\Users\Irina.Holovan\.m2\repository\org\mongodb\mongodb-driver-core\3.3.0\mongodb-driver-core-3.3.0.jar;C:\Users\Irina.Holovan\.m2\repository\tech\grasshopper\extentreports-cucumber6-adapter\2.13.0\extentreports-cucumber6-adapter-2.13.0.jar;C:\Users\Irina.Holovan\.m2\repository\com\aventstack\klov-reporter\5.0.9\klov-reporter-5.0.9.jar;C:\Users\Irina.Holovan\.m2\repository\tech\grasshopper\htmlextentreporter\1.0.1\htmlextentreporter-1.0.1.jar;C:\Users\Irina.Holovan\.m2\repository\org\aspectj\aspectjweaver\1.9.8\aspectjweaver-1.9.8.jar;C:\Users\Irina.Holovan\.m2\repository\org\json\json\20220320\json-20220320.jar;C:\Users\Irina.Holovan\.m2\repository\io\github\bonigarcia\webdrivermanager\5.3.2\webdrivermanager-5.3.2.jar;C:\Users\Irina.Holovan\.m2\repository\com\google\code\gson\gson\2.10.1\gson-2.10.1.jar;C:\Users\Irina.Holovan\.m2\repository\com\github\docker-java\docker-java\3.2.14\docker-java-3.2.14.jar;C:\Users\Irina.Holovan\.m2\repository\com\github\docker-java\docker-java-core\3.2.14\docker-java-core-3.2.14.jar;C:\Users\Irina.Holovan\.m2\repository\com\github\docker-java\docker-java-api\3.2.14\docker-java-api-3.2.14.jar;C:\Users\Irina.Holovan\.m2\repository\org\bouncycastle\bcpkix-jdk15on\1.64\bcpkix-jdk15on-1.64.jar;C:\Users\Irina.Holovan\.m2\repository\org\bouncycastle\bcprov-jdk15on\1.64\bcprov-jdk15on-1.64.jar;C:\Users\Irina.Holovan\.m2\repository\org\slf4j\jcl-over-slf4j\1.7.30\jcl-over-slf4j-1.7.30.jar;C:\Users\Irina.Holovan\.m2\repository\com\github\docker-java\docker-java-transport-httpclient5\3.2.14\docker-java-transport-httpclient5-3.2.14.jar;C:\Users\Irina.Holovan\.m2\repository\com\github\docker-java\docker-java-transport\3.2.14\docker-java-transport-3.2.14.jar;C:\Users\Irina.Holovan\.m2\repository\net\java\dev\jna\jna\5.12.1\jna-5.12.1.jar;C:\Users\Irina.Holovan\.m2\repository\org\brotli\dec\0.1.2\dec-0.1.2.jar;C:\Users\Irina.Holovan\.m2\repository\org\apache\httpcomponents\client5\httpclient5\5.2.1\httpclient5-5.2.1.jar;C:\Users\Irina.Holovan\.m2\repository\org\apache\httpcomponents\core5\httpcore5\5.2\httpcore5-5.2.jar;C:\Users\Irina.Holovan\.m2\repository\org\apache\httpcomponents\core5\httpcore5-h2\5.2\httpcore5-h2-5.2.jar;C:\Users\Irina.Holovan\.m2\repository\org\codehaus\groovy\groovy\3.0.12\groovy-3.0.12.jar;C:\Users\Irina.Holovan\.m2\repository\org\hamcrest\hamcrest-core\2.2\hamcrest-core-2.2.jar;C:\Users\Irina.Holovan\.m2\repository\org\aeonbits\owner\owner\1.0.12\owner-1.0.12.jar;C:\Users\Irina.Holovan\.m2\repository\com\microsoft\sqlserver\mssql-jdbc\9.4.0.jre8\mssql-jdbc-9.4.0.jre8.jar;C:\Users\Irina.Holovan\.m2\repository\io\cucumber\cucumber-java\7.10.1\cucumber-java-7.10.1.jar;C:\Users\Irina.Holovan\.m2\repository\org\apiguardian\apiguardian-api\1.1.2\apiguardian-api-1.1.2.jar;C:\Users\Irina.Holovan\.m2\repository\io\cucumber\cucumber-testng\7.10.1\cucumber-testng-7.10.1.jar;C:\Users\Irina.Holovan\.m2\repository\io\cucumber\cucumber-core\7.10.1\cucumber-core-7.10.1.jar;C:\Users\Irina.Holovan\.m2\repository\io\cucumber\cucumber-gherkin\7.10.1\cucumber-gherkin-7.10.1.jar;C:\Users\Irina.Holovan\.m2\repository\io\cucumber\cucumber-gherkin-messages\7.10.1\cucumber-gherkin-messages-7.10.1.jar;C:\Users\Irina.Holovan\.m2\repository\io\cucumber\gherkin\25.0.2\gherkin-25.0.2.jar;C:\Users\Irina.Holovan\.m2\repository\io\cucumber\messages\19.1.4\messages-19.1.4.jar;C:\Users\Irina.Holovan\.m2\repository\io\cucumber\tag-expressions\4.1.0\tag-expressions-4.1.0.jar;C:\Users\Irina.Holovan\.m2\repository\io\cucumber\cucumber-expressions\16.1.1\cucumber-expressions-16.1.1.jar;C:\Users\Irina.Holovan\.m2\repository\io\cucumber\datatable\7.10.1\datatable-7.10.1.jar;C:\Users\Irina.Holovan\.m2\repository\io\cucumber\cucumber-plugin\7.10.1\cucumber-plugin-7.10.1.jar;C:\Users\Irina.Holovan\.m2\repository\io\cucumber\docstring\7.10.1\docstring-7.10.1.jar;C:\Users\Irina.Holovan\.m2\repository\io\cucumber\html-formatter\20.2.0\html-formatter-20.2.0.jar;C:\Users\Irina.Holovan\.m2\repository\io\cucumber\ci-environment\9.1.0\ci-environment-9.1.0.jar;C:\Users\Irina.Holovan\.m2\repository\org\testng\testng\7.7.0\testng-7.7.0.jar;C:\Users\Irina.Holovan\.m2\repository\com\beust\jcommander\1.82\jcommander-1.82.jar;C:\Users\Irina.Holovan\.m2\repository\org\webjars\jquery\3.6.1\jquery-3.6.1.jar;C:\Users\Irina.Holovan\.m2\repository\com\nordstrom\tools\testng-foundation\2.0.1\testng-foundation-2.0.1.jar;C:\Users\Irina.Holovan\.m2\repository\com\nordstrom\tools\java-utils\1.9.3\java-utils-1.9.3.jar;C:\Users\Irina.Holovan\.m2\repository\com\nordstrom\tools\settings\2.3.3\settings-2.3.3.jar;C:\Users\Irina.Holovan\.m2\repository\ch\qos\logback\logback-classic\1.2.3\logback-classic-1.2.3.jar;C:\Users\Irina.Holovan\.m2\repository\ch\qos\logback\logback-core\1.2.3\logback-core-1.2.3.jar;C:\Users\Irina.Holovan\.m2\repository\org\apache\commons\commons-configuration2\2.3\commons-configuration2-2.3.jar;C:\Users\Irina.Holovan\.m2\repository\commons-beanutils\commons-beanutils\1.9.4\commons-beanutils-1.9.4.jar;C:\Users\Irina.Holovan\.m2\repository\commons-io\commons-io\2.11.0\commons-io-2.11.0.jar;C:\Users\Irina.Holovan\.m2\repository\com\sun\mail\javax.mail\1.6.2\javax.mail-1.6.2.jar;C:\Users\Irina.Holovan\.m2\repository\javax\activation\activation\1.1\activation-1.1.jar;"/>
    <property name="java.vm.vendor" value="Oracle Corporation"/>
    <property name="sun.arch.data.model" value="64"/>
    <property name="user.variant" value=""/>
    <property name="java.vendor.url" value="http://java.oracle.com/"/>
    <property name="user.timezone" value="Europe/Helsinki"/>
    <property name="suiteXmlFile" value="WorkQueueTestNGRunner.xml"/>
    <property name="java.vm.specification.version" value="11"/>
    <property name="os.name" value="Windows 10"/>
    <property name="sun.java.launcher" value="SUN_STANDARD"/>
    <property name="user.country" value="US"/>
    <property name="sun.boot.library.path" value="C:\Program Files\jdk-11.0.2\bin"/>
    <property name="sun.java.command" value="C:\Users\IRINA~1.HOL\AppData\Local\Temp\surefire8052720766996887127\surefirebooter16830016038482567293.jar C:\Users\Irina.Holovan\AppData\Local\Temp\surefire8052720766996887127 2023-07-17T17-46-24_499-jvmRun1 surefire3267391195153173240tmp surefire_07213334169706009737tmp"/>
    <property name="jdk.debug" value="release"/>
    <property name="surefire.test.class.path" value="C:\Users\Irina.Holovan\Documents\ignition-qa\AFS_Automation\WMS_Automation\target\test-classes;C:\Users\Irina.Holovan\Documents\ignition-qa\AFS_Automation\WMS_Automation\target\classes;C:\Users\Irina.Holovan\.m2\repository\org\assertj\assertj-core\3.24.1\assertj-core-3.24.1.jar;C:\Users\Irina.Holovan\.m2\repository\net\bytebuddy\byte-buddy\1.12.21\byte-buddy-1.12.21.jar;C:\Users\Irina.Holovan\.m2\repository\org\seleniumhq\selenium\selenium-java\4.8.0\selenium-java-4.8.0.jar;C:\Users\Irina.Holovan\.m2\repository\org\seleniumhq\selenium\selenium-api\4.8.0\selenium-api-4.8.0.jar;C:\Users\Irina.Holovan\.m2\repository\org\seleniumhq\selenium\selenium-chrome-driver\4.8.0\selenium-chrome-driver-4.8.0.jar;C:\Users\Irina.Holovan\.m2\repository\com\google\auto\service\auto-service-annotations\1.0.1\auto-service-annotations-1.0.1.jar;C:\Users\Irina.Holovan\.m2\repository\com\google\auto\service\auto-service\1.0.1\auto-service-1.0.1.jar;C:\Users\Irina.Holovan\.m2\repository\com\google\auto\auto-common\1.2\auto-common-1.2.jar;C:\Users\Irina.Holovan\.m2\repository\org\seleniumhq\selenium\selenium-chromium-driver\4.8.0\selenium-chromium-driver-4.8.0.jar;C:\Users\Irina.Holovan\.m2\repository\org\seleniumhq\selenium\selenium-json\4.8.0\selenium-json-4.8.0.jar;C:\Users\Irina.Holovan\.m2\repository\org\seleniumhq\selenium\selenium-devtools-v107\4.8.0\selenium-devtools-v107-4.8.0.jar;C:\Users\Irina.Holovan\.m2\repository\org\seleniumhq\selenium\selenium-devtools-v108\4.8.0\selenium-devtools-v108-4.8.0.jar;C:\Users\Irina.Holovan\.m2\repository\org\seleniumhq\selenium\selenium-devtools-v109\4.8.0\selenium-devtools-v109-4.8.0.jar;C:\Users\Irina.Holovan\.m2\repository\org\seleniumhq\selenium\selenium-devtools-v85\4.8.0\selenium-devtools-v85-4.8.0.jar;C:\Users\Irina.Holovan\.m2\repository\org\seleniumhq\selenium\selenium-edge-driver\4.8.0\selenium-edge-driver-4.8.0.jar;C:\Users\Irina.Holovan\.m2\repository\org\seleniumhq\selenium\selenium-firefox-driver\4.8.0\selenium-firefox-driver-4.8.0.jar;C:\Users\Irina.Holovan\.m2\repository\org\seleniumhq\selenium\selenium-http\4.8.0\selenium-http-4.8.0.jar;C:\Users\Irina.Holovan\.m2\repository\dev\failsafe\failsafe\3.3.0\failsafe-3.3.0.jar;C:\Users\Irina.Holovan\.m2\repository\org\seleniumhq\selenium\selenium-ie-driver\4.8.0\selenium-ie-driver-4.8.0.jar;C:\Users\Irina.Holovan\.m2\repository\org\seleniumhq\selenium\selenium-remote-driver\4.8.0\selenium-remote-driver-4.8.0.jar;C:\Users\Irina.Holovan\.m2\repository\io\netty\netty-buffer\4.1.87.Final\netty-buffer-4.1.87.Final.jar;C:\Users\Irina.Holovan\.m2\repository\io\netty\netty-codec-http\4.1.87.Final\netty-codec-http-4.1.87.Final.jar;C:\Users\Irina.Holovan\.m2\repository\io\netty\netty-codec\4.1.87.Final\netty-codec-4.1.87.Final.jar;C:\Users\Irina.Holovan\.m2\repository\io\netty\netty-handler\4.1.87.Final\netty-handler-4.1.87.Final.jar;C:\Users\Irina.Holovan\.m2\repository\io\netty\netty-common\4.1.87.Final\netty-common-4.1.87.Final.jar;C:\Users\Irina.Holovan\.m2\repository\io\netty\netty-transport-classes-epoll\4.1.87.Final\netty-transport-classes-epoll-4.1.87.Final.jar;C:\Users\Irina.Holovan\.m2\repository\io\netty\netty-transport-classes-kqueue\4.1.87.Final\netty-transport-classes-kqueue-4.1.87.Final.jar;C:\Users\Irina.Holovan\.m2\repository\io\netty\netty-transport-native-epoll\4.1.87.Final\netty-transport-native-epoll-4.1.87.Final.jar;C:\Users\Irina.Holovan\.m2\repository\io\netty\netty-transport-native-kqueue\4.1.87.Final\netty-transport-native-kqueue-4.1.87.Final.jar;C:\Users\Irina.Holovan\.m2\repository\io\netty\netty-transport-native-unix-common\4.1.87.Final\netty-transport-native-unix-common-4.1.87.Final.jar;C:\Users\Irina.Holovan\.m2\repository\io\netty\netty-transport\4.1.87.Final\netty-transport-4.1.87.Final.jar;C:\Users\Irina.Holovan\.m2\repository\io\netty\netty-resolver\4.1.87.Final\netty-resolver-4.1.87.Final.jar;C:\Users\Irina.Holovan\.m2\repository\io\opentelemetry\opentelemetry-api\1.22.0\opentelemetry-api-1.22.0.jar;C:\Users\Irina.Holovan\.m2\repository\io\opentelemetry\opentelemetry-context\1.22.0\opentelemetry-context-1.22.0.jar;C:\Users\Irina.Holovan\.m2\repository\io\opentelemetry\opentelemetry-exporter-logging\1.22.0\opentelemetry-exporter-logging-1.22.0.jar;C:\Users\Irina.Holovan\.m2\repository\io\opentelemetry\opentelemetry-sdk-metrics\1.22.0\opentelemetry-sdk-metrics-1.22.0.jar;C:\Users\Irina.Holovan\.m2\repository\io\opentelemetry\opentelemetry-sdk-logs\1.22.0-alpha\opentelemetry-sdk-logs-1.22.0-alpha.jar;C:\Users\Irina.Holovan\.m2\repository\io\opentelemetry\opentelemetry-api-logs\1.22.0-alpha\opentelemetry-api-logs-1.22.0-alpha.jar;C:\Users\Irina.Holovan\.m2\repository\io\opentelemetry\opentelemetry-sdk-common\1.22.0\opentelemetry-sdk-common-1.22.0.jar;C:\Users\Irina.Holovan\.m2\repository\io\opentelemetry\opentelemetry-sdk-extension-autoconfigure-spi\1.22.0\opentelemetry-sdk-extension-autoconfigure-spi-1.22.0.jar;C:\Users\Irina.Holovan\.m2\repository\io\opentelemetry\opentelemetry-sdk-extension-autoconfigure\1.22.0-alpha\opentelemetry-sdk-extension-autoconfigure-1.22.0-alpha.jar;C:\Users\Irina.Holovan\.m2\repository\io\opentelemetry\opentelemetry-sdk-trace\1.22.0\opentelemetry-sdk-trace-1.22.0.jar;C:\Users\Irina.Holovan\.m2\repository\io\opentelemetry\opentelemetry-sdk\1.22.0\opentelemetry-sdk-1.22.0.jar;C:\Users\Irina.Holovan\.m2\repository\io\opentelemetry\opentelemetry-semconv\1.22.0-alpha\opentelemetry-semconv-1.22.0-alpha.jar;C:\Users\Irina.Holovan\.m2\repository\io\ous\jtoml\2.0.0\jtoml-2.0.0.jar;C:\Users\Irina.Holovan\.m2\repository\org\apache\commons\commons-exec\1.3\commons-exec-1.3.jar;C:\Users\Irina.Holovan\.m2\repository\org\asynchttpclient\async-http-client\2.12.3\async-http-client-2.12.3.jar;C:\Users\Irina.Holovan\.m2\repository\org\asynchttpclient\async-http-client-netty-utils\2.12.3\async-http-client-netty-utils-2.12.3.jar;C:\Users\Irina.Holovan\.m2\repository\io\netty\netty-codec-socks\4.1.60.Final\netty-codec-socks-4.1.60.Final.jar;C:\Users\Irina.Holovan\.m2\repository\io\netty\netty-handler-proxy\4.1.60.Final\netty-handler-proxy-4.1.60.Final.jar;C:\Users\Irina.Holovan\.m2\repository\io\netty\netty-transport-native-epoll\4.1.60.Final\netty-transport-native-epoll-4.1.60.Final-linux-x86_64.jar;C:\Users\Irina.Holovan\.m2\repository\io\netty\netty-transport-native-kqueue\4.1.60.Final\netty-transport-native-kqueue-4.1.60.Final-osx-x86_64.jar;C:\Users\Irina.Holovan\.m2\repository\org\reactivestreams\reactive-streams\1.0.3\reactive-streams-1.0.3.jar;C:\Users\Irina.Holovan\.m2\repository\com\typesafe\netty\netty-reactive-streams\2.0.4\netty-reactive-streams-2.0.4.jar;C:\Users\Irina.Holovan\.m2\repository\com\sun\activation\jakarta.activation\1.2.2\jakarta.activation-1.2.2.jar;C:\Users\Irina.Holovan\.m2\repository\org\seleniumhq\selenium\selenium-manager\4.8.0\selenium-manager-4.8.0.jar;C:\Users\Irina.Holovan\.m2\repository\org\seleniumhq\selenium\selenium-safari-driver\4.8.0\selenium-safari-driver-4.8.0.jar;C:\Users\Irina.Holovan\.m2\repository\org\seleniumhq\selenium\selenium-support\4.8.0\selenium-support-4.8.0.jar;C:\Users\Irina.Holovan\.m2\repository\com\codeborne\selenide\6.8.0\selenide-6.8.0.jar;C:\Users\Irina.Holovan\.m2\repository\org\slf4j\slf4j-api\2.0.2\slf4j-api-2.0.2.jar;C:\Users\Irina.Holovan\.m2\repository\com\codeborne\selenide-core\6.8.0\selenide-core-6.8.0.jar;C:\Users\Irina.Holovan\.m2\repository\org\opentest4j\opentest4j\1.2.0\opentest4j-1.2.0.jar;C:\Users\Irina.Holovan\.m2\repository\org\apache\commons\commons-compress\1.21\commons-compress-1.21.jar;C:\Users\Irina.Holovan\.m2\repository\com\google\guava\guava\31.1-jre\guava-31.1-jre.jar;C:\Users\Irina.Holovan\.m2\repository\com\google\guava\failureaccess\1.0.1\failureaccess-1.0.1.jar;C:\Users\Irina.Holovan\.m2\repository\com\google\guava\listenablefuture\9999.0-empty-to-avoid-conflict-with-guava\listenablefuture-9999.0-empty-to-avoid-conflict-with-guava.jar;C:\Users\Irina.Holovan\.m2\repository\com\google\code\findbugs\jsr305\3.0.2\jsr305-3.0.2.jar;C:\Users\Irina.Holovan\.m2\repository\org\checkerframework\checker-qual\3.12.0\checker-qual-3.12.0.jar;C:\Users\Irina.Holovan\.m2\repository\com\google\errorprone\error_prone_annotations\2.11.0\error_prone_annotations-2.11.0.jar;C:\Users\Irina.Holovan\.m2\repository\com\google\j2objc\j2objc-annotations\1.3\j2objc-annotations-1.3.jar;C:\Users\Irina.Holovan\.m2\repository\org\apache\commons\commons-lang3\3.12.0\commons-lang3-3.12.0.jar;C:\Users\Irina.Holovan\.m2\repository\io\rest-assured\rest-assured\5.3.0\rest-assured-5.3.0.jar;C:\Users\Irina.Holovan\.m2\repository\org\apache\groovy\groovy\4.0.6\groovy-4.0.6.jar;C:\Users\Irina.Holovan\.m2\repository\org\apache\groovy\groovy-xml\4.0.6\groovy-xml-4.0.6.jar;C:\Users\Irina.Holovan\.m2\repository\org\apache\httpcomponents\httpclient\4.5.13\httpclient-4.5.13.jar;C:\Users\Irina.Holovan\.m2\repository\org\apache\httpcomponents\httpcore\4.4.13\httpcore-4.4.13.jar;C:\Users\Irina.Holovan\.m2\repository\commons-logging\commons-logging\1.2\commons-logging-1.2.jar;C:\Users\Irina.Holovan\.m2\repository\commons-codec\commons-codec\1.11\commons-codec-1.11.jar;C:\Users\Irina.Holovan\.m2\repository\org\apache\httpcomponents\httpmime\4.5.13\httpmime-4.5.13.jar;C:\Users\Irina.Holovan\.m2\repository\org\hamcrest\hamcrest\2.1\hamcrest-2.1.jar;C:\Users\Irina.Holovan\.m2\repository\org\ccil\cowan\tagsoup\tagsoup\1.2.1\tagsoup-1.2.1.jar;C:\Users\Irina.Holovan\.m2\repository\io\rest-assured\json-path\5.3.0\json-path-5.3.0.jar;C:\Users\Irina.Holovan\.m2\repository\org\apache\groovy\groovy-json\4.0.6\groovy-json-4.0.6.jar;C:\Users\Irina.Holovan\.m2\repository\io\rest-assured\rest-assured-common\5.3.0\rest-assured-common-5.3.0.jar;C:\Users\Irina.Holovan\.m2\repository\io\rest-assured\xml-path\5.3.0\xml-path-5.3.0.jar;C:\Users\Irina.Holovan\.m2\repository\org\projectlombok\lombok\1.18.24\lombok-1.18.24.jar;C:\Users\Irina.Holovan\.m2\repository\com\fasterxml\jackson\core\jackson-annotations\2.14.1\jackson-annotations-2.14.1.jar;C:\Users\Irina.Holovan\.m2\repository\com\fasterxml\jackson\core\jackson-core\2.14.1\jackson-core-2.14.1.jar;C:\Users\Irina.Holovan\.m2\repository\com\fasterxml\jackson\core\jackson-databind\2.14.1\jackson-databind-2.14.1.jar;C:\Users\Irina.Holovan\.m2\repository\io\qameta\allure\allure-testng\2.13.2\allure-testng-2.13.2.jar;C:\Users\Irina.Holovan\.m2\repository\io\qameta\allure\allure-java-commons\2.13.2\allure-java-commons-2.13.2.jar;C:\Users\Irina.Holovan\.m2\repository\io\qameta\allure\allure-model\2.13.2\allure-model-2.13.2.jar;C:\Users\Irina.Holovan\.m2\repository\org\apache\tika\tika-core\1.20\tika-core-1.20.jar;C:\Users\Irina.Holovan\.m2\repository\org\jooq\joor-java-8\0.9.10\joor-java-8-0.9.10.jar;C:\Users\Irina.Holovan\.m2\repository\io\qameta\allure\allure-rest-assured\2.20.1\allure-rest-assured-2.20.1.jar;C:\Users\Irina.Holovan\.m2\repository\io\qameta\allure\allure-attachments\2.20.1\allure-attachments-2.20.1.jar;C:\Users\Irina.Holovan\.m2\repository\org\freemarker\freemarker\2.3.31\freemarker-2.3.31.jar;C:\Users\Irina.Holovan\.m2\repository\io\qameta\allure\allure-assertj\2.20.1\allure-assertj-2.20.1.jar;C:\Users\Irina.Holovan\.m2\repository\net\masterthought\cucumber-reporting\5.6.0\cucumber-reporting-5.6.0.jar;C:\Users\Irina.Holovan\.m2\repository\com\fasterxml\jackson\datatype\jackson-datatype-jsr310\2.12.1\jackson-datatype-jsr310-2.12.1.jar;C:\Users\Irina.Holovan\.m2\repository\org\apache\velocity\velocity-engine-core\2.3\velocity-engine-core-2.3.jar;C:\Users\Irina.Holovan\.m2\repository\commons-collections\commons-collections\3.2.2\commons-collections-3.2.2.jar;C:\Users\Irina.Holovan\.m2\repository\joda-time\joda-time\2.10.10\joda-time-2.10.10.jar;C:\Users\Irina.Holovan\.m2\repository\org\codehaus\plexus\plexus-utils\3.3.0\plexus-utils-3.3.0.jar;C:\Users\Irina.Holovan\.m2\repository\org\jsoup\jsoup\1.14.2\jsoup-1.14.2.jar;C:\Users\Irina.Holovan\.m2\repository\com\googlecode\owasp-java-html-sanitizer\owasp-java-html-sanitizer\20200713.1\owasp-java-html-sanitizer-20200713.1.jar;C:\Users\Irina.Holovan\.m2\repository\commons-configuration\commons-configuration\1.10\commons-configuration-1.10.jar;C:\Users\Irina.Holovan\.m2\repository\commons-lang\commons-lang\2.6\commons-lang-2.6.jar;C:\Users\Irina.Holovan\.m2\repository\net\masterthought\maven-cucumber-reporting\5.5.4\maven-cucumber-reporting-5.5.4.jar;C:\Users\Irina.Holovan\.m2\repository\org\apache\maven\maven-plugin-api\3.8.1\maven-plugin-api-3.8.1.jar;C:\Users\Irina.Holovan\.m2\repository\org\apache\maven\maven-model\3.8.1\maven-model-3.8.1.jar;C:\Users\Irina.Holovan\.m2\repository\org\apache\maven\maven-artifact\3.8.1\maven-artifact-3.8.1.jar;C:\Users\Irina.Holovan\.m2\repository\org\eclipse\sisu\org.eclipse.sisu.plexus\0.3.4\org.eclipse.sisu.plexus-0.3.4.jar;C:\Users\Irina.Holovan\.m2\repository\javax\enterprise\cdi-api\1.0\cdi-api-1.0.jar;C:\Users\Irina.Holovan\.m2\repository\javax\annotation\jsr250-api\1.0\jsr250-api-1.0.jar;C:\Users\Irina.Holovan\.m2\repository\javax\inject\javax.inject\1\javax.inject-1.jar;C:\Users\Irina.Holovan\.m2\repository\org\eclipse\sisu\org.eclipse.sisu.inject\0.3.4\org.eclipse.sisu.inject-0.3.4.jar;C:\Users\Irina.Holovan\.m2\repository\org\codehaus\plexus\plexus-component-annotations\1.5.5\plexus-component-annotations-1.5.5.jar;C:\Users\Irina.Holovan\.m2\repository\org\codehaus\plexus\plexus-classworlds\2.6.0\plexus-classworlds-2.6.0.jar;C:\Users\Irina.Holovan\.m2\repository\org\apache\maven\plugins\maven-gpg-plugin\1.6\maven-gpg-plugin-1.6.jar;C:\Users\Irina.Holovan\.m2\repository\org\apache\maven\maven-project\2.2.1\maven-project-2.2.1.jar;C:\Users\Irina.Holovan\.m2\repository\org\apache\maven\maven-settings\2.2.1\maven-settings-2.2.1.jar;C:\Users\Irina.Holovan\.m2\repository\org\apache\maven\maven-profile\2.2.1\maven-profile-2.2.1.jar;C:\Users\Irina.Holovan\.m2\repository\org\apache\maven\maven-artifact-manager\2.2.1\maven-artifact-manager-2.2.1.jar;C:\Users\Irina.Holovan\.m2\repository\org\apache\maven\wagon\wagon-provider-api\1.0-beta-6\wagon-provider-api-1.0-beta-6.jar;C:\Users\Irina.Holovan\.m2\repository\backport-util-concurrent\backport-util-concurrent\3.1\backport-util-concurrent-3.1.jar;C:\Users\Irina.Holovan\.m2\repository\org\apache\maven\maven-plugin-registry\2.2.1\maven-plugin-registry-2.2.1.jar;C:\Users\Irina.Holovan\.m2\repository\org\codehaus\plexus\plexus-interpolation\1.11\plexus-interpolation-1.11.jar;C:\Users\Irina.Holovan\.m2\repository\org\codehaus\plexus\plexus-container-default\1.0-alpha-9-stable-1\plexus-container-default-1.0-alpha-9-stable-1.jar;C:\Users\Irina.Holovan\.m2\repository\junit\junit\3.8.1\junit-3.8.1.jar;C:\Users\Irina.Holovan\.m2\repository\classworlds\classworlds\1.1-alpha-2\classworlds-1.1-alpha-2.jar;C:\Users\Irina.Holovan\.m2\repository\org\apache\maven\maven-repository-metadata\2.2.1\maven-repository-metadata-2.2.1.jar;C:\Users\Irina.Holovan\.m2\repository\org\sonatype\plexus\plexus-sec-dispatcher\1.4\plexus-sec-dispatcher-1.4.jar;C:\Users\Irina.Holovan\.m2\repository\org\sonatype\plexus\plexus-cipher\1.4\plexus-cipher-1.4.jar;C:\Users\Irina.Holovan\.m2\repository\tech\grasshopper\extent-pdf-report\1.7.4\extent-pdf-report-1.7.4.jar;C:\Users\Irina.Holovan\.m2\repository\tech\grasshopper\cucumber-pdf-report\2.2.4\cucumber-pdf-report-2.2.4.jar;C:\Users\Irina.Holovan\.m2\repository\org\apache\pdfbox\pdfbox\2.0.22\pdfbox-2.0.22.jar;C:\Users\Irina.Holovan\.m2\repository\org\apache\pdfbox\fontbox\2.0.22\fontbox-2.0.22.jar;C:\Users\Irina.Holovan\.m2\repository\org\knowm\xchart\xchart\3.8.0\xchart-3.8.0.jar;C:\Users\Irina.Holovan\.m2\repository\de\erichseifert\vectorgraphics2d\VectorGraphics2D\0.13\VectorGraphics2D-0.13.jar;C:\Users\Irina.Holovan\.m2\repository\de\rototor\pdfbox\graphics2d\0.30\graphics2d-0.30.jar;C:\Users\Irina.Holovan\.m2\repository\com\madgag\animated-gif-lib\1.4\animated-gif-lib-1.4.jar;C:\Users\Irina.Holovan\.m2\repository\org\yaml\snakeyaml\1.28\snakeyaml-1.28.jar;C:\Users\Irina.Holovan\.m2\repository\tech\grasshopper\table-layout\1.2.0\table-layout-1.2.0.jar;C:\Users\Irina.Holovan\.m2\repository\info\cukes\cucumber-java\1.2.5\cucumber-java-1.2.5.jar;C:\Users\Irina.Holovan\.m2\repository\info\cukes\cucumber-core\1.2.5\cucumber-core-1.2.5.jar;C:\Users\Irina.Holovan\.m2\repository\info\cukes\cucumber-html\0.2.3\cucumber-html-0.2.3.jar;C:\Users\Irina.Holovan\.m2\repository\info\cukes\cucumber-jvm-deps\1.0.5\cucumber-jvm-deps-1.0.5.jar;C:\Users\Irina.Holovan\.m2\repository\info\cukes\gherkin\2.12.2\gherkin-2.12.2.jar;C:\Users\Irina.Holovan\.m2\repository\com\aventstack\extentreports-cucumber4-adapter\1.0.7\extentreports-cucumber4-adapter-1.0.7.jar;C:\Users\Irina.Holovan\.m2\repository\com\aventstack\extentreports\4.0.9\extentreports-4.0.9.jar;C:\Users\Irina.Holovan\.m2\repository\org\mongodb\bson\3.3.0\bson-3.3.0.jar;C:\Users\Irina.Holovan\.m2\repository\org\mongodb\mongodb-driver\3.3.0\mongodb-driver-3.3.0.jar;C:\Users\Irina.Holovan\.m2\repository\org\mongodb\mongodb-driver-core\3.3.0\mongodb-driver-core-3.3.0.jar;C:\Users\Irina.Holovan\.m2\repository\tech\grasshopper\extentreports-cucumber6-adapter\2.13.0\extentreports-cucumber6-adapter-2.13.0.jar;C:\Users\Irina.Holovan\.m2\repository\com\aventstack\klov-reporter\5.0.9\klov-reporter-5.0.9.jar;C:\Users\Irina.Holovan\.m2\repository\tech\grasshopper\htmlextentreporter\1.0.1\htmlextentreporter-1.0.1.jar;C:\Users\Irina.Holovan\.m2\repository\org\aspectj\aspectjweaver\1.9.8\aspectjweaver-1.9.8.jar;C:\Users\Irina.Holovan\.m2\repository\org\json\json\20220320\json-20220320.jar;C:\Users\Irina.Holovan\.m2\repository\io\github\bonigarcia\webdrivermanager\5.3.2\webdrivermanager-5.3.2.jar;C:\Users\Irina.Holovan\.m2\repository\com\google\code\gson\gson\2.10.1\gson-2.10.1.jar;C:\Users\Irina.Holovan\.m2\repository\com\github\docker-java\docker-java\3.2.14\docker-java-3.2.14.jar;C:\Users\Irina.Holovan\.m2\repository\com\github\docker-java\docker-java-core\3.2.14\docker-java-core-3.2.14.jar;C:\Users\Irina.Holovan\.m2\repository\com\github\docker-java\docker-java-api\3.2.14\docker-java-api-3.2.14.jar;C:\Users\Irina.Holovan\.m2\repository\org\bouncycastle\bcpkix-jdk15on\1.64\bcpkix-jdk15on-1.64.jar;C:\Users\Irina.Holovan\.m2\repository\org\bouncycastle\bcprov-jdk15on\1.64\bcprov-jdk15on-1.64.jar;C:\Users\Irina.Holovan\.m2\repository\org\slf4j\jcl-over-slf4j\1.7.30\jcl-over-slf4j-1.7.30.jar;C:\Users\Irina.Holovan\.m2\repository\com\github\docker-java\docker-java-transport-httpclient5\3.2.14\docker-java-transport-httpclient5-3.2.14.jar;C:\Users\Irina.Holovan\.m2\repository\com\github\docker-java\docker-java-transport\3.2.14\docker-java-transport-3.2.14.jar;C:\Users\Irina.Holovan\.m2\repository\net\java\dev\jna\jna\5.12.1\jna-5.12.1.jar;C:\Users\Irina.Holovan\.m2\repository\org\brotli\dec\0.1.2\dec-0.1.2.jar;C:\Users\Irina.Holovan\.m2\repository\org\apache\httpcomponents\client5\httpclient5\5.2.1\httpclient5-5.2.1.jar;C:\Users\Irina.Holovan\.m2\repository\org\apache\httpcomponents\core5\httpcore5\5.2\httpcore5-5.2.jar;C:\Users\Irina.Holovan\.m2\repository\org\apache\httpcomponents\core5\httpcore5-h2\5.2\httpcore5-h2-5.2.jar;C:\Users\Irina.Holovan\.m2\repository\org\codehaus\groovy\groovy\3.0.12\groovy-3.0.12.jar;C:\Users\Irina.Holovan\.m2\repository\org\hamcrest\hamcrest-core\2.2\hamcrest-core-2.2.jar;C:\Users\Irina.Holovan\.m2\repository\org\aeonbits\owner\owner\1.0.12\owner-1.0.12.jar;C:\Users\Irina.Holovan\.m2\repository\com\microsoft\sqlserver\mssql-jdbc\9.4.0.jre8\mssql-jdbc-9.4.0.jre8.jar;C:\Users\Irina.Holovan\.m2\repository\io\cucumber\cucumber-java\7.10.1\cucumber-java-7.10.1.jar;C:\Users\Irina.Holovan\.m2\repository\org\apiguardian\apiguardian-api\1.1.2\apiguardian-api-1.1.2.jar;C:\Users\Irina.Holovan\.m2\repository\io\cucumber\cucumber-testng\7.10.1\cucumber-testng-7.10.1.jar;C:\Users\Irina.Holovan\.m2\repository\io\cucumber\cucumber-core\7.10.1\cucumber-core-7.10.1.jar;C:\Users\Irina.Holovan\.m2\repository\io\cucumber\cucumber-gherkin\7.10.1\cucumber-gherkin-7.10.1.jar;C:\Users\Irina.Holovan\.m2\repository\io\cucumber\cucumber-gherkin-messages\7.10.1\cucumber-gherkin-messages-7.10.1.jar;C:\Users\Irina.Holovan\.m2\repository\io\cucumber\gherkin\25.0.2\gherkin-25.0.2.jar;C:\Users\Irina.Holovan\.m2\repository\io\cucumber\messages\19.1.4\messages-19.1.4.jar;C:\Users\Irina.Holovan\.m2\repository\io\cucumber\tag-expressions\4.1.0\tag-expressions-4.1.0.jar;C:\Users\Irina.Holovan\.m2\repository\io\cucumber\cucumber-expressions\16.1.1\cucumber-expressions-16.1.1.jar;C:\Users\Irina.Holovan\.m2\repository\io\cucumber\datatable\7.10.1\datatable-7.10.1.jar;C:\Users\Irina.Holovan\.m2\repository\io\cucumber\cucumber-plugin\7.10.1\cucumber-plugin-7.10.1.jar;C:\Users\Irina.Holovan\.m2\repository\io\cucumber\docstring\7.10.1\docstring-7.10.1.jar;C:\Users\Irina.Holovan\.m2\repository\io\cucumber\html-formatter\20.2.0\html-formatter-20.2.0.jar;C:\Users\Irina.Holovan\.m2\repository\io\cucumber\ci-environment\9.1.0\ci-environment-9.1.0.jar;C:\Users\Irina.Holovan\.m2\repository\org\testng\testng\7.7.0\testng-7.7.0.jar;C:\Users\Irina.Holovan\.m2\repository\com\beust\jcommander\1.82\jcommander-1.82.jar;C:\Users\Irina.Holovan\.m2\repository\org\webjars\jquery\3.6.1\jquery-3.6.1.jar;C:\Users\Irina.Holovan\.m2\repository\com\nordstrom\tools\testng-foundation\2.0.1\testng-foundation-2.0.1.jar;C:\Users\Irina.Holovan\.m2\repository\com\nordstrom\tools\java-utils\1.9.3\java-utils-1.9.3.jar;C:\Users\Irina.Holovan\.m2\repository\com\nordstrom\tools\settings\2.3.3\settings-2.3.3.jar;C:\Users\Irina.Holovan\.m2\repository\ch\qos\logback\logback-classic\1.2.3\logback-classic-1.2.3.jar;C:\Users\Irina.Holovan\.m2\repository\ch\qos\logback\logback-core\1.2.3\logback-core-1.2.3.jar;C:\Users\Irina.Holovan\.m2\repository\org\apache\commons\commons-configuration2\2.3\commons-configuration2-2.3.jar;C:\Users\Irina.Holovan\.m2\repository\commons-beanutils\commons-beanutils\1.9.4\commons-beanutils-1.9.4.jar;C:\Users\Irina.Holovan\.m2\repository\commons-io\commons-io\2.11.0\commons-io-2.11.0.jar;C:\Users\Irina.Holovan\.m2\repository\com\sun\mail\javax.mail\1.6.2\javax.mail-1.6.2.jar;C:\Users\Irina.Holovan\.m2\repository\javax\activation\activation\1.1\activation-1.1.jar;"/>
    <property name="sun.cpu.endian" value="little"/>
    <property name="allure.results.directory" value="C:\Users\Irina.Holovan\Documents\ignition-qa\AFS_Automation\WMS_Automation/target/allure-results"/>
    <property name="user.home" value="C:\Users\Irina.Holovan"/>
    <property name="user.language" value="en"/>
    <property name="java.specification.vendor" value="Oracle Corporation"/>
    <property name="java.version.date" value="2019-01-15"/>
    <property name="java.home" value="C:\Program Files\jdk-11.0.2"/>
    <property name="file.separator" value="\"/>
    <property name="basedir" value="C:\Users\Irina.Holovan\Documents\ignition-qa\AFS_Automation\WMS_Automation"/>
    <property name="java.vm.compressedOopsMode" value="Zero based"/>
    <property name="line.separator" value="&#10;"/>
    <property name="java.specification.name" value="Java Platform API Specification"/>
    <property name="java.vm.specification.vendor" value="Oracle Corporation"/>
    <property name="java.awt.graphicsenv" value="sun.awt.Win32GraphicsEnvironment"/>
    <property name="surefire.real.class.path" value="C:\Users\IRINA~1.HOL\AppData\Local\Temp\surefire8052720766996887127\surefirebooter16830016038482567293.jar"/>
    <property name="user.script" value=""/>
    <property name="sun.management.compiler" value="HotSpot 64-Bit Tiered Compilers"/>
    <property name="java.runtime.version" value="11.0.2+9"/>
    <property name="user.name" value="Irina.Holovan"/>
    <property name="path.separator" value=";"/>
    <property name="os.version" value="10.0"/>
    <property name="java.runtime.name" value="OpenJDK Runtime Environment"/>
    <property name="file.encoding" value="Cp1251"/>
    <property name="java.vm.name" value="OpenJDK 64-Bit Server VM"/>
    <property name="java.vendor.version" value="18.9"/>
    <property name="localRepository" value="C:\Users\Irina.Holovan\.m2\repository"/>
    <property name="java.vendor.url.bug" value="http://bugreport.java.com/bugreport/"/>
    <property name="java.io.tmpdir" value="C:\Users\IRINA~1.HOL\AppData\Local\Temp\"/>
    <property name="java.version" value="11.0.2"/>
    <property name="user.dir" value="C:\Users\Irina.Holovan\Documents\ignition-qa\AFS_Automation\WMS_Automation"/>
    <property name="os.arch" value="amd64"/>
    <property name="java.vm.specification.name" value="Java Virtual Machine Specification"/>
    <property name="java.awt.printerjob" value="sun.awt.windows.WPrinterJob"/>
    <property name="sun.os.patch.level" value=""/>
    <property name="java.library.path" value="C:\Program Files\jdk-11.0.2\bin;C:\WINDOWS\Sun\Java\bin;C:\WINDOWS\system32;C:\WINDOWS;C:\Windows\system32;C:\Windows;C:\Windows\System32\Wbem;C:\Windows\System32\WindowsPowerShell\v1.0\;C:\Windows\System32\OpenSSH\;C:\Program Files\Java\jdk1.8.0_202\bin;C:\Program Files\TortoiseSVN\bin;C:\Program Files\Microsoft SQL Server\150\Tools\Binn\;C:\Program Files\Microsoft SQL Server\130\Tools\Binn\;C:\Program Files (x86)\Microsoft SQL Server\150\DTS\Binn\;C:\Program Files\Azure Data Studio\bin;C:\Users\Irina.Holovan\Documents\gradle-6.6.1\bin;C:\Program Files\apache-maven-3.8.4\bin;%JAVA_HOME%\bin;C:\Program Files\Git\cmd;;C:\WINDOWS\system32;C:\WINDOWS;C:\WINDOWS\System32\Wbem;C:\WINDOWS\System32\WindowsPowerShell\v1.0\;C:\WINDOWS\System32\OpenSSH\;C:\Users\Irina.Holovan\AppData\Local\Microsoft\WindowsApps;C:\Users\Irina.Holovan\.dotnet\tools;C:\Program Files\Azure Data Studio\bin;C:\Users\Irina.Holovan\AppData\Local\Programs\Fiddler;C:\Users\Irina.Holovan\AppData\Local\GitHubDesktop\bin;%USERPROFILE%\AppData\Local\Microsoft\WindowsApps;;."/>
    <property name="java.vendor" value="Oracle Corporation"/>
    <property name="java.vm.info" value="mixed mode"/>
    <property name="java.vm.version" value="11.0.2+9"/>
    <property name="sun.io.unicode.encoding" value="UnicodeLittle"/>
    <property name="java.class.version" value="55.0"/>
  </properties>
  <testcase name="runScenario" classname="runners.WorkQueueCucumberRunner" time="91.107"/>
  <testcase name="runScenario" classname="runners.WorkQueueCucumberRunner" time="84.921"/>
  <testcase name="runScenario" classname="runners.WorkQueueCucumberRunner" time="78.03"/>
  <testcase name="runScenario" classname="runners.WorkQueueCucumberRunner" time="74.579"/>
  <testcase name="runScenario" classname="runners.WorkQueueCucumberRunner" time="71.535"/>
  <testcase name="runScenario" classname="runners.WorkQueueCucumberRunner" time="78.904"/>
  <testcase name="runScenario" classname="runners.WorkQueueCucumberRunner" time="81.435"/>
  <testcase name="runScenario" classname="runners.WorkQueueCucumberRunner" time="85.081"/>
  <testcase name="runScenario" classname="runners.WorkQueueCucumberRunner" time="83.149"/>
  <testcase name="runScenario" classname="runners.WorkQueueCucumberRunner" time="77.329">
    <failure message="The following asserts failed:&#10;	Items Found is 0 expected [true] but found [false]" type="java.lang.AssertionError">java.lang.AssertionError: 
The following asserts failed:
	Items Found is 0 expected [true] but found [false]
</failure>
    <system-out><![CDATA[ createdDriver ChromeDriver: chrome on WINDOWS (437e09d2a0bd81ebad070a32735438c8)
 driverThreadLocal  java.lang.ThreadLocal@64dc86c6

@WorkQueue @Regression
Scenario: Checking Filter option Assign to of Work Queue Assignments screen functionality # src/test/resources/features/workqueue/assignmentlist/filteroption/WorkQueueFilterOptionScreen.feature:138
  Given User signs in the application                                                     # steps.LoginPageSteps.loginToApplication()
  And Main page is loaded                                                                 # steps.DockManagementSummaryPageSteps.goToDockManagementSummaryPage()
  And DockManagement Summary Page is validated                                            # steps.validations.DockManagementSummaryPageValidations.validateDockManagementSummaryPage()
  And Go to Work Queue Assignments page                                                   # steps.DockManagementSummaryPageSteps.goToWorkQueueAssignmentsPage()
  And Waits for Work Queue Assignments page to load                                       # steps.workqueue.filteroption.WorkQueueAssignmentsPageSteps.waitForWorkQueueAssignmentsPageToLoad()
  When User clicks Add Filter on Work Queue Assignments page                              # steps.workqueue.filteroption.WorkQueueAssignmentsPageSteps.clickAddFilter()
  And User clicks Clear All on Work Queue Assignments page                                # steps.workqueue.filteroption.WorkQueueAssignmentsPageSteps.clickClearAllButton()
  Then User clicks Add Filter on Work Queue Assignments page                              # steps.workqueue.filteroption.WorkQueueAssignmentsPageSteps.clickAddFilter()
  And User checks Assign To Filter on Work Queue Assignments page                         # steps.workqueue.filteroption.WorkQueueAssignmentsPageSteps.checkAssignToFilterCheckBox()
  And Types filter "FRANR - Fran Rifkin" on Work Queue Assignments page                   # steps.workqueue.filteroption.WorkQueueAssignmentsPageSteps.typeFilter(java.lang.String)
  And Clicks Apply button on Work Queue Assignments page                                  # steps.workqueue.filteroption.WorkQueueAssignmentsPageSteps.clickApplyButton()
  And User clicks Assignments Title on Work Queue Assignments page                        # steps.workqueue.filteroption.WorkQueueAssignmentsPageSteps.clickAssignmentsTitle()
  And Validates Grid items are present on Work Queue Assignments page                     # steps.validations.workqueue.filteroption.WorkQueueAssignmentsPageValidations.validateGridItemsPresent()
      java.lang.AssertionError: The following asserts failed:
	Items Found is 0 expected [true] but found [false]
	at org.testng.asserts.SoftAssert.assertAll(SoftAssert.java:46)
	at org.testng.asserts.SoftAssert.assertAll(SoftAssert.java:30)
	at steps.validations.workqueue.filteroption.WorkQueueAssignmentsPageValidations.validateGridItemsPresent(WorkQueueAssignmentsPageValidations.java:30)
	at вњЅ.Validates Grid items are present on Work Queue Assignments page(file:///C:/Users/Irina.Holovan/Documents/ignition-qa/AFS_Automation/WMS_Automation/src/test/resources/features/workqueue/assignmentlist/filteroption/WorkQueueFilterOptionScreen.feature:151)

]]></system-out>
    <system-err><![CDATA[Jul 17, 2023 6:00:39 PM org.openqa.selenium.remote.RemoteWebDriver checkNonW3CCapabilities
WARNING: Support for Legacy Capabilities is deprecated; You are sending the following invalid capabilities: [download.directory_upgrade, download.prompt_for_download, safebrowsing.enabled]; Please update to W3C Syntax: https://www.selenium.dev/blog/2022/legacy-protocol-support/
Starting ChromeDriver 114.0.5735.90 (386bc09e8f4f2e025eddae123f36f6263096ae49-refs/branch-heads/5735@{#1052}) on port 24126
Only local connections are allowed.
Please see https://chromedriver.chromium.org/security-considerations for suggestions on keeping ChromeDriver safe.
ChromeDriver was started successfully.
Jul 17, 2023 6:00:40 PM org.openqa.selenium.remote.ProtocolHandshake createSession
WARNING: Support for Legacy Capabilities is deprecated; You are sending the following invalid capabilities: [download.directory_upgrade, download.prompt_for_download, safebrowsing.enabled]; Please update to W3C Syntax: https://www.selenium.dev/blog/2022/legacy-protocol-support/
Jul 17, 2023 6:00:40 PM org.openqa.selenium.devtools.CdpVersionFinder findNearestMatch
WARNING: Unable to find CDP implementation matching 114
Jul 17, 2023 6:00:40 PM org.openqa.selenium.chromium.ChromiumDriver lambda$new$3
WARNING: Unable to find version of CDP to use for . You may need to include a dependency on a specific version of the CDP using something similar to `org.seleniumhq.selenium:selenium-devtools-v86:4.8.0` where the version ("v86") matches the version of the chromium-based browser you're using and the version number of the artifact is the same as Selenium's.
]]></system-err>
  </testcase>
  <testcase name="runScenario" classname="runners.WorkQueueCucumberRunner" time="74.547"/>
  <testcase name="runScenario" classname="runners.WorkQueueCucumberRunner" time="83.691"/>
  <testcase name="runScenario" classname="runners.WorkQueueCucumberRunner" time="76.858"/>
  <testcase name="runScenario" classname="runners.WorkQueueCucumberRunner" time="72.456"/>
  <testcase name="runScenario" classname="runners.WorkQueueCucumberRunner" time="82.523"/>
  <testcase name="runScenario" classname="runners.WorkQueueCucumberRunner" time="186.14">
    <failure message="Expected condition failed: waiting for visibility of element located by By.xpath: //input[contains(@id, &apos;Pick Dry&apos;)] (tried for 100 second(s) with 1000 milliseconds interval)&#10;Build info: version: &apos;4.8.0&apos;, revision: &apos;267030adea&apos;&#10;System info: os.name: &apos;Windows 10&apos;, os.arch: &apos;amd64&apos;, os.version: &apos;10.0&apos;, java.version: &apos;11.0.2&apos;&#10;Driver info: driver.version: unknown" type="org.openqa.selenium.TimeoutException">org.openqa.selenium.TimeoutException: 
Expected condition failed: waiting for visibility of element located by By.xpath: //input[contains(@id, 'Pick Dry')] (tried for 100 second(s) with 1000 milliseconds interval)
Build info: version: '4.8.0', revision: '267030adea'
System info: os.name: 'Windows 10', os.arch: 'amd64', os.version: '10.0', java.version: '11.0.2'
Driver info: driver.version: unknown
</failure>
    <system-out><![CDATA[ createdDriver ChromeDriver: chrome on WINDOWS (a7430c4225ed09450a27fb8f14bacbf8)
 driverThreadLocal  java.lang.ThreadLocal@64dc86c6

@WorkQueue @Regression
Scenario: Checking Filter option Assignment type of Work Queue Assignments screen functionality # src/test/resources/features/workqueue/assignmentlist/filteroption/WorkQueueFilterOptionScreen.feature:228
  Given User signs in the application                                                           # steps.LoginPageSteps.loginToApplication()
  And Main page is loaded                                                                       # steps.DockManagementSummaryPageSteps.goToDockManagementSummaryPage()
  And DockManagement Summary Page is validated                                                  # steps.validations.DockManagementSummaryPageValidations.validateDockManagementSummaryPage()
  And Go to Work Queue Assignments page                                                         # steps.DockManagementSummaryPageSteps.goToWorkQueueAssignmentsPage()
  And Waits for Work Queue Assignments page to load                                             # steps.workqueue.filteroption.WorkQueueAssignmentsPageSteps.waitForWorkQueueAssignmentsPageToLoad()
  When User clicks Add Filter on Work Queue Assignments page                                    # steps.workqueue.filteroption.WorkQueueAssignmentsPageSteps.clickAddFilter()
  And User clicks Clear All on Work Queue Assignments page                                      # steps.workqueue.filteroption.WorkQueueAssignmentsPageSteps.clickClearAllButton()
  And User clicks Add Filter on Work Queue Assignments page                                     # steps.workqueue.filteroption.WorkQueueAssignmentsPageSteps.clickAddFilter()
  Then User checks Assignment Type Filter on Work Queue Assignments page                        # steps.workqueue.filteroption.WorkQueueAssignmentsPageSteps.checkAssignmentTypeFilterCheckBox()
  And Checks Assignment type Pick Dry on Work Queue Assignments page                            # steps.workqueue.filteroption.WorkQueueAssignmentsPageSteps.clickAssignmentTypePickDry()
      org.openqa.selenium.TimeoutException: Expected condition failed: waiting for visibility of element located by By.xpath: //input[contains(@id, 'Pick Dry')] (tried for 100 second(s) with 1000 milliseconds interval)
Build info: version: '4.8.0', revision: '267030adea'
System info: os.name: 'Windows 10', os.arch: 'amd64', os.version: '10.0', java.version: '11.0.2'
Driver info: driver.version: unknown
	at org.openqa.selenium.support.ui.FluentWait.timeoutException(FluentWait.java:263)
	at org.openqa.selenium.support.ui.FluentWait.until(FluentWait.java:231)
	at common.utils.Waiters.waitForElementToBeDisplay(Waiters.java:70)
	at ui.pages.workqueue.assignmentlist.filteroption.WorkQueueAssignmentsPage.clickAssignmentTypePickDry(WorkQueueAssignmentsPage.java:247)
	at steps.workqueue.filteroption.WorkQueueAssignmentsPageSteps.clickAssignmentTypePickDry(WorkQueueAssignmentsPageSteps.java:366)
	at вњЅ.Checks Assignment type Pick Dry on Work Queue Assignments page(file:///C:/Users/Irina.Holovan/Documents/ignition-qa/AFS_Automation/WMS_Automation/src/test/resources/features/workqueue/assignmentlist/filteroption/WorkQueueFilterOptionScreen.feature:238)

  And User clicks Assignments Title on Work Queue Assignments page                              # steps.workqueue.filteroption.WorkQueueAssignmentsPageSteps.clickAssignmentsTitle()
  And Validates Grid items are present on Work Queue Assignments page                           # steps.validations.workqueue.filteroption.WorkQueueAssignmentsPageValidations.validateGridItemsPresent()
]]></system-out>
    <system-err><![CDATA[Jul 17, 2023 6:09:27 PM org.openqa.selenium.remote.RemoteWebDriver checkNonW3CCapabilities
WARNING: Support for Legacy Capabilities is deprecated; You are sending the following invalid capabilities: [download.directory_upgrade, download.prompt_for_download, safebrowsing.enabled]; Please update to W3C Syntax: https://www.selenium.dev/blog/2022/legacy-protocol-support/
Starting ChromeDriver 114.0.5735.90 (386bc09e8f4f2e025eddae123f36f6263096ae49-refs/branch-heads/5735@{#1052}) on port 9430
Only local connections are allowed.
Please see https://chromedriver.chromium.org/security-considerations for suggestions on keeping ChromeDriver safe.
ChromeDriver was started successfully.
Jul 17, 2023 6:09:29 PM org.openqa.selenium.remote.ProtocolHandshake createSession
WARNING: Support for Legacy Capabilities is deprecated; You are sending the following invalid capabilities: [download.directory_upgrade, download.prompt_for_download, safebrowsing.enabled]; Please update to W3C Syntax: https://www.selenium.dev/blog/2022/legacy-protocol-support/
Jul 17, 2023 6:09:29 PM org.openqa.selenium.devtools.CdpVersionFinder findNearestMatch
WARNING: Unable to find CDP implementation matching 114
Jul 17, 2023 6:09:29 PM org.openqa.selenium.chromium.ChromiumDriver lambda$new$3
WARNING: Unable to find version of CDP to use for . You may need to include a dependency on a specific version of the CDP using something similar to `org.seleniumhq.selenium:selenium-devtools-v86:4.8.0` where the version ("v86") matches the version of the chromium-based browser you're using and the version number of the artifact is the same as Selenium's.
]]></system-err>
  </testcase>
  <testcase name="runScenario" classname="runners.WorkQueueCucumberRunner" time="73.188"/>
  <testcase name="runScenario" classname="runners.WorkQueueCucumberRunner" time="79.495"/>
  <testcase name="runScenario" classname="runners.WorkQueueCucumberRunner" time="73.696"/>
  <testcase name="runScenario" classname="runners.WorkQueueCucumberRunner" time="76.515"/>
  <testcase name="runScenario" classname="runners.WorkQueueCucumberRunner" time="75.772"/>
  <testcase name="runScenario" classname="runners.WorkQueueCucumberRunner" time="123.679"/>
  <testcase name="runScenario" classname="runners.WorkQueueCucumberRunner" time="65.815">
    <failure message="The following asserts failed:&#10;	Warning Message is not correct expected [Delete selected assignment?] but found [Delete]" type="java.lang.AssertionError">java.lang.AssertionError: 
The following asserts failed:
	Warning Message is not correct expected [Delete selected assignment?] but found [Delete]
</failure>
    <system-out><![CDATA[ createdDriver ChromeDriver: chrome on WINDOWS (c17fd3d7f098d4d621b92f3d27eec035)
 driverThreadLocal  java.lang.ThreadLocal@64dc86c6

@WorkQueue @Regression
Scenario: Checking Assignment Delete of Work Queue Assignments screen functionality                          # src/test/resources/features/workqueue/assignmentlist/filteroption/WorkQueueFilterOptionScreen.feature:342
  Given User signs in the application                                                                        # steps.LoginPageSteps.loginToApplication()
  And Main page is loaded                                                                                    # steps.DockManagementSummaryPageSteps.goToDockManagementSummaryPage()
  And DockManagement Summary Page is validated                                                               # steps.validations.DockManagementSummaryPageValidations.validateDockManagementSummaryPage()
  And Go to Work Queue Assignments page                                                                      # steps.DockManagementSummaryPageSteps.goToWorkQueueAssignmentsPage()
  And Waits for Work Queue Assignments page to load                                                          # steps.workqueue.filteroption.WorkQueueAssignmentsPageSteps.waitForWorkQueueAssignmentsPageToLoad()
  When Checks assignment with index 0 on Work Queue Assignments page                                         # steps.workqueue.filteroption.WorkQueueAssignmentsPageSteps.checkAssignmentByAssignmentIndex(int)
  And User clicks Delete Assignment on Work Queue Assignments page                                           # steps.workqueue.filteroption.WorkQueueAssignmentsPageSteps.clickDeleteAssignment()
  And Validates "Delete selected assignment?" message content on dialog popup on Work Queue Assignments page # steps.validations.workqueue.filteroption.WorkQueueAssignmentsPageValidations.validateWarningMessage(java.lang.String)
      java.lang.AssertionError: The following asserts failed:
	Warning Message is not correct expected [Delete selected assignment?] but found [Delete]
	at org.testng.asserts.SoftAssert.assertAll(SoftAssert.java:46)
	at org.testng.asserts.SoftAssert.assertAll(SoftAssert.java:30)
	at steps.validations.workqueue.filteroption.WorkQueueAssignmentsPageValidations.validateWarningMessage(WorkQueueAssignmentsPageValidations.java:99)
	at вњЅ.Validates "Delete selected assignment?" message content on dialog popup on Work Queue Assignments page(file:///C:/Users/Irina.Holovan/Documents/ignition-qa/AFS_Automation/WMS_Automation/src/test/resources/features/workqueue/assignmentlist/filteroption/WorkQueueFilterOptionScreen.feature:350)

  And Validates Assignment popup Cancel and OK buttons are present on Work Queue Assignments page            # steps.validations.workqueue.filteroption.WorkQueueAssignmentsPageValidations.validateAssignmentPopupButtonsPresent()
  And Clicks Cancel Button for Assignment on Work Queue Assignments page                                     # steps.workqueue.filteroption.WorkQueueAssignmentsPageSteps.clickCancelButton()
  Then Checks assignment with index 1 on Work Queue Assignments page                                         # steps.workqueue.filteroption.WorkQueueAssignmentsPageSteps.checkAssignmentByAssignmentIndex(int)
  And Checks assignment with index 2 on Work Queue Assignments page                                          # steps.workqueue.filteroption.WorkQueueAssignmentsPageSteps.checkAssignmentByAssignmentIndex(int)
  And User clicks Delete Assignment on Work Queue Assignments page                                           # steps.workqueue.filteroption.WorkQueueAssignmentsPageSteps.clickDeleteAssignment()
  And Validates "Delete selected assignment?" message content on dialog popup on Work Queue Assignments page # steps.validations.workqueue.filteroption.WorkQueueAssignmentsPageValidations.validateWarningMessage(java.lang.String)
  And Validates Assignment popup Cancel and OK buttons are present on Work Queue Assignments page            # steps.validations.workqueue.filteroption.WorkQueueAssignmentsPageValidations.validateAssignmentPopupButtonsPresent()
  And Clicks Cancel Button for Assignment on Work Queue Assignments page                                     # steps.workqueue.filteroption.WorkQueueAssignmentsPageSteps.clickCancelButton()
]]></system-out>
    <system-err><![CDATA[Jul 17, 2023 6:22:07 PM org.openqa.selenium.remote.RemoteWebDriver checkNonW3CCapabilities
WARNING: Support for Legacy Capabilities is deprecated; You are sending the following invalid capabilities: [download.directory_upgrade, download.prompt_for_download, safebrowsing.enabled]; Please update to W3C Syntax: https://www.selenium.dev/blog/2022/legacy-protocol-support/
Starting ChromeDriver 114.0.5735.90 (386bc09e8f4f2e025eddae123f36f6263096ae49-refs/branch-heads/5735@{#1052}) on port 16056
Only local connections are allowed.
Please see https://chromedriver.chromium.org/security-considerations for suggestions on keeping ChromeDriver safe.
ChromeDriver was started successfully.
Jul 17, 2023 6:22:08 PM org.openqa.selenium.remote.ProtocolHandshake createSession
WARNING: Support for Legacy Capabilities is deprecated; You are sending the following invalid capabilities: [download.directory_upgrade, download.prompt_for_download, safebrowsing.enabled]; Please update to W3C Syntax: https://www.selenium.dev/blog/2022/legacy-protocol-support/
Jul 17, 2023 6:22:08 PM org.openqa.selenium.devtools.CdpVersionFinder findNearestMatch
WARNING: Unable to find CDP implementation matching 114
Jul 17, 2023 6:22:08 PM org.openqa.selenium.chromium.ChromiumDriver lambda$new$3
WARNING: Unable to find version of CDP to use for . You may need to include a dependency on a specific version of the CDP using something similar to `org.seleniumhq.selenium:selenium-devtools-v86:4.8.0` where the version ("v86") matches the version of the chromium-based browser you're using and the version number of the artifact is the same as Selenium's.
]]></system-err>
  </testcase>
  <testcase name="runScenario" classname="runners.WorkQueueCucumberRunner" time="127.947">
    <failure type="java.lang.StackOverflowError">java.lang.StackOverflowError
</failure>
    <system-out><![CDATA[ createdDriver ChromeDriver: chrome on WINDOWS (c220bf942a15f133bbeadad8c7f9c13f)
 driverThreadLocal  java.lang.ThreadLocal@64dc86c6

@WorkQueue @Regression
Scenario: Checking Assignment Release of Work Queue Assignments screen functionality                # src/test/resources/features/workqueue/assignmentlist/filteroption/WorkQueueFilterOptionScreen.feature:360
  Given User signs in the application                                                               # steps.LoginPageSteps.loginToApplication()
  And Main page is loaded                                                                           # steps.DockManagementSummaryPageSteps.goToDockManagementSummaryPage()
  And DockManagement Summary Page is validated                                                      # steps.validations.DockManagementSummaryPageValidations.validateDockManagementSummaryPage()
  And Go to Work Queue Assignments page                                                             # steps.DockManagementSummaryPageSteps.goToWorkQueueAssignmentsPage()
  And Waits for Work Queue Assignments page to load                                                 # steps.workqueue.filteroption.WorkQueueAssignmentsPageSteps.waitForWorkQueueAssignmentsPageToLoad()
  When Checks assignment with index 0 on Work Queue Assignments page                                # steps.workqueue.filteroption.WorkQueueAssignmentsPageSteps.checkAssignmentByAssignmentIndex(int)
  And User clicks Release Assignment on Work Queue Assignments page                                 # steps.workqueue.filteroption.WorkQueueAssignmentsPageSteps.clickReleaseAssignment()
  And Validates Release Assignment elements are present on Work Queue Assignments page              # steps.validations.workqueue.filteroption.WorkQueueAssignmentsPageValidations.validateReleaseAssignmentPopup()
  And Validates "Assignments" message content on dialog popup on Work Queue Assignments page        # steps.validations.workqueue.filteroption.WorkQueueAssignmentsPageValidations.validateWarningMessage(java.lang.String)
  And Validates current date and time for Release Assignment on Work Queue Assignments page         # steps.validations.workqueue.filteroption.WorkQueueAssignmentsPageValidations.validateReleaseDateAndTime()
  And Validates Assignment popup Cancel and Save buttons are present on Work Queue Assignments page # steps.validations.workqueue.filteroption.WorkQueueAssignmentsPageValidations.validateAssignmentPopupButtons()
  Then User enters calendar day "13" for Assignment Release Date on Work Queue Assignments page     # steps.workqueue.filteroption.WorkQueueAssignmentsPageSteps.enterReleaseDate(java.lang.String)
  And User enters calendar time "14:00" for Assignment Release Date on Work Queue Assignments page  # steps.workqueue.filteroption.WorkQueueAssignmentsPageSteps.enterReleaseTime(java.lang.String)
  And Clicks Save Button for Assignment on Work Queue Assignments page                              # steps.workqueue.filteroption.WorkQueueAssignmentsPageSteps.clickSaveButton()
  And Validates Successful message "Success" on Work Queue Assignments page                         # steps.validations.workqueue.filteroption.WorkQueueAssignmentsPageValidations.validateSuccessfulNotification(java.lang.String)
  And Checks assignment with index 0 on Work Queue Assignments page                                 # steps.workqueue.filteroption.WorkQueueAssignmentsPageSteps.checkAssignmentByAssignmentIndex(int)
  And User clicks Release Assignment on Work Queue Assignments page                                 # steps.workqueue.filteroption.WorkQueueAssignmentsPageSteps.clickReleaseAssignment()
      java.lang.StackOverflowError
	at ui.pages.BasePage.clickOnElement(BasePage.java:137)
	at ui.pages.BasePage.clickOnElement(BasePage.java:135)
	at ui.pages.BasePage.clickOnElement(BasePage.java:135)
	at ui.pages.BasePage.clickOnElement(BasePage.java:135)
	at ui.pages.BasePage.clickOnElement(BasePage.java:135)
	at ui.pages.BasePage.clickOnElement(BasePage.java:135)
	at ui.pages.BasePage.clickOnElement(BasePage.java:135)
	at ui.pages.BasePage.clickOnElement(BasePage.java:135)
	at ui.pages.BasePage.clickOnElement(BasePage.java:135)
	at ui.pages.BasePage.clickOnElement(BasePage.java:135)
	at ui.pages.BasePage.clickOnElement(BasePage.java:135)
	at ui.pages.BasePage.clickOnElement(BasePage.java:135)
	at ui.pages.BasePage.clickOnElement(BasePage.java:135)
	at ui.pages.BasePage.clickOnElement(BasePage.java:135)
	at ui.pages.BasePage.clickOnElement(BasePage.java:135)
	at ui.pages.BasePage.clickOnElement(BasePage.java:135)
	at ui.pages.BasePage.clickOnElement(BasePage.java:135)
	at ui.pages.BasePage.clickOnElement(BasePage.java:135)
	at ui.pages.BasePage.clickOnElement(BasePage.java:135)
	at ui.pages.BasePage.clickOnElement(BasePage.java:135)
	at ui.pages.BasePage.clickOnElement(BasePage.java:135)
	at ui.pages.BasePage.clickOnElement(BasePage.java:135)
	at ui.pages.BasePage.clickOnElement(BasePage.java:135)
	at ui.pages.BasePage.clickOnElement(BasePage.java:135)
	at ui.pages.BasePage.clickOnElement(BasePage.java:135)
	at ui.pages.BasePage.clickOnElement(BasePage.java:135)
	at ui.pages.BasePage.clickOnElement(BasePage.java:135)
	at ui.pages.BasePage.clickOnElement(BasePage.java:135)
	at ui.pages.BasePage.clickOnElement(BasePage.java:135)
	at ui.pages.BasePage.clickOnElement(BasePage.java:135)
	at ui.pages.BasePage.clickOnElement(BasePage.java:135)
	at ui.pages.BasePage.clickOnElement(BasePage.java:135)
	at ui.pages.BasePage.clickOnElement(BasePage.java:135)
	at ui.pages.BasePage.clickOnElement(BasePage.java:135)
	at ui.pages.BasePage.clickOnElement(BasePage.java:135)
	at ui.pages.BasePage.clickOnElement(BasePage.java:135)
	at ui.pages.BasePage.clickOnElement(BasePage.java:135)
	at ui.pages.BasePage.clickOnElement(BasePage.java:135)
	at ui.pages.BasePage.clickOnElement(BasePage.java:135)
	at ui.pages.BasePage.clickOnElement(BasePage.java:135)
	at ui.pages.BasePage.clickOnElement(BasePage.java:135)
	at ui.pages.BasePage.clickOnElement(BasePage.java:135)
	at ui.pages.BasePage.clickOnElement(BasePage.java:135)
	at ui.pages.BasePage.clickOnElement(BasePage.java:135)
	at ui.pages.BasePage.clickOnElement(BasePage.java:135)
	at ui.pages.BasePage.clickOnElement(BasePage.java:135)
	at ui.pages.BasePage.clickOnElement(BasePage.java:135)
	at ui.pages.BasePage.clickOnElement(BasePage.java:135)
	at ui.pages.BasePage.clickOnElement(BasePage.java:135)
	at ui.pages.BasePage.clickOnElement(BasePage.java:135)
	at ui.pages.BasePage.clickOnElement(BasePage.java:135)
	at ui.pages.BasePage.clickOnElement(BasePage.java:135)
	at ui.pages.BasePage.clickOnElement(BasePage.java:135)
	at ui.pages.BasePage.clickOnElement(BasePage.java:135)
	at ui.pages.BasePage.clickOnElement(BasePage.java:135)
	at ui.pages.BasePage.clickOnElement(BasePage.java:135)
	at ui.pages.BasePage.clickOnElement(BasePage.java:135)
	at ui.pages.BasePage.clickOnElement(BasePage.java:135)
	at ui.pages.BasePage.clickOnElement(BasePage.java:135)
	at ui.pages.BasePage.clickOnElement(BasePage.java:135)
	at ui.pages.BasePage.clickOnElement(BasePage.java:135)
	at ui.pages.BasePage.clickOnElement(BasePage.java:135)
	at ui.pages.BasePage.clickOnElement(BasePage.java:135)
	at ui.pages.BasePage.clickOnElement(BasePage.java:135)
	at ui.pages.BasePage.clickOnElement(BasePage.java:135)
	at ui.pages.BasePage.clickOnElement(BasePage.java:135)
	at ui.pages.BasePage.clickOnElement(BasePage.java:135)
	at ui.pages.BasePage.clickOnElement(BasePage.java:135)
	at ui.pages.BasePage.clickOnElement(BasePage.java:135)
	at ui.pages.BasePage.clickOnElement(BasePage.java:135)
	at ui.pages.BasePage.clickOnElement(BasePage.java:135)
	at ui.pages.BasePage.clickOnElement(BasePage.java:135)
	at ui.pages.BasePage.clickOnElement(BasePage.java:135)
	at ui.pages.BasePage.clickOnElement(BasePage.java:135)
	at ui.pages.BasePage.clickOnElement(BasePage.java:135)
	at ui.pages.BasePage.clickOnElement(BasePage.java:135)
	at ui.pages.BasePage.clickOnElement(BasePage.java:135)
	at ui.pages.BasePage.clickOnElement(BasePage.java:135)
	at ui.pages.BasePage.clickOnElement(BasePage.java:135)
	at ui.pages.BasePage.clickOnElement(BasePage.java:135)
	at ui.pages.BasePage.clickOnElement(BasePage.java:135)
	at ui.pages.BasePage.clickOnElement(BasePage.java:135)
	at ui.pages.BasePage.clickOnElement(BasePage.java:135)
	at ui.pages.BasePage.clickOnElement(BasePage.java:135)
	at ui.pages.BasePage.clickOnElement(BasePage.java:135)
	at ui.pages.BasePage.clickOnElement(BasePage.java:135)
	at ui.pages.BasePage.clickOnElement(BasePage.java:135)
	at ui.pages.BasePage.clickOnElement(BasePage.java:135)
	at ui.pages.BasePage.clickOnElement(BasePage.java:135)
	at ui.pages.BasePage.clickOnElement(BasePage.java:135)
	at ui.pages.BasePage.clickOnElement(BasePage.java:135)
	at ui.pages.BasePage.clickOnElement(BasePage.java:135)
	at ui.pages.BasePage.clickOnElement(BasePage.java:135)
	at ui.pages.BasePage.clickOnElement(BasePage.java:135)
	at ui.pages.BasePage.clickOnElement(BasePage.java:135)
	at ui.pages.BasePage.clickOnElement(BasePage.java:135)
	at ui.pages.BasePage.clickOnElement(BasePage.java:135)
	at ui.pages.BasePage.clickOnElement(BasePage.java:135)
	at ui.pages.BasePage.clickOnElement(BasePage.java:135)
	at ui.pages.BasePage.clickOnElement(BasePage.java:135)
	at ui.pages.BasePage.clickOnElement(BasePage.java:135)
	at ui.pages.BasePage.clickOnElement(BasePage.java:135)
	at ui.pages.BasePage.clickOnElement(BasePage.java:135)
	at ui.pages.BasePage.clickOnElement(BasePage.java:135)
	at ui.pages.BasePage.clickOnElement(BasePage.java:135)
	at ui.pages.BasePage.clickOnElement(BasePage.java:135)
	at ui.pages.BasePage.clickOnElement(BasePage.java:135)
	at ui.pages.BasePage.clickOnElement(BasePage.java:135)
	at ui.pages.BasePage.clickOnElement(BasePage.java:135)
	at ui.pages.BasePage.clickOnElement(BasePage.java:135)
	at ui.pages.BasePage.clickOnElement(BasePage.java:135)
	at ui.pages.BasePage.clickOnElement(BasePage.java:135)
	at ui.pages.BasePage.clickOnElement(BasePage.java:135)
	at ui.pages.BasePage.clickOnElement(BasePage.java:135)
	at ui.pages.BasePage.clickOnElement(BasePage.java:135)
	at ui.pages.BasePage.clickOnElement(BasePage.java:135)
	at ui.pages.BasePage.clickOnElement(BasePage.java:135)
	at ui.pages.BasePage.clickOnElement(BasePage.java:135)
	at ui.pages.BasePage.clickOnElement(BasePage.java:135)
	at ui.pages.BasePage.clickOnElement(BasePage.java:135)
	at ui.pages.BasePage.clickOnElement(BasePage.java:135)
	at ui.pages.BasePage.clickOnElement(BasePage.java:135)
	at ui.pages.BasePage.clickOnElement(BasePage.java:135)
	at ui.pages.BasePage.clickOnElement(BasePage.java:135)
	at ui.pages.BasePage.clickOnElement(BasePage.java:135)
	at ui.pages.BasePage.clickOnElement(BasePage.java:135)
	at ui.pages.BasePage.clickOnElement(BasePage.java:135)
	at ui.pages.BasePage.clickOnElement(BasePage.java:135)
	at ui.pages.BasePage.clickOnElement(BasePage.java:135)
	at ui.pages.BasePage.clickOnElement(BasePage.java:135)
	at ui.pages.BasePage.clickOnElement(BasePage.java:135)
	at ui.pages.BasePage.clickOnElement(BasePage.java:135)
	at ui.pages.BasePage.clickOnElement(BasePage.java:135)
	at ui.pages.BasePage.clickOnElement(BasePage.java:135)
	at ui.pages.BasePage.clickOnElement(BasePage.java:135)
	at ui.pages.BasePage.clickOnElement(BasePage.java:135)
	at ui.pages.BasePage.clickOnElement(BasePage.java:135)
	at ui.pages.BasePage.clickOnElement(BasePage.java:135)
	at ui.pages.BasePage.clickOnElement(BasePage.java:135)
	at ui.pages.BasePage.clickOnElement(BasePage.java:135)
	at ui.pages.BasePage.clickOnElement(BasePage.java:135)
	at ui.pages.BasePage.clickOnElement(BasePage.java:135)
	at ui.pages.BasePage.clickOnElement(BasePage.java:135)
	at ui.pages.BasePage.clickOnElement(BasePage.java:135)
	at ui.pages.BasePage.clickOnElement(BasePage.java:135)
	at ui.pages.BasePage.clickOnElement(BasePage.java:135)
	at ui.pages.BasePage.clickOnElement(BasePage.java:135)
	at ui.pages.BasePage.clickOnElement(BasePage.java:135)
	at ui.pages.BasePage.clickOnElement(BasePage.java:135)
	at ui.pages.BasePage.clickOnElement(BasePage.java:135)
	at ui.pages.BasePage.clickOnElement(BasePage.java:135)
	at ui.pages.BasePage.clickOnElement(BasePage.java:135)
	at ui.pages.BasePage.clickOnElement(BasePage.java:135)
	at ui.pages.BasePage.clickOnElement(BasePage.java:135)
	at ui.pages.BasePage.clickOnElement(BasePage.java:135)
	at ui.pages.BasePage.clickOnElement(BasePage.java:135)
	at ui.pages.BasePage.clickOnElement(BasePage.java:135)
	at ui.pages.BasePage.clickOnElement(BasePage.java:135)
	at ui.pages.BasePage.clickOnElement(BasePage.java:135)
	at ui.pages.BasePage.clickOnElement(BasePage.java:135)
	at ui.pages.BasePage.clickOnElement(BasePage.java:135)
	at ui.pages.BasePage.clickOnElement(BasePage.java:135)
	at ui.pages.BasePage.clickOnElement(BasePage.java:135)
	at ui.pages.BasePage.clickOnElement(BasePage.java:135)
	at ui.pages.BasePage.clickOnElement(BasePage.java:135)
	at ui.pages.BasePage.clickOnElement(BasePage.java:135)
	at ui.pages.BasePage.clickOnElement(BasePage.java:135)
	at ui.pages.BasePage.clickOnElement(BasePage.java:135)
	at ui.pages.BasePage.clickOnElement(BasePage.java:135)
	at ui.pages.BasePage.clickOnElement(BasePage.java:135)
	at ui.pages.BasePage.clickOnElement(BasePage.java:135)
	at ui.pages.BasePage.clickOnElement(BasePage.java:135)
	at ui.pages.BasePage.clickOnElement(BasePage.java:135)
	at ui.pages.BasePage.clickOnElement(BasePage.java:135)
	at ui.pages.BasePage.clickOnElement(BasePage.java:135)
	at ui.pages.BasePage.clickOnElement(BasePage.java:135)
	at ui.pages.BasePage.clickOnElement(BasePage.java:135)
	at ui.pages.BasePage.clickOnElement(BasePage.java:135)
	at ui.pages.BasePage.clickOnElement(BasePage.java:135)
	at ui.pages.BasePage.clickOnElement(BasePage.java:135)
	at ui.pages.BasePage.clickOnElement(BasePage.java:135)
	at ui.pages.BasePage.clickOnElement(BasePage.java:135)
	at ui.pages.BasePage.clickOnElement(BasePage.java:135)
	at ui.pages.BasePage.clickOnElement(BasePage.java:135)
	at ui.pages.BasePage.clickOnElement(BasePage.java:135)
	at ui.pages.BasePage.clickOnElement(BasePage.java:135)
	at ui.pages.BasePage.clickOnElement(BasePage.java:135)
	at ui.pages.BasePage.clickOnElement(BasePage.java:135)
	at ui.pages.BasePage.clickOnElement(BasePage.java:135)
	at ui.pages.BasePage.clickOnElement(BasePage.java:135)
	at ui.pages.BasePage.clickOnElement(BasePage.java:135)
	at ui.pages.BasePage.clickOnElement(BasePage.java:135)
	at ui.pages.BasePage.clickOnElement(BasePage.java:135)
	at ui.pages.BasePage.clickOnElement(BasePage.java:135)
	at ui.pages.BasePage.clickOnElement(BasePage.java:135)
	at ui.pages.BasePage.clickOnElement(BasePage.java:135)
	at ui.pages.BasePage.clickOnElement(BasePage.java:135)
	at ui.pages.BasePage.clickOnElement(BasePage.java:135)
	at ui.pages.BasePage.clickOnElement(BasePage.java:135)
	at ui.pages.BasePage.clickOnElement(BasePage.java:135)
	at ui.pages.BasePage.clickOnElement(BasePage.java:135)
	at ui.pages.BasePage.clickOnElement(BasePage.java:135)
	at ui.pages.BasePage.clickOnElement(BasePage.java:135)
	at ui.pages.BasePage.clickOnElement(BasePage.java:135)
	at ui.pages.BasePage.clickOnElement(BasePage.java:135)
	at ui.pages.BasePage.clickOnElement(BasePage.java:135)
	at ui.pages.BasePage.clickOnElement(BasePage.java:135)
	at ui.pages.BasePage.clickOnElement(BasePage.java:135)
	at ui.pages.BasePage.clickOnElement(BasePage.java:135)
	at ui.pages.BasePage.clickOnElement(BasePage.java:135)
	at ui.pages.BasePage.clickOnElement(BasePage.java:135)
	at ui.pages.BasePage.clickOnElement(BasePage.java:135)
	at ui.pages.BasePage.clickOnElement(BasePage.java:135)
	at ui.pages.BasePage.clickOnElement(BasePage.java:135)
	at ui.pages.BasePage.clickOnElement(BasePage.java:135)
	at ui.pages.BasePage.clickOnElement(BasePage.java:135)
	at ui.pages.BasePage.clickOnElement(BasePage.java:135)
	at ui.pages.BasePage.clickOnElement(BasePage.java:135)
	at ui.pages.BasePage.clickOnElement(BasePage.java:135)
	at ui.pages.BasePage.clickOnElement(BasePage.java:135)
	at ui.pages.BasePage.clickOnElement(BasePage.java:135)
	at ui.pages.BasePage.clickOnElement(BasePage.java:135)
	at ui.pages.BasePage.clickOnElement(BasePage.java:135)
	at ui.pages.BasePage.clickOnElement(BasePage.java:135)
	at ui.pages.BasePage.clickOnElement(BasePage.java:135)
	at ui.pages.BasePage.clickOnElement(BasePage.java:135)
	at ui.pages.BasePage.clickOnElement(BasePage.java:135)
	at ui.pages.BasePage.clickOnElement(BasePage.java:135)
	at ui.pages.BasePage.clickOnElement(BasePage.java:135)
	at ui.pages.BasePage.clickOnElement(BasePage.java:135)
	at ui.pages.BasePage.clickOnElement(BasePage.java:135)
	at ui.pages.BasePage.clickOnElement(BasePage.java:135)
	at ui.pages.BasePage.clickOnElement(BasePage.java:135)
	at ui.pages.BasePage.clickOnElement(BasePage.java:135)
	at ui.pages.BasePage.clickOnElement(BasePage.java:135)
	at ui.pages.BasePage.clickOnElement(BasePage.java:135)
	at ui.pages.BasePage.clickOnElement(BasePage.java:135)
	at ui.pages.BasePage.clickOnElement(BasePage.java:135)
	at ui.pages.BasePage.clickOnElement(BasePage.java:135)
	at ui.pages.BasePage.clickOnElement(BasePage.java:135)
	at ui.pages.BasePage.clickOnElement(BasePage.java:135)
	at ui.pages.BasePage.clickOnElement(BasePage.java:135)
	at ui.pages.BasePage.clickOnElement(BasePage.java:135)
	at ui.pages.BasePage.clickOnElement(BasePage.java:135)
	at ui.pages.BasePage.clickOnElement(BasePage.java:135)
	at ui.pages.BasePage.clickOnElement(BasePage.java:135)
	at ui.pages.BasePage.clickOnElement(BasePage.java:135)
	at ui.pages.BasePage.clickOnElement(BasePage.java:135)
	at ui.pages.BasePage.clickOnElement(BasePage.java:135)
	at ui.pages.BasePage.clickOnElement(BasePage.java:135)
	at ui.pages.BasePage.clickOnElement(BasePage.java:135)
	at ui.pages.BasePage.clickOnElement(BasePage.java:135)
	at ui.pages.BasePage.clickOnElement(BasePage.java:135)
	at ui.pages.BasePage.clickOnElement(BasePage.java:135)
	at ui.pages.BasePage.clickOnElement(BasePage.java:135)
	at ui.pages.BasePage.clickOnElement(BasePage.java:135)
	at ui.pages.BasePage.clickOnElement(BasePage.java:135)
	at ui.pages.BasePage.clickOnElement(BasePage.java:135)
	at ui.pages.BasePage.clickOnElement(BasePage.java:135)
	at ui.pages.BasePage.clickOnElement(BasePage.java:135)
	at ui.pages.BasePage.clickOnElement(BasePage.java:135)
	at ui.pages.BasePage.clickOnElement(BasePage.java:135)
	at ui.pages.BasePage.clickOnElement(BasePage.java:135)
	at ui.pages.BasePage.clickOnElement(BasePage.java:135)
	at ui.pages.BasePage.clickOnElement(BasePage.java:135)
	at ui.pages.BasePage.clickOnElement(BasePage.java:135)
	at ui.pages.BasePage.clickOnElement(BasePage.java:135)
	at ui.pages.BasePage.clickOnElement(BasePage.java:135)
	at ui.pages.BasePage.clickOnElement(BasePage.java:135)
	at ui.pages.BasePage.clickOnElement(BasePage.java:135)
	at ui.pages.BasePage.clickOnElement(BasePage.java:135)
	at ui.pages.BasePage.clickOnElement(BasePage.java:135)
	at ui.pages.BasePage.clickOnElement(BasePage.java:135)
	at ui.pages.BasePage.clickOnElement(BasePage.java:135)
	at ui.pages.BasePage.clickOnElement(BasePage.java:135)
	at ui.pages.BasePage.clickOnElement(BasePage.java:135)
	at ui.pages.BasePage.clickOnElement(BasePage.java:135)
	at ui.pages.BasePage.clickOnElement(BasePage.java:135)
	at ui.pages.BasePage.clickOnElement(BasePage.java:135)
	at ui.pages.BasePage.clickOnElement(BasePage.java:135)
	at ui.pages.BasePage.clickOnElement(BasePage.java:135)
	at ui.pages.BasePage.clickOnElement(BasePage.java:135)
	at ui.pages.BasePage.clickOnElement(BasePage.java:135)
	at ui.pages.BasePage.clickOnElement(BasePage.java:135)
	at ui.pages.BasePage.clickOnElement(BasePage.java:135)
	at ui.pages.BasePage.clickOnElement(BasePage.java:135)
	at ui.pages.BasePage.clickOnElement(BasePage.java:135)
	at ui.pages.BasePage.clickOnElement(BasePage.java:135)
	at ui.pages.BasePage.clickOnElement(BasePage.java:135)
	at ui.pages.BasePage.clickOnElement(BasePage.java:135)
	at ui.pages.BasePage.clickOnElement(BasePage.java:135)
	at ui.pages.BasePage.clickOnElement(BasePage.java:135)
	at ui.pages.BasePage.clickOnElement(BasePage.java:135)
	at ui.pages.BasePage.clickOnElement(BasePage.java:135)
	at ui.pages.BasePage.clickOnElement(BasePage.java:135)
	at ui.pages.BasePage.clickOnElement(BasePage.java:135)
	at ui.pages.BasePage.clickOnElement(BasePage.java:135)
	at ui.pages.BasePage.clickOnElement(BasePage.java:135)
	at ui.pages.BasePage.clickOnElement(BasePage.java:135)
	at ui.pages.BasePage.clickOnElement(BasePage.java:135)
	at ui.pages.BasePage.clickOnElement(BasePage.java:135)
	at ui.pages.BasePage.clickOnElement(BasePage.java:135)
	at ui.pages.BasePage.clickOnElement(BasePage.java:135)
	at ui.pages.BasePage.clickOnElement(BasePage.java:135)
	at ui.pages.BasePage.clickOnElement(BasePage.java:135)
	at ui.pages.BasePage.clickOnElement(BasePage.java:135)
	at ui.pages.BasePage.clickOnElement(BasePage.java:135)
	at ui.pages.BasePage.clickOnElement(BasePage.java:135)
	at ui.pages.BasePage.clickOnElement(BasePage.java:135)
	at ui.pages.BasePage.clickOnElement(BasePage.java:135)
	at ui.pages.BasePage.clickOnElement(BasePage.java:135)
	at ui.pages.BasePage.clickOnElement(BasePage.java:135)
	at ui.pages.BasePage.clickOnElement(BasePage.java:135)
	at ui.pages.BasePage.clickOnElement(BasePage.java:135)
	at ui.pages.BasePage.clickOnElement(BasePage.java:135)
	at ui.pages.BasePage.clickOnElement(BasePage.java:135)
	at ui.pages.BasePage.clickOnElement(BasePage.java:135)
	at ui.pages.BasePage.clickOnElement(BasePage.java:135)
	at ui.pages.BasePage.clickOnElement(BasePage.java:135)
	at ui.pages.BasePage.clickOnElement(BasePage.java:135)
	at ui.pages.BasePage.clickOnElement(BasePage.java:135)
	at ui.pages.BasePage.clickOnElement(BasePage.java:135)
	at ui.pages.BasePage.clickOnElement(BasePage.java:135)
	at ui.pages.BasePage.clickOnElement(BasePage.java:135)
	at ui.pages.BasePage.clickOnElement(BasePage.java:135)
	at ui.pages.BasePage.clickOnElement(BasePage.java:135)
	at ui.pages.BasePage.clickOnElement(BasePage.java:135)
	at ui.pages.BasePage.clickOnElement(BasePage.java:135)
	at ui.pages.BasePage.clickOnElement(BasePage.java:135)
	at ui.pages.BasePage.clickOnElement(BasePage.java:135)
	at ui.pages.BasePage.clickOnElement(BasePage.java:135)
	at ui.pages.BasePage.clickOnElement(BasePage.java:135)
	at ui.pages.BasePage.clickOnElement(BasePage.java:135)
	at ui.pages.BasePage.clickOnElement(BasePage.java:135)
	at ui.pages.BasePage.clickOnElement(BasePage.java:135)
	at ui.pages.BasePage.clickOnElement(BasePage.java:135)
	at ui.pages.BasePage.clickOnElement(BasePage.java:135)
	at ui.pages.BasePage.clickOnElement(BasePage.java:135)
	at ui.pages.BasePage.clickOnElement(BasePage.java:135)
	at ui.pages.BasePage.clickOnElement(BasePage.java:135)
	at ui.pages.BasePage.clickOnElement(BasePage.java:135)
	at ui.pages.BasePage.clickOnElement(BasePage.java:135)
	at ui.pages.BasePage.clickOnElement(BasePage.java:135)
	at ui.pages.BasePage.clickOnElement(BasePage.java:135)
	at ui.pages.BasePage.clickOnElement(BasePage.java:135)
	at ui.pages.BasePage.clickOnElement(BasePage.java:135)
	at ui.pages.BasePage.clickOnElement(BasePage.java:135)
	at ui.pages.BasePage.clickOnElement(BasePage.java:135)
	at ui.pages.BasePage.clickOnElement(BasePage.java:135)
	at ui.pages.BasePage.clickOnElement(BasePage.java:135)
	at ui.pages.BasePage.clickOnElement(BasePage.java:135)
	at ui.pages.BasePage.clickOnElement(BasePage.java:135)
	at ui.pages.BasePage.clickOnElement(BasePage.java:135)
	at ui.pages.BasePage.clickOnElement(BasePage.java:135)
	at ui.pages.BasePage.clickOnElement(BasePage.java:135)
	at ui.pages.BasePage.clickOnElement(BasePage.java:135)
	at ui.pages.BasePage.clickOnElement(BasePage.java:135)
	at ui.pages.BasePage.clickOnElement(BasePage.java:135)
	at ui.pages.BasePage.clickOnElement(BasePage.java:135)
	at ui.pages.BasePage.clickOnElement(BasePage.java:135)
	at ui.pages.BasePage.clickOnElement(BasePage.java:135)
	at ui.pages.BasePage.clickOnElement(BasePage.java:135)
	at ui.pages.BasePage.clickOnElement(BasePage.java:135)
	at ui.pages.BasePage.clickOnElement(BasePage.java:135)
	at ui.pages.BasePage.clickOnElement(BasePage.java:135)
	at ui.pages.BasePage.clickOnElement(BasePage.java:135)
	at ui.pages.BasePage.clickOnElement(BasePage.java:135)
	at ui.pages.BasePage.clickOnElement(BasePage.java:135)
	at ui.pages.BasePage.clickOnElement(BasePage.java:135)
	at ui.pages.BasePage.clickOnElement(BasePage.java:135)
	at ui.pages.BasePage.clickOnElement(BasePage.java:135)
	at ui.pages.BasePage.clickOnElement(BasePage.java:135)
	at ui.pages.BasePage.clickOnElement(BasePage.java:135)
	at ui.pages.BasePage.clickOnElement(BasePage.java:135)
	at ui.pages.BasePage.clickOnElement(BasePage.java:135)
	at ui.pages.BasePage.clickOnElement(BasePage.java:135)
	at ui.pages.BasePage.clickOnElement(BasePage.java:135)
	at ui.pages.BasePage.clickOnElement(BasePage.java:135)
	at ui.pages.BasePage.clickOnElement(BasePage.java:135)
	at ui.pages.BasePage.clickOnElement(BasePage.java:135)
	at ui.pages.BasePage.clickOnElement(BasePage.java:135)
	at ui.pages.BasePage.clickOnElement(BasePage.java:135)
	at ui.pages.BasePage.clickOnElement(BasePage.java:135)
	at ui.pages.BasePage.clickOnElement(BasePage.java:135)
	at ui.pages.BasePage.clickOnElement(BasePage.java:135)
	at ui.pages.BasePage.clickOnElement(BasePage.java:135)
	at ui.pages.BasePage.clickOnElement(BasePage.java:135)
	at ui.pages.BasePage.clickOnElement(BasePage.java:135)
	at ui.pages.BasePage.clickOnElement(BasePage.java:135)
	at ui.pages.BasePage.clickOnElement(BasePage.java:135)
	at ui.pages.BasePage.clickOnElement(BasePage.java:135)
	at ui.pages.BasePage.clickOnElement(BasePage.java:135)
	at ui.pages.BasePage.clickOnElement(BasePage.java:135)
	at ui.pages.BasePage.clickOnElement(BasePage.java:135)
	at ui.pages.BasePage.clickOnElement(BasePage.java:135)
	at ui.pages.BasePage.clickOnElement(BasePage.java:135)
	at ui.pages.BasePage.clickOnElement(BasePage.java:135)
	at ui.pages.BasePage.clickOnElement(BasePage.java:135)
	at ui.pages.BasePage.clickOnElement(BasePage.java:135)
	at ui.pages.BasePage.clickOnElement(BasePage.java:135)
	at ui.pages.BasePage.clickOnElement(BasePage.java:135)
	at ui.pages.BasePage.clickOnElement(BasePage.java:135)
	at ui.pages.BasePage.clickOnElement(BasePage.java:135)
	at ui.pages.BasePage.clickOnElement(BasePage.java:135)
	at ui.pages.BasePage.clickOnElement(BasePage.java:135)
	at ui.pages.BasePage.clickOnElement(BasePage.java:135)
	at ui.pages.BasePage.clickOnElement(BasePage.java:135)
	at ui.pages.BasePage.clickOnElement(BasePage.java:135)
	at ui.pages.BasePage.clickOnElement(BasePage.java:135)
	at ui.pages.BasePage.clickOnElement(BasePage.java:135)
	at ui.pages.BasePage.clickOnElement(BasePage.java:135)
	at ui.pages.BasePage.clickOnElement(BasePage.java:135)
	at ui.pages.BasePage.clickOnElement(BasePage.java:135)
	at ui.pages.BasePage.clickOnElement(BasePage.java:135)
	at ui.pages.BasePage.clickOnElement(BasePage.java:135)
	at ui.pages.BasePage.clickOnElement(BasePage.java:135)
	at ui.pages.BasePage.clickOnElement(BasePage.java:135)
	at ui.pages.BasePage.clickOnElement(BasePage.java:135)
	at ui.pages.BasePage.clickOnElement(BasePage.java:135)
	at ui.pages.BasePage.clickOnElement(BasePage.java:135)
	at ui.pages.BasePage.clickOnElement(BasePage.java:135)
	at ui.pages.BasePage.clickOnElement(BasePage.java:135)
	at ui.pages.BasePage.clickOnElement(BasePage.java:135)
	at ui.pages.BasePage.clickOnElement(BasePage.java:135)
	at ui.pages.BasePage.clickOnElement(BasePage.java:135)
	at ui.pages.BasePage.clickOnElement(BasePage.java:135)
	at ui.pages.BasePage.clickOnElement(BasePage.java:135)
	at ui.pages.BasePage.clickOnElement(BasePage.java:135)
	at ui.pages.BasePage.clickOnElement(BasePage.java:135)
	at ui.pages.BasePage.clickOnElement(BasePage.java:135)
	at ui.pages.BasePage.clickOnElement(BasePage.java:135)
	at ui.pages.BasePage.clickOnElement(BasePage.java:135)
	at ui.pages.BasePage.clickOnElement(BasePage.java:135)
	at ui.pages.BasePage.clickOnElement(BasePage.java:135)
	at ui.pages.BasePage.clickOnElement(BasePage.java:135)
	at ui.pages.BasePage.clickOnElement(BasePage.java:135)
	at ui.pages.BasePage.clickOnElement(BasePage.java:135)
	at ui.pages.BasePage.clickOnElement(BasePage.java:135)
	at ui.pages.BasePage.clickOnElement(BasePage.java:135)
	at ui.pages.BasePage.clickOnElement(BasePage.java:135)
	at ui.pages.BasePage.clickOnElement(BasePage.java:135)
	at ui.pages.BasePage.clickOnElement(BasePage.java:135)
	at ui.pages.BasePage.clickOnElement(BasePage.java:135)
	at ui.pages.BasePage.clickOnElement(BasePage.java:135)
	at ui.pages.BasePage.clickOnElement(BasePage.java:135)
	at ui.pages.BasePage.clickOnElement(BasePage.java:135)
	at ui.pages.BasePage.clickOnElement(BasePage.java:135)
	at ui.pages.BasePage.clickOnElement(BasePage.java:135)
	at ui.pages.BasePage.clickOnElement(BasePage.java:135)
	at ui.pages.BasePage.clickOnElement(BasePage.java:135)
	at ui.pages.BasePage.clickOnElement(BasePage.java:135)
	at ui.pages.BasePage.clickOnElement(BasePage.java:135)
	at ui.pages.BasePage.clickOnElement(BasePage.java:135)
	at ui.pages.BasePage.clickOnElement(BasePage.java:135)
	at ui.pages.BasePage.clickOnElement(BasePage.java:135)
	at ui.pages.BasePage.clickOnElement(BasePage.java:135)
	at ui.pages.BasePage.clickOnElement(BasePage.java:135)
	at ui.pages.BasePage.clickOnElement(BasePage.java:135)
	at ui.pages.BasePage.clickOnElement(BasePage.java:135)
	at ui.pages.BasePage.clickOnElement(BasePage.java:135)
	at ui.pages.BasePage.clickOnElement(BasePage.java:135)
	at ui.pages.BasePage.clickOnElement(BasePage.java:135)
	at ui.pages.BasePage.clickOnElement(BasePage.java:135)
	at ui.pages.BasePage.clickOnElement(BasePage.java:135)
	at ui.pages.BasePage.clickOnElement(BasePage.java:135)
	at ui.pages.BasePage.clickOnElement(BasePage.java:135)
	at ui.pages.BasePage.clickOnElement(BasePage.java:135)
	at ui.pages.BasePage.clickOnElement(BasePage.java:135)
	at ui.pages.BasePage.clickOnElement(BasePage.java:135)
	at ui.pages.BasePage.clickOnElement(BasePage.java:135)
	at ui.pages.BasePage.clickOnElement(BasePage.java:135)
	at ui.pages.BasePage.clickOnElement(BasePage.java:135)
	at ui.pages.BasePage.clickOnElement(BasePage.java:135)
	at ui.pages.BasePage.clickOnElement(BasePage.java:135)
	at ui.pages.BasePage.clickOnElement(BasePage.java:135)
	at ui.pages.BasePage.clickOnElement(BasePage.java:135)
	at ui.pages.BasePage.clickOnElement(BasePage.java:135)
	at ui.pages.BasePage.clickOnElement(BasePage.java:135)
	at ui.pages.BasePage.clickOnElement(BasePage.java:135)
	at ui.pages.BasePage.clickOnElement(BasePage.java:135)
	at ui.pages.BasePage.clickOnElement(BasePage.java:135)
	at ui.pages.BasePage.clickOnElement(BasePage.java:135)
	at ui.pages.BasePage.clickOnElement(BasePage.java:135)
	at ui.pages.BasePage.clickOnElement(BasePage.java:135)
	at ui.pages.BasePage.clickOnElement(BasePage.java:135)
	at ui.pages.BasePage.clickOnElement(BasePage.java:135)
	at ui.pages.BasePage.clickOnElement(BasePage.java:135)
	at ui.pages.BasePage.clickOnElement(BasePage.java:135)
	at ui.pages.BasePage.clickOnElement(BasePage.java:135)
	at ui.pages.BasePage.clickOnElement(BasePage.java:135)
	at ui.pages.BasePage.clickOnElement(BasePage.java:135)
	at ui.pages.BasePage.clickOnElement(BasePage.java:135)
	at ui.pages.BasePage.clickOnElement(BasePage.java:135)
	at ui.pages.BasePage.clickOnElement(BasePage.java:135)
	at ui.pages.BasePage.clickOnElement(BasePage.java:135)
	at ui.pages.BasePage.clickOnElement(BasePage.java:135)
	at ui.pages.BasePage.clickOnElement(BasePage.java:135)
	at ui.pages.BasePage.clickOnElement(BasePage.java:135)
	at ui.pages.BasePage.clickOnElement(BasePage.java:135)
	at ui.pages.BasePage.clickOnElement(BasePage.java:135)
	at ui.pages.BasePage.clickOnElement(BasePage.java:135)
	at ui.pages.BasePage.clickOnElement(BasePage.java:135)
	at ui.pages.BasePage.clickOnElement(BasePage.java:135)
	at ui.pages.BasePage.clickOnElement(BasePage.java:135)
	at ui.pages.BasePage.clickOnElement(BasePage.java:135)
	at ui.pages.BasePage.clickOnElement(BasePage.java:135)
	at ui.pages.BasePage.clickOnElement(BasePage.java:135)
	at ui.pages.BasePage.clickOnElement(BasePage.java:135)
	at ui.pages.BasePage.clickOnElement(BasePage.java:135)
	at ui.pages.BasePage.clickOnElement(BasePage.java:135)
	at ui.pages.BasePage.clickOnElement(BasePage.java:135)
	at ui.pages.BasePage.clickOnElement(BasePage.java:135)
	at ui.pages.BasePage.clickOnElement(BasePage.java:135)
	at ui.pages.BasePage.clickOnElement(BasePage.java:135)
	at ui.pages.BasePage.clickOnElement(BasePage.java:135)
	at ui.pages.BasePage.clickOnElement(BasePage.java:135)
	at ui.pages.BasePage.clickOnElement(BasePage.java:135)
	at ui.pages.BasePage.clickOnElement(BasePage.java:135)
	at ui.pages.BasePage.clickOnElement(BasePage.java:135)
	at ui.pages.BasePage.clickOnElement(BasePage.java:135)
	at ui.pages.BasePage.clickOnElement(BasePage.java:135)
	at ui.pages.BasePage.clickOnElement(BasePage.java:135)
	at ui.pages.BasePage.clickOnElement(BasePage.java:135)
	at ui.pages.BasePage.clickOnElement(BasePage.java:135)
	at ui.pages.BasePage.clickOnElement(BasePage.java:135)
	at ui.pages.BasePage.clickOnElement(BasePage.java:135)
	at ui.pages.BasePage.clickOnElement(BasePage.java:135)
	at ui.pages.BasePage.clickOnElement(BasePage.java:135)
	at ui.pages.BasePage.clickOnElement(BasePage.java:135)
	at ui.pages.BasePage.clickOnElement(BasePage.java:135)
	at ui.pages.BasePage.clickOnElement(BasePage.java:135)
	at ui.pages.BasePage.clickOnElement(BasePage.java:135)
	at ui.pages.BasePage.clickOnElement(BasePage.java:135)
	at ui.pages.BasePage.clickOnElement(BasePage.java:135)
	at ui.pages.BasePage.clickOnElement(BasePage.java:135)
	at ui.pages.BasePage.clickOnElement(BasePage.java:135)
	at ui.pages.BasePage.clickOnElement(BasePage.java:135)
	at ui.pages.BasePage.clickOnElement(BasePage.java:135)
	at ui.pages.BasePage.clickOnElement(BasePage.java:135)
	at ui.pages.BasePage.clickOnElement(BasePage.java:135)
	at ui.pages.BasePage.clickOnElement(BasePage.java:135)
	at ui.pages.BasePage.clickOnElement(BasePage.java:135)
	at ui.pages.BasePage.clickOnElement(BasePage.java:135)
	at ui.pages.BasePage.clickOnElement(BasePage.java:135)
	at ui.pages.BasePage.clickOnElement(BasePage.java:135)
	at ui.pages.BasePage.clickOnElement(BasePage.java:135)
	at ui.pages.BasePage.clickOnElement(BasePage.java:135)
	at ui.pages.BasePage.clickOnElement(BasePage.java:135)
	at ui.pages.BasePage.clickOnElement(BasePage.java:135)
	at ui.pages.BasePage.clickOnElement(BasePage.java:135)
	at ui.pages.BasePage.clickOnElement(BasePage.java:135)
	at ui.pages.BasePage.clickOnElement(BasePage.java:135)
	at ui.pages.BasePage.clickOnElement(BasePage.java:135)
	at ui.pages.BasePage.clickOnElement(BasePage.java:135)
	at ui.pages.BasePage.clickOnElement(BasePage.java:135)
	at ui.pages.BasePage.clickOnElement(BasePage.java:135)
	at ui.pages.BasePage.clickOnElement(BasePage.java:135)
	at ui.pages.BasePage.clickOnElement(BasePage.java:135)
	at ui.pages.BasePage.clickOnElement(BasePage.java:135)
	at ui.pages.BasePage.clickOnElement(BasePage.java:135)
	at ui.pages.BasePage.clickOnElement(BasePage.java:135)
	at ui.pages.BasePage.clickOnElement(BasePage.java:135)
	at ui.pages.BasePage.clickOnElement(BasePage.java:135)
	at ui.pages.BasePage.clickOnElement(BasePage.java:135)
	at ui.pages.BasePage.clickOnElement(BasePage.java:135)
	at ui.pages.BasePage.clickOnElement(BasePage.java:135)
	at ui.pages.BasePage.clickOnElement(BasePage.java:135)
	at ui.pages.BasePage.clickOnElement(BasePage.java:135)
	at ui.pages.BasePage.clickOnElement(BasePage.java:135)
	at ui.pages.BasePage.clickOnElement(BasePage.java:135)
	at ui.pages.BasePage.clickOnElement(BasePage.java:135)
	at ui.pages.BasePage.clickOnElement(BasePage.java:135)
	at ui.pages.BasePage.clickOnElement(BasePage.java:135)
	at ui.pages.BasePage.clickOnElement(BasePage.java:135)
	at ui.pages.BasePage.clickOnElement(BasePage.java:135)
	at ui.pages.BasePage.clickOnElement(BasePage.java:135)
	at ui.pages.BasePage.clickOnElement(BasePage.java:135)
	at ui.pages.BasePage.clickOnElement(BasePage.java:135)
	at ui.pages.BasePage.clickOnElement(BasePage.java:135)
	at ui.pages.BasePage.clickOnElement(BasePage.java:135)
	at ui.pages.BasePage.clickOnElement(BasePage.java:135)
	at ui.pages.BasePage.clickOnElement(BasePage.java:135)
	at ui.pages.BasePage.clickOnElement(BasePage.java:135)
	at ui.pages.BasePage.clickOnElement(BasePage.java:135)
	at ui.pages.BasePage.clickOnElement(BasePage.java:135)
	at ui.pages.BasePage.clickOnElement(BasePage.java:135)
	at ui.pages.BasePage.clickOnElement(BasePage.java:135)
	at ui.pages.BasePage.clickOnElement(BasePage.java:135)
	at ui.pages.BasePage.clickOnElement(BasePage.java:135)
	at ui.pages.BasePage.clickOnElement(BasePage.java:135)
	at ui.pages.BasePage.clickOnElement(BasePage.java:135)
	at ui.pages.BasePage.clickOnElement(BasePage.java:135)
	at ui.pages.BasePage.clickOnElement(BasePage.java:135)
	at ui.pages.BasePage.clickOnElement(BasePage.java:135)
	at ui.pages.BasePage.clickOnElement(BasePage.java:135)
	at ui.pages.BasePage.clickOnElement(BasePage.java:135)
	at ui.pages.BasePage.clickOnElement(BasePage.java:135)
	at ui.pages.BasePage.clickOnElement(BasePage.java:135)
	at ui.pages.BasePage.clickOnElement(BasePage.java:135)
	at ui.pages.BasePage.clickOnElement(BasePage.java:135)
	at ui.pages.BasePage.clickOnElement(BasePage.java:135)
	at ui.pages.BasePage.clickOnElement(BasePage.java:135)
	at ui.pages.BasePage.clickOnElement(BasePage.java:135)
	at ui.pages.BasePage.clickOnElement(BasePage.java:135)
	at ui.pages.BasePage.clickOnElement(BasePage.java:135)
	at ui.pages.BasePage.clickOnElement(BasePage.java:135)
	at ui.pages.BasePage.clickOnElement(BasePage.java:135)
	at ui.pages.BasePage.clickOnElement(BasePage.java:135)
	at ui.pages.BasePage.clickOnElement(BasePage.java:135)
	at ui.pages.BasePage.clickOnElement(BasePage.java:135)
	at ui.pages.BasePage.clickOnElement(BasePage.java:135)
	at ui.pages.BasePage.clickOnElement(BasePage.java:135)
	at ui.pages.BasePage.clickOnElement(BasePage.java:135)
	at ui.pages.BasePage.clickOnElement(BasePage.java:135)
	at ui.pages.BasePage.clickOnElement(BasePage.java:135)
	at ui.pages.BasePage.clickOnElement(BasePage.java:135)
	at ui.pages.BasePage.clickOnElement(BasePage.java:135)
	at ui.pages.BasePage.clickOnElement(BasePage.java:135)
	at ui.pages.BasePage.clickOnElement(BasePage.java:135)
	at ui.pages.BasePage.clickOnElement(BasePage.java:135)
	at ui.pages.BasePage.clickOnElement(BasePage.java:135)
	at ui.pages.BasePage.clickOnElement(BasePage.java:135)
	at ui.pages.BasePage.clickOnElement(BasePage.java:135)
	at ui.pages.BasePage.clickOnElement(BasePage.java:135)
	at ui.pages.BasePage.clickOnElement(BasePage.java:135)
	at ui.pages.BasePage.clickOnElement(BasePage.java:135)
	at ui.pages.BasePage.clickOnElement(BasePage.java:135)
	at ui.pages.BasePage.clickOnElement(BasePage.java:135)
	at ui.pages.BasePage.clickOnElement(BasePage.java:135)
	at ui.pages.BasePage.clickOnElement(BasePage.java:135)
	at ui.pages.BasePage.clickOnElement(BasePage.java:135)
	at ui.pages.BasePage.clickOnElement(BasePage.java:135)
	at ui.pages.BasePage.clickOnElement(BasePage.java:135)
	at ui.pages.BasePage.clickOnElement(BasePage.java:135)
	at ui.pages.BasePage.clickOnElement(BasePage.java:135)
	at ui.pages.BasePage.clickOnElement(BasePage.java:135)
	at ui.pages.BasePage.clickOnElement(BasePage.java:135)
	at ui.pages.BasePage.clickOnElement(BasePage.java:135)
	at ui.pages.BasePage.clickOnElement(BasePage.java:135)
	at ui.pages.BasePage.clickOnElement(BasePage.java:135)
	at ui.pages.BasePage.clickOnElement(BasePage.java:135)
	at ui.pages.BasePage.clickOnElement(BasePage.java:135)
	at ui.pages.BasePage.clickOnElement(BasePage.java:135)
	at ui.pages.BasePage.clickOnElement(BasePage.java:135)
	at ui.pages.BasePage.clickOnElement(BasePage.java:135)
	at ui.pages.BasePage.clickOnElement(BasePage.java:135)
	at ui.pages.BasePage.clickOnElement(BasePage.java:135)
	at ui.pages.BasePage.clickOnElement(BasePage.java:135)
	at ui.pages.BasePage.clickOnElement(BasePage.java:135)
	at ui.pages.BasePage.clickOnElement(BasePage.java:135)
	at ui.pages.BasePage.clickOnElement(BasePage.java:135)
	at ui.pages.BasePage.clickOnElement(BasePage.java:135)
	at ui.pages.BasePage.clickOnElement(BasePage.java:135)
	at ui.pages.BasePage.clickOnElement(BasePage.java:135)
	at ui.pages.BasePage.clickOnElement(BasePage.java:135)
	at ui.pages.BasePage.clickOnElement(BasePage.java:135)
	at ui.pages.BasePage.clickOnElement(BasePage.java:135)
	at ui.pages.BasePage.clickOnElement(BasePage.java:135)
	at ui.pages.BasePage.clickOnElement(BasePage.java:135)
	at ui.pages.BasePage.clickOnElement(BasePage.java:135)
	at ui.pages.BasePage.clickOnElement(BasePage.java:135)
	at ui.pages.BasePage.clickOnElement(BasePage.java:135)
	at ui.pages.BasePage.clickOnElement(BasePage.java:135)
	at ui.pages.BasePage.clickOnElement(BasePage.java:135)
	at ui.pages.BasePage.clickOnElement(BasePage.java:135)
	at ui.pages.BasePage.clickOnElement(BasePage.java:135)
	at ui.pages.BasePage.clickOnElement(BasePage.java:135)
	at ui.pages.BasePage.clickOnElement(BasePage.java:135)
	at ui.pages.BasePage.clickOnElement(BasePage.java:135)
	at ui.pages.BasePage.clickOnElement(BasePage.java:135)
	at ui.pages.BasePage.clickOnElement(BasePage.java:135)
	at ui.pages.BasePage.clickOnElement(BasePage.java:135)
	at ui.pages.BasePage.clickOnElement(BasePage.java:135)
	at ui.pages.BasePage.clickOnElement(BasePage.java:135)
	at ui.pages.BasePage.clickOnElement(BasePage.java:135)
	at ui.pages.BasePage.clickOnElement(BasePage.java:135)
	at ui.pages.BasePage.clickOnElement(BasePage.java:135)
	at ui.pages.BasePage.clickOnElement(BasePage.java:135)
	at ui.pages.BasePage.clickOnElement(BasePage.java:135)
	at ui.pages.BasePage.clickOnElement(BasePage.java:135)
	at ui.pages.BasePage.clickOnElement(BasePage.java:135)
	at ui.pages.BasePage.clickOnElement(BasePage.java:135)
	at ui.pages.BasePage.clickOnElement(BasePage.java:135)
	at ui.pages.BasePage.clickOnElement(BasePage.java:135)
	at ui.pages.BasePage.clickOnElement(BasePage.java:135)
	at ui.pages.BasePage.clickOnElement(BasePage.java:135)
	at ui.pages.BasePage.clickOnElement(BasePage.java:135)
	at ui.pages.BasePage.clickOnElement(BasePage.java:135)
	at ui.pages.BasePage.clickOnElement(BasePage.java:135)
	at ui.pages.BasePage.clickOnElement(BasePage.java:135)
	at ui.pages.BasePage.clickOnElement(BasePage.java:135)
	at ui.pages.BasePage.clickOnElement(BasePage.java:135)
	at ui.pages.BasePage.clickOnElement(BasePage.java:135)
	at ui.pages.BasePage.clickOnElement(BasePage.java:135)
	at ui.pages.BasePage.clickOnElement(BasePage.java:135)
	at ui.pages.BasePage.clickOnElement(BasePage.java:135)
	at ui.pages.BasePage.clickOnElement(BasePage.java:135)
	at ui.pages.BasePage.clickOnElement(BasePage.java:135)
	at ui.pages.BasePage.clickOnElement(BasePage.java:135)
	at ui.pages.BasePage.clickOnElement(BasePage.java:135)
	at ui.pages.BasePage.clickOnElement(BasePage.java:135)
	at ui.pages.BasePage.clickOnElement(BasePage.java:135)
	at ui.pages.BasePage.clickOnElement(BasePage.java:135)
	at ui.pages.BasePage.clickOnElement(BasePage.java:135)
	at ui.pages.BasePage.clickOnElement(BasePage.java:135)
	at ui.pages.BasePage.clickOnElement(BasePage.java:135)
	at ui.pages.BasePage.clickOnElement(BasePage.java:135)
	at ui.pages.BasePage.clickOnElement(BasePage.java:135)
	at ui.pages.BasePage.clickOnElement(BasePage.java:135)
	at ui.pages.BasePage.clickOnElement(BasePage.java:135)
	at ui.pages.BasePage.clickOnElement(BasePage.java:135)
	at ui.pages.BasePage.clickOnElement(BasePage.java:135)
	at ui.pages.BasePage.clickOnElement(BasePage.java:135)
	at ui.pages.BasePage.clickOnElement(BasePage.java:135)
	at ui.pages.BasePage.clickOnElement(BasePage.java:135)
	at ui.pages.BasePage.clickOnElement(BasePage.java:135)
	at ui.pages.BasePage.clickOnElement(BasePage.java:135)
	at ui.pages.BasePage.clickOnElement(BasePage.java:135)
	at ui.pages.BasePage.clickOnElement(BasePage.java:135)
	at ui.pages.BasePage.clickOnElement(BasePage.java:135)
	at ui.pages.BasePage.clickOnElement(BasePage.java:135)
	at ui.pages.BasePage.clickOnElement(BasePage.java:135)
	at ui.pages.BasePage.clickOnElement(BasePage.java:135)
	at ui.pages.BasePage.clickOnElement(BasePage.java:135)
	at ui.pages.BasePage.clickOnElement(BasePage.java:135)
	at ui.pages.BasePage.clickOnElement(BasePage.java:135)
	at ui.pages.BasePage.clickOnElement(BasePage.java:135)
	at ui.pages.BasePage.clickOnElement(BasePage.java:135)
	at ui.pages.BasePage.clickOnElement(BasePage.java:135)
	at ui.pages.BasePage.clickOnElement(BasePage.java:135)
	at ui.pages.BasePage.clickOnElement(BasePage.java:135)
	at ui.pages.BasePage.clickOnElement(BasePage.java:135)
	at ui.pages.BasePage.clickOnElement(BasePage.java:135)
	at ui.pages.BasePage.clickOnElement(BasePage.java:135)
	at ui.pages.BasePage.clickOnElement(BasePage.java:135)
	at ui.pages.BasePage.clickOnElement(BasePage.java:135)
	at ui.pages.BasePage.clickOnElement(BasePage.java:135)
	at ui.pages.BasePage.clickOnElement(BasePage.java:135)
	at ui.pages.BasePage.clickOnElement(BasePage.java:135)
	at ui.pages.BasePage.clickOnElement(BasePage.java:135)
	at ui.pages.BasePage.clickOnElement(BasePage.java:135)
	at ui.pages.BasePage.clickOnElement(BasePage.java:135)
	at ui.pages.BasePage.clickOnElement(BasePage.java:135)
	at ui.pages.BasePage.clickOnElement(BasePage.java:135)
	at ui.pages.BasePage.clickOnElement(BasePage.java:135)
	at ui.pages.BasePage.clickOnElement(BasePage.java:135)
	at ui.pages.BasePage.clickOnElement(BasePage.java:135)
	at ui.pages.BasePage.clickOnElement(BasePage.java:135)
	at ui.pages.BasePage.clickOnElement(BasePage.java:135)
	at ui.pages.BasePage.clickOnElement(BasePage.java:135)
	at ui.pages.BasePage.clickOnElement(BasePage.java:135)
	at ui.pages.BasePage.clickOnElement(BasePage.java:135)
	at ui.pages.BasePage.clickOnElement(BasePage.java:135)
	at ui.pages.BasePage.clickOnElement(BasePage.java:135)
	at ui.pages.BasePage.clickOnElement(BasePage.java:135)
	at ui.pages.BasePage.clickOnElement(BasePage.java:135)
	at ui.pages.BasePage.clickOnElement(BasePage.java:135)
	at ui.pages.BasePage.clickOnElement(BasePage.java:135)
	at ui.pages.BasePage.clickOnElement(BasePage.java:135)
	at ui.pages.BasePage.clickOnElement(BasePage.java:135)
	at ui.pages.BasePage.clickOnElement(BasePage.java:135)
	at ui.pages.BasePage.clickOnElement(BasePage.java:135)
	at ui.pages.BasePage.clickOnElement(BasePage.java:135)
	at ui.pages.BasePage.clickOnElement(BasePage.java:135)
	at ui.pages.BasePage.clickOnElement(BasePage.java:135)
	at ui.pages.BasePage.clickOnElement(BasePage.java:135)
	at ui.pages.BasePage.clickOnElement(BasePage.java:135)
	at ui.pages.BasePage.clickOnElement(BasePage.java:135)
	at ui.pages.BasePage.clickOnElement(BasePage.java:135)
	at ui.pages.BasePage.clickOnElement(BasePage.java:135)
	at ui.pages.BasePage.clickOnElement(BasePage.java:135)
	at ui.pages.BasePage.clickOnElement(BasePage.java:135)
	at ui.pages.BasePage.clickOnElement(BasePage.java:135)
	at ui.pages.BasePage.clickOnElement(BasePage.java:135)
	at ui.pages.BasePage.clickOnElement(BasePage.java:135)
	at ui.pages.BasePage.clickOnElement(BasePage.java:135)
	at ui.pages.BasePage.clickOnElement(BasePage.java:135)
	at ui.pages.BasePage.clickOnElement(BasePage.java:135)
	at ui.pages.BasePage.clickOnElement(BasePage.java:135)
	at ui.pages.BasePage.clickOnElement(BasePage.java:135)
	at ui.pages.BasePage.clickOnElement(BasePage.java:135)
	at ui.pages.BasePage.clickOnElement(BasePage.java:135)
	at ui.pages.BasePage.clickOnElement(BasePage.java:135)
	at ui.pages.BasePage.clickOnElement(BasePage.java:135)
	at ui.pages.BasePage.clickOnElement(BasePage.java:135)
	at ui.pages.BasePage.clickOnElement(BasePage.java:135)
	at ui.pages.BasePage.clickOnElement(BasePage.java:135)
	at ui.pages.BasePage.clickOnElement(BasePage.java:135)
	at ui.pages.BasePage.clickOnElement(BasePage.java:135)
	at ui.pages.BasePage.clickOnElement(BasePage.java:135)
	at ui.pages.BasePage.clickOnElement(BasePage.java:135)
	at ui.pages.BasePage.clickOnElement(BasePage.java:135)
	at ui.pages.BasePage.clickOnElement(BasePage.java:135)
	at ui.pages.BasePage.clickOnElement(BasePage.java:135)
	at ui.pages.BasePage.clickOnElement(BasePage.java:135)
	at ui.pages.BasePage.clickOnElement(BasePage.java:135)
	at ui.pages.BasePage.clickOnElement(BasePage.java:135)
	at ui.pages.BasePage.clickOnElement(BasePage.java:135)
	at ui.pages.BasePage.clickOnElement(BasePage.java:135)
	at ui.pages.BasePage.clickOnElement(BasePage.java:135)
	at ui.pages.BasePage.clickOnElement(BasePage.java:135)
	at ui.pages.BasePage.clickOnElement(BasePage.java:135)
	at ui.pages.BasePage.clickOnElement(BasePage.java:135)
	at ui.pages.BasePage.clickOnElement(BasePage.java:135)
	at ui.pages.BasePage.clickOnElement(BasePage.java:135)
	at ui.pages.BasePage.clickOnElement(BasePage.java:135)
	at ui.pages.BasePage.clickOnElement(BasePage.java:135)
	at ui.pages.BasePage.clickOnElement(BasePage.java:135)
	at ui.pages.BasePage.clickOnElement(BasePage.java:135)
	at ui.pages.BasePage.clickOnElement(BasePage.java:135)
	at ui.pages.BasePage.clickOnElement(BasePage.java:135)
	at ui.pages.BasePage.clickOnElement(BasePage.java:135)
	at ui.pages.BasePage.clickOnElement(BasePage.java:135)
	at ui.pages.BasePage.clickOnElement(BasePage.java:135)
	at ui.pages.BasePage.clickOnElement(BasePage.java:135)
	at ui.pages.BasePage.clickOnElement(BasePage.java:135)
	at ui.pages.BasePage.clickOnElement(BasePage.java:135)
	at ui.pages.BasePage.clickOnElement(BasePage.java:135)
	at ui.pages.BasePage.clickOnElement(BasePage.java:135)
	at ui.pages.BasePage.clickOnElement(BasePage.java:135)
	at ui.pages.BasePage.clickOnElement(BasePage.java:135)
	at ui.pages.BasePage.clickOnElement(BasePage.java:135)
	at ui.pages.BasePage.clickOnElement(BasePage.java:135)
	at ui.pages.BasePage.clickOnElement(BasePage.java:135)
	at ui.pages.BasePage.clickOnElement(BasePage.java:135)
	at ui.pages.BasePage.clickOnElement(BasePage.java:135)
	at ui.pages.BasePage.clickOnElement(BasePage.java:135)
	at ui.pages.BasePage.clickOnElement(BasePage.java:135)
	at ui.pages.BasePage.clickOnElement(BasePage.java:135)
	at ui.pages.BasePage.clickOnElement(BasePage.java:135)
	at ui.pages.BasePage.clickOnElement(BasePage.java:135)
	at ui.pages.BasePage.clickOnElement(BasePage.java:135)
	at ui.pages.BasePage.clickOnElement(BasePage.java:135)
	at ui.pages.BasePage.clickOnElement(BasePage.java:135)
	at ui.pages.BasePage.clickOnElement(BasePage.java:135)
	at ui.pages.BasePage.clickOnElement(BasePage.java:135)
	at ui.pages.BasePage.clickOnElement(BasePage.java:135)
	at ui.pages.BasePage.clickOnElement(BasePage.java:135)
	at ui.pages.BasePage.clickOnElement(BasePage.java:135)
	at ui.pages.BasePage.clickOnElement(BasePage.java:135)
	at ui.pages.BasePage.clickOnElement(BasePage.java:135)
	at ui.pages.BasePage.clickOnElement(BasePage.java:135)
	at ui.pages.BasePage.clickOnElement(BasePage.java:135)
	at ui.pages.BasePage.clickOnElement(BasePage.java:135)
	at ui.pages.BasePage.clickOnElement(BasePage.java:135)
	at ui.pages.BasePage.clickOnElement(BasePage.java:135)
	at ui.pages.BasePage.clickOnElement(BasePage.java:135)
	at ui.pages.BasePage.clickOnElement(BasePage.java:135)
	at ui.pages.BasePage.clickOnElement(BasePage.java:135)
	at ui.pages.BasePage.clickOnElement(BasePage.java:135)
	at ui.pages.BasePage.clickOnElement(BasePage.java:135)
	at ui.pages.BasePage.clickOnElement(BasePage.java:135)
	at ui.pages.BasePage.clickOnElement(BasePage.java:135)
	at ui.pages.BasePage.clickOnElement(BasePage.java:135)
	at ui.pages.BasePage.clickOnElement(BasePage.java:135)
	at ui.pages.BasePage.clickOnElement(BasePage.java:135)
	at ui.pages.BasePage.clickOnElement(BasePage.java:135)
	at ui.pages.BasePage.clickOnElement(BasePage.java:135)
	at ui.pages.BasePage.clickOnElement(BasePage.java:135)
	at ui.pages.BasePage.clickOnElement(BasePage.java:135)
	at ui.pages.BasePage.clickOnElement(BasePage.java:135)
	at ui.pages.BasePage.clickOnElement(BasePage.java:135)
	at ui.pages.BasePage.clickOnElement(BasePage.java:135)
	at ui.pages.BasePage.clickOnElement(BasePage.java:135)
	at ui.pages.BasePage.clickOnElement(BasePage.java:135)
	at ui.pages.BasePage.clickOnElement(BasePage.java:135)
	at ui.pages.BasePage.clickOnElement(BasePage.java:135)
	at ui.pages.BasePage.clickOnElement(BasePage.java:135)
	at ui.pages.BasePage.clickOnElement(BasePage.java:135)
	at ui.pages.BasePage.clickOnElement(BasePage.java:135)
	at ui.pages.BasePage.clickOnElement(BasePage.java:135)
	at ui.pages.BasePage.clickOnElement(BasePage.java:135)
	at ui.pages.BasePage.clickOnElement(BasePage.java:135)
	at ui.pages.BasePage.clickOnElement(BasePage.java:135)
	at ui.pages.BasePage.clickOnElement(BasePage.java:135)
	at ui.pages.BasePage.clickOnElement(BasePage.java:135)
	at ui.pages.BasePage.clickOnElement(BasePage.java:135)
	at ui.pages.BasePage.clickOnElement(BasePage.java:135)
	at ui.pages.BasePage.clickOnElement(BasePage.java:135)
	at ui.pages.BasePage.clickOnElement(BasePage.java:135)
	at ui.pages.BasePage.clickOnElement(BasePage.java:135)
	at ui.pages.BasePage.clickOnElement(BasePage.java:135)
	at ui.pages.BasePage.clickOnElement(BasePage.java:135)
	at ui.pages.BasePage.clickOnElement(BasePage.java:135)
	at ui.pages.BasePage.clickOnElement(BasePage.java:135)
	at ui.pages.BasePage.clickOnElement(BasePage.java:135)
	at ui.pages.BasePage.clickOnElement(BasePage.java:135)
	at ui.pages.BasePage.clickOnElement(BasePage.java:135)
	at ui.pages.BasePage.clickOnElement(BasePage.java:135)
	at ui.pages.BasePage.clickOnElement(BasePage.java:135)
	at ui.pages.BasePage.clickOnElement(BasePage.java:135)
	at ui.pages.BasePage.clickOnElement(BasePage.java:135)
	at ui.pages.BasePage.clickOnElement(BasePage.java:135)
	at ui.pages.BasePage.clickOnElement(BasePage.java:135)
	at ui.pages.BasePage.clickOnElement(BasePage.java:135)
	at ui.pages.BasePage.clickOnElement(BasePage.java:135)
	at ui.pages.BasePage.clickOnElement(BasePage.java:135)
	at ui.pages.BasePage.clickOnElement(BasePage.java:135)
	at ui.pages.BasePage.clickOnElement(BasePage.java:135)
	at ui.pages.BasePage.clickOnElement(BasePage.java:135)
	at ui.pages.BasePage.clickOnElement(BasePage.java:135)
	at ui.pages.BasePage.clickOnElement(BasePage.java:135)
	at ui.pages.BasePage.clickOnElement(BasePage.java:135)
	at ui.pages.BasePage.clickOnElement(BasePage.java:135)
	at ui.pages.BasePage.clickOnElement(BasePage.java:135)
	at ui.pages.BasePage.clickOnElement(BasePage.java:135)
	at ui.pages.BasePage.clickOnElement(BasePage.java:135)
	at ui.pages.BasePage.clickOnElement(BasePage.java:135)
	at ui.pages.BasePage.clickOnElement(BasePage.java:135)
	at ui.pages.BasePage.clickOnElement(BasePage.java:135)
	at ui.pages.BasePage.clickOnElement(BasePage.java:135)
	at ui.pages.BasePage.clickOnElement(BasePage.java:135)
	at ui.pages.BasePage.clickOnElement(BasePage.java:135)
	at ui.pages.BasePage.clickOnElement(BasePage.java:135)
	at ui.pages.BasePage.clickOnElement(BasePage.java:135)
	at ui.pages.BasePage.clickOnElement(BasePage.java:135)
	at ui.pages.BasePage.clickOnElement(BasePage.java:135)
	at ui.pages.BasePage.clickOnElement(BasePage.java:135)
	at ui.pages.BasePage.clickOnElement(BasePage.java:135)
	at ui.pages.BasePage.clickOnElement(BasePage.java:135)
	at ui.pages.BasePage.clickOnElement(BasePage.java:135)
	at ui.pages.BasePage.clickOnElement(BasePage.java:135)
	at ui.pages.BasePage.clickOnElement(BasePage.java:135)
	at ui.pages.BasePage.clickOnElement(BasePage.java:135)
	at ui.pages.BasePage.clickOnElement(BasePage.java:135)
	at ui.pages.BasePage.clickOnElement(BasePage.java:135)
	at ui.pages.BasePage.clickOnElement(BasePage.java:135)
	at ui.pages.BasePage.clickOnElement(BasePage.java:135)
	at ui.pages.BasePage.clickOnElement(BasePage.java:135)
	at ui.pages.BasePage.clickOnElement(BasePage.java:135)
	at ui.pages.BasePage.clickOnElement(BasePage.java:135)
	at ui.pages.BasePage.clickOnElement(BasePage.java:135)
	at ui.pages.BasePage.clickOnElement(BasePage.java:135)
	at ui.pages.BasePage.clickOnElement(BasePage.java:135)
	at ui.pages.BasePage.clickOnElement(BasePage.java:135)
	at ui.pages.BasePage.clickOnElement(BasePage.java:135)
	at ui.pages.BasePage.clickOnElement(BasePage.java:135)
	at ui.pages.BasePage.clickOnElement(BasePage.java:135)
	at ui.pages.BasePage.clickOnElement(BasePage.java:135)
	at ui.pages.BasePage.clickOnElement(BasePage.java:135)
	at ui.pages.BasePage.clickOnElement(BasePage.java:135)
	at ui.pages.BasePage.clickOnElement(BasePage.java:135)
	at ui.pages.BasePage.clickOnElement(BasePage.java:135)
	at ui.pages.BasePage.clickOnElement(BasePage.java:135)
	at ui.pages.BasePage.clickOnElement(BasePage.java:135)
	at ui.pages.BasePage.clickOnElement(BasePage.java:135)
	at ui.pages.BasePage.clickOnElement(BasePage.java:135)
	at ui.pages.BasePage.clickOnElement(BasePage.java:135)
	at ui.pages.BasePage.clickOnElement(BasePage.java:135)
	at ui.pages.BasePage.clickOnElement(BasePage.java:135)
	at ui.pages.BasePage.clickOnElement(BasePage.java:135)
	at ui.pages.BasePage.clickOnElement(BasePage.java:135)
	at ui.pages.BasePage.clickOnElement(BasePage.java:135)
	at ui.pages.BasePage.clickOnElement(BasePage.java:135)
	at ui.pages.BasePage.clickOnElement(BasePage.java:135)
	at ui.pages.BasePage.clickOnElement(BasePage.java:135)
	at ui.pages.BasePage.clickOnElement(BasePage.java:135)
	at ui.pages.BasePage.clickOnElement(BasePage.java:135)
	at ui.pages.BasePage.clickOnElement(BasePage.java:135)
	at ui.pages.BasePage.clickOnElement(BasePage.java:135)
	at ui.pages.BasePage.clickOnElement(BasePage.java:135)
	at ui.pages.BasePage.clickOnElement(BasePage.java:135)
	at ui.pages.BasePage.clickOnElement(BasePage.java:135)
	at ui.pages.BasePage.clickOnElement(BasePage.java:135)
	at ui.pages.BasePage.clickOnElement(BasePage.java:135)
	at ui.pages.BasePage.clickOnElement(BasePage.java:135)
	at ui.pages.BasePage.clickOnElement(BasePage.java:135)
	at ui.pages.BasePage.clickOnElement(BasePage.java:135)
	at ui.pages.BasePage.clickOnElement(BasePage.java:135)
	at ui.pages.BasePage.clickOnElement(BasePage.java:135)
	at ui.pages.BasePage.clickOnElement(BasePage.java:135)
	at ui.pages.BasePage.clickOnElement(BasePage.java:135)
	at ui.pages.BasePage.clickOnElement(BasePage.java:135)
	at ui.pages.BasePage.clickOnElement(BasePage.java:135)
	at ui.pages.BasePage.clickOnElement(BasePage.java:135)
	at ui.pages.BasePage.clickOnElement(BasePage.java:135)
	at ui.pages.BasePage.clickOnElement(BasePage.java:135)
	at ui.pages.BasePage.clickOnElement(BasePage.java:135)
	at ui.pages.BasePage.clickOnElement(BasePage.java:135)
	at ui.pages.BasePage.clickOnElement(BasePage.java:135)
	at ui.pages.BasePage.clickOnElement(BasePage.java:135)
	at ui.pages.BasePage.clickOnElement(BasePage.java:135)
	at ui.pages.BasePage.clickOnElement(BasePage.java:135)
	at ui.pages.BasePage.clickOnElement(BasePage.java:135)
	at ui.pages.BasePage.clickOnElement(BasePage.java:135)
	at ui.pages.BasePage.clickOnElement(BasePage.java:135)
	at ui.pages.BasePage.clickOnElement(BasePage.java:135)
	at ui.pages.BasePage.clickOnElement(BasePage.java:135)
	at ui.pages.BasePage.clickOnElement(BasePage.java:135)
	at ui.pages.BasePage.clickOnElement(BasePage.java:135)
	at ui.pages.BasePage.clickOnElement(BasePage.java:135)
	at ui.pages.BasePage.clickOnElement(BasePage.java:135)
	at ui.pages.BasePage.clickOnElement(BasePage.java:135)
	at ui.pages.BasePage.clickOnElement(BasePage.java:135)
	at ui.pages.BasePage.clickOnElement(BasePage.java:135)
	at ui.pages.BasePage.clickOnElement(BasePage.java:135)
	at ui.pages.BasePage.clickOnElement(BasePage.java:135)
	at ui.pages.BasePage.clickOnElement(BasePage.java:135)
	at ui.pages.BasePage.clickOnElement(BasePage.java:135)
	at ui.pages.BasePage.clickOnElement(BasePage.java:135)
	at ui.pages.BasePage.clickOnElement(BasePage.java:135)
	at ui.pages.BasePage.clickOnElement(BasePage.java:135)
	at ui.pages.BasePage.clickOnElement(BasePage.java:135)
	at ui.pages.BasePage.clickOnElement(BasePage.java:135)
	at ui.pages.BasePage.clickOnElement(BasePage.java:135)
	at ui.pages.BasePage.clickOnElement(BasePage.java:135)
	at ui.pages.BasePage.clickOnElement(BasePage.java:135)
	at ui.pages.BasePage.clickOnElement(BasePage.java:135)
	at ui.pages.BasePage.clickOnElement(BasePage.java:135)
	at ui.pages.BasePage.clickOnElement(BasePage.java:135)
	at ui.pages.BasePage.clickOnElement(BasePage.java:135)
	at ui.pages.BasePage.clickOnElement(BasePage.java:135)
	at ui.pages.BasePage.clickOnElement(BasePage.java:135)
	at ui.pages.BasePage.clickOnElement(BasePage.java:135)
	at ui.pages.BasePage.clickOnElement(BasePage.java:135)
	at ui.pages.BasePage.clickOnElement(BasePage.java:135)
	at ui.pages.BasePage.clickOnElement(BasePage.java:135)
	at ui.pages.BasePage.clickOnElement(BasePage.java:135)
	at ui.pages.BasePage.clickOnElement(BasePage.java:135)
	at ui.pages.BasePage.clickOnElement(BasePage.java:135)
	at ui.pages.BasePage.clickOnElement(BasePage.java:135)
	at ui.pages.BasePage.clickOnElement(BasePage.java:135)
	at ui.pages.BasePage.clickOnElement(BasePage.java:135)
	at ui.pages.BasePage.clickOnElement(BasePage.java:135)
	at вњЅ.User clicks Release Assignment on Work Queue Assignments page(file:///C:/Users/Irina.Holovan/Documents/ignition-qa/AFS_Automation/WMS_Automation/src/test/resources/features/workqueue/assignmentlist/filteroption/WorkQueueFilterOptionScreen.feature:377)

  And Clicks Cancel Button for Assignment on Work Queue Assignments page                            # steps.workqueue.filteroption.WorkQueueAssignmentsPageSteps.clickCancelButton()
  And Checks assignment with index 1 on Work Queue Assignments page                                 # steps.workqueue.filteroption.WorkQueueAssignmentsPageSteps.checkAssignmentByAssignmentIndex(int)
  And Checks assignment with index 2 on Work Queue Assignments page                                 # steps.workqueue.filteroption.WorkQueueAssignmentsPageSteps.checkAssignmentByAssignmentIndex(int)
  And User clicks Release Assignment on Work Queue Assignments page                                 # steps.workqueue.filteroption.WorkQueueAssignmentsPageSteps.clickReleaseAssignment()
  And User clicks Clear Release for Assignment on Work Queue Assignments page                       # steps.workqueue.filteroption.WorkQueueAssignmentsPageSteps.clickClearRelease()
  And Validates empty date and time for Release Assignment on Work Queue Assignments page           # steps.validations.workqueue.filteroption.WorkQueueAssignmentsPageValidations.validateEmptyDateAndTime()
  And Clicks Save Button for Assignment on Work Queue Assignments page                              # steps.workqueue.filteroption.WorkQueueAssignmentsPageSteps.clickSaveButton()
  And Validates Successful message "Success" on Work Queue Assignments page                         # steps.validations.workqueue.filteroption.WorkQueueAssignmentsPageValidations.validateSuccessfulNotification(java.lang.String)
  And Checks assignment with index 2 on Work Queue Assignments page                                 # steps.workqueue.filteroption.WorkQueueAssignmentsPageSteps.checkAssignmentByAssignmentIndex(int)
  And User clicks Release Assignment on Work Queue Assignments page                                 # steps.workqueue.filteroption.WorkQueueAssignmentsPageSteps.clickReleaseAssignment()
  And User clicks Clear Release for Assignment on Work Queue Assignments page                       # steps.workqueue.filteroption.WorkQueueAssignmentsPageSteps.clickClearRelease()
  And Validates empty date and time for Release Assignment on Work Queue Assignments page           # steps.validations.workqueue.filteroption.WorkQueueAssignmentsPageValidations.validateEmptyDateAndTime()
  And Clicks Cancel Button for Assignment on Work Queue Assignments page                            # steps.workqueue.filteroption.WorkQueueAssignmentsPageSteps.clickCancelButton()
  And Checks assignment with index 1 on Work Queue Assignments page                                 # steps.workqueue.filteroption.WorkQueueAssignmentsPageSteps.checkAssignmentByAssignmentIndex(int)
  And User clicks Release Assignment on Work Queue Assignments page                                 # steps.workqueue.filteroption.WorkQueueAssignmentsPageSteps.clickReleaseAssignment()
  And User selects User "Admin" for Assignment on Work Queue Assignments page                       # steps.workqueue.filteroption.WorkQueueAssignmentsPageSteps.selectAssignmentUser(java.lang.String)
  And Clicks Cancel Button for Assignment on Work Queue Assignments page                            # steps.workqueue.filteroption.WorkQueueAssignmentsPageSteps.clickCancelButton()
  And Checks assignment with index 0 on Work Queue Assignments page                                 # steps.workqueue.filteroption.WorkQueueAssignmentsPageSteps.checkAssignmentByAssignmentIndex(int)
  And Checks assignment with index 1 on Work Queue Assignments page                                 # steps.workqueue.filteroption.WorkQueueAssignmentsPageSteps.checkAssignmentByAssignmentIndex(int)
  And User clicks Release Assignment on Work Queue Assignments page                                 # steps.workqueue.filteroption.WorkQueueAssignmentsPageSteps.clickReleaseAssignment()
  And Validates current date and time for Release Assignment on Work Queue Assignments page         # steps.validations.workqueue.filteroption.WorkQueueAssignmentsPageValidations.validateReleaseDateAndTime()
  And Validates Assignment popup Cancel and Save buttons are present on Work Queue Assignments page # steps.validations.workqueue.filteroption.WorkQueueAssignmentsPageValidations.validateAssignmentPopupButtons()
  And User selects User "AFSWS User" for Assignment on Work Queue Assignments page                  # steps.workqueue.filteroption.WorkQueueAssignmentsPageSteps.selectAssignmentUser(java.lang.String)
  And Clicks Save Button for Assignment on Work Queue Assignments page                              # steps.workqueue.filteroption.WorkQueueAssignmentsPageSteps.clickSaveButton()
  And Validates Successful message "Success" on Work Queue Assignments page                         # steps.validations.workqueue.filteroption.WorkQueueAssignmentsPageValidations.validateSuccessfulNotification(java.lang.String)
  And Checks assignment with index 0 on Work Queue Assignments page                                 # steps.workqueue.filteroption.WorkQueueAssignmentsPageSteps.checkAssignmentByAssignmentIndex(int)
  And Checks assignment with index 1 on Work Queue Assignments page                                 # steps.workqueue.filteroption.WorkQueueAssignmentsPageSteps.checkAssignmentByAssignmentIndex(int)
  And User clicks Release Assignment on Work Queue Assignments page                                 # steps.workqueue.filteroption.WorkQueueAssignmentsPageSteps.clickReleaseAssignment()
  And Validates current date and time for Release Assignment on Work Queue Assignments page         # steps.validations.workqueue.filteroption.WorkQueueAssignmentsPageValidations.validateReleaseDateAndTime()
  And Validates Assignment popup Cancel and Save buttons are present on Work Queue Assignments page # steps.validations.workqueue.filteroption.WorkQueueAssignmentsPageValidations.validateAssignmentPopupButtons()
  And User selects User "RF User" for Assignment on Work Queue Assignments page                     # steps.workqueue.filteroption.WorkQueueAssignmentsPageSteps.selectAssignmentUser(java.lang.String)
  And Clicks Cancel Button for Assignment on Work Queue Assignments page                            # steps.workqueue.filteroption.WorkQueueAssignmentsPageSteps.clickCancelButton()
]]></system-out>
    <system-err><![CDATA[Jul 17, 2023 6:23:23 PM org.openqa.selenium.remote.RemoteWebDriver checkNonW3CCapabilities
WARNING: Support for Legacy Capabilities is deprecated; You are sending the following invalid capabilities: [download.directory_upgrade, download.prompt_for_download, safebrowsing.enabled]; Please update to W3C Syntax: https://www.selenium.dev/blog/2022/legacy-protocol-support/
Starting ChromeDriver 114.0.5735.90 (386bc09e8f4f2e025eddae123f36f6263096ae49-refs/branch-heads/5735@{#1052}) on port 25308
Only local connections are allowed.
Please see https://chromedriver.chromium.org/security-considerations for suggestions on keeping ChromeDriver safe.
ChromeDriver was started successfully.
Jul 17, 2023 6:23:24 PM org.openqa.selenium.remote.ProtocolHandshake createSession
WARNING: Support for Legacy Capabilities is deprecated; You are sending the following invalid capabilities: [download.directory_upgrade, download.prompt_for_download, safebrowsing.enabled]; Please update to W3C Syntax: https://www.selenium.dev/blog/2022/legacy-protocol-support/
Jul 17, 2023 6:23:24 PM org.openqa.selenium.devtools.CdpVersionFinder findNearestMatch
WARNING: Unable to find CDP implementation matching 114
Jul 17, 2023 6:23:24 PM org.openqa.selenium.chromium.ChromiumDriver lambda$new$3
WARNING: Unable to find version of CDP to use for . You may need to include a dependency on a specific version of the CDP using something similar to `org.seleniumhq.selenium:selenium-devtools-v86:4.8.0` where the version ("v86") matches the version of the chromium-based browser you're using and the version number of the artifact is the same as Selenium's.
]]></system-err>
  </testcase>
  <testcase name="runScenario" classname="runners.WorkQueueCucumberRunner" time="106.509"/>
  <testcase name="runScenario" classname="runners.WorkQueueCucumberRunner" time="89.277">
    <failure type="java.lang.NullPointerException">java.lang.NullPointerException
</failure>
    <system-out><![CDATA[ createdDriver ChromeDriver: chrome on WINDOWS (27cec22c9ee63bca7f4f494875a665fd)
 driverThreadLocal  java.lang.ThreadLocal@64dc86c6

@WorkQueue @Regression
Scenario: Checking Assignment Details of Work Queue Assignments screen functionality # src/test/resources/features/workqueue/assignmentlist/filteroption/WorkQueueFilterOptionScreen.feature:425
  Given User signs in the application                                                # steps.LoginPageSteps.loginToApplication()
  And Main page is loaded                                                            # steps.DockManagementSummaryPageSteps.goToDockManagementSummaryPage()
  And DockManagement Summary Page is validated                                       # steps.validations.DockManagementSummaryPageValidations.validateDockManagementSummaryPage()
  And Go to Work Queue Assignments page                                              # steps.DockManagementSummaryPageSteps.goToWorkQueueAssignmentsPage()
  And Waits for Work Queue Assignments page to load                                  # steps.workqueue.filteroption.WorkQueueAssignmentsPageSteps.waitForWorkQueueAssignmentsPageToLoad()
  When Clicks assignment with index 0 on Work Queue Assignments page                 # steps.workqueue.filteroption.WorkQueueAssignmentsPageSteps.clickAssignmentByAssignmentIndex(int)
  And Validates Assignment details on Work Queue Assignments page                    # steps.validations.workqueue.filteroption.WorkQueueAssignmentsPageValidations.validateAssignmentDetails()
      java.lang.NullPointerException
	at org.openqa.selenium.support.ui.ExpectedConditions.elementIfVisible(ExpectedConditions.java:307)
	at org.openqa.selenium.support.ui.ExpectedConditions.access$000(ExpectedConditions.java:40)
	at org.openqa.selenium.support.ui.ExpectedConditions$10.apply(ExpectedConditions.java:293)
	at org.openqa.selenium.support.ui.ExpectedConditions$10.apply(ExpectedConditions.java:290)
	at org.openqa.selenium.support.ui.FluentWait.until(FluentWait.java:208)
	at common.utils.Waiters.waitForElementToBeDisplay(Waiters.java:66)
	at ui.pages.workqueue.assignmentlist.filteroption.WorkQueueAssignmentsPage.isEditTaskButtonDisplayed(WorkQueueAssignmentsPage.java:820)
	at steps.validations.workqueue.filteroption.WorkQueueAssignmentsPageValidations.validateAssignmentDetails(WorkQueueAssignmentsPageValidations.java:121)
	at вњЅ.Validates Assignment details on Work Queue Assignments page(file:///C:/Users/Irina.Holovan/Documents/ignition-qa/AFS_Automation/WMS_Automation/src/test/resources/features/workqueue/assignmentlist/filteroption/WorkQueueFilterOptionScreen.feature:432)

  Then User clicks Close on Work Queue Assignments page                              # steps.workqueue.filteroption.WorkQueueAssignmentsPageSteps.clickCloseBtn()
  And Work Queue Assignments Page is validated                                       # steps.validations.workqueue.filteroption.WorkQueueAssignmentsPageValidations.validateWorkQueueAssignmentsPage()
]]></system-out>
    <system-err><![CDATA[Jul 17, 2023 6:27:41 PM org.openqa.selenium.remote.RemoteWebDriver checkNonW3CCapabilities
WARNING: Support for Legacy Capabilities is deprecated; You are sending the following invalid capabilities: [download.directory_upgrade, download.prompt_for_download, safebrowsing.enabled]; Please update to W3C Syntax: https://www.selenium.dev/blog/2022/legacy-protocol-support/
Starting ChromeDriver 114.0.5735.90 (386bc09e8f4f2e025eddae123f36f6263096ae49-refs/branch-heads/5735@{#1052}) on port 10458
Only local connections are allowed.
Please see https://chromedriver.chromium.org/security-considerations for suggestions on keeping ChromeDriver safe.
ChromeDriver was started successfully.
Jul 17, 2023 6:27:42 PM org.openqa.selenium.remote.ProtocolHandshake createSession
WARNING: Support for Legacy Capabilities is deprecated; You are sending the following invalid capabilities: [download.directory_upgrade, download.prompt_for_download, safebrowsing.enabled]; Please update to W3C Syntax: https://www.selenium.dev/blog/2022/legacy-protocol-support/
Jul 17, 2023 6:27:42 PM org.openqa.selenium.devtools.CdpVersionFinder findNearestMatch
WARNING: Unable to find CDP implementation matching 114
Jul 17, 2023 6:27:42 PM org.openqa.selenium.chromium.ChromiumDriver lambda$new$3
WARNING: Unable to find version of CDP to use for . You may need to include a dependency on a specific version of the CDP using something similar to `org.seleniumhq.selenium:selenium-devtools-v86:4.8.0` where the version ("v86") matches the version of the chromium-based browser you're using and the version number of the artifact is the same as Selenium's.
org.openqa.selenium.NoSuchElementException: no such element: Unable to locate element: {"method":"css selector","selector":"#editTaskButton"}
  (Session info: chrome=114.0.5735.199)
For documentation on this error, please visit: https://selenium.dev/exceptions/#no_such_element
Build info: version: '4.8.0', revision: '267030adea'
System info: os.name: 'Windows 10', os.arch: 'amd64', os.version: '10.0', java.version: '11.0.2'
Driver info: org.openqa.selenium.chrome.ChromeDriver
Command: [27cec22c9ee63bca7f4f494875a665fd, findElement {using=css selector, value=#editTaskButton}]
Capabilities {acceptInsecureCerts: false, browserName: chrome, browserVersion: 114.0.5735.199, chrome: {chromedriverVersion: 114.0.5735.90 (386bc09e8f4f..., userDataDir: C:\Users\IRINA~1.HOL\AppDat...}, goog:chromeOptions: {debuggerAddress: localhost:54236}, networkConnectionEnabled: false, pageLoadStrategy: normal, platformName: WINDOWS, proxy: Proxy(), se:cdp: ws://localhost:54236/devtoo..., se:cdpVersion: 114.0.5735.199, setWindowRect: true, strictFileInteractability: false, timeouts: {implicit: 0, pageLoad: 300000, script: 30000}, unhandledPromptBehavior: dismiss and notify, webauthn:extension:credBlob: true, webauthn:extension:largeBlob: true, webauthn:extension:minPinLength: true, webauthn:extension:prf: true, webauthn:virtualAuthenticators: true}
Session ID: 27cec22c9ee63bca7f4f494875a665fd
	at java.base/jdk.internal.reflect.NativeConstructorAccessorImpl.newInstance0(Native Method)
	at java.base/jdk.internal.reflect.NativeConstructorAccessorImpl.newInstance(NativeConstructorAccessorImpl.java:62)
	at java.base/jdk.internal.reflect.DelegatingConstructorAccessorImpl.newInstance(DelegatingConstructorAccessorImpl.java:45)
	at java.base/java.lang.reflect.Constructor.newInstance(Constructor.java:490)
	at org.openqa.selenium.remote.codec.w3c.W3CHttpResponseCodec.createException(W3CHttpResponseCodec.java:200)
	at org.openqa.selenium.remote.codec.w3c.W3CHttpResponseCodec.decode(W3CHttpResponseCodec.java:133)
	at org.openqa.selenium.remote.codec.w3c.W3CHttpResponseCodec.decode(W3CHttpResponseCodec.java:53)
	at org.openqa.selenium.remote.HttpCommandExecutor.execute(HttpCommandExecutor.java:184)
	at org.openqa.selenium.remote.service.DriverCommandExecutor.invokeExecute(DriverCommandExecutor.java:167)
	at org.openqa.selenium.remote.service.DriverCommandExecutor.execute(DriverCommandExecutor.java:142)
	at org.openqa.selenium.remote.RemoteWebDriver.execute(RemoteWebDriver.java:543)
	at org.openqa.selenium.remote.ElementLocation$ElementFinder$2.findElement(ElementLocation.java:162)
	at org.openqa.selenium.remote.ElementLocation.findElement(ElementLocation.java:60)
	at org.openqa.selenium.remote.RemoteWebDriver.findElement(RemoteWebDriver.java:352)
	at org.openqa.selenium.remote.RemoteWebDriver.findElement(RemoteWebDriver.java:344)
	at ui.pages.BasePage.findWebElement(BasePage.java:322)
	at ui.pages.workqueue.assignmentlist.filteroption.WorkQueueAssignmentsPage.getEditTaskButton(WorkQueueAssignmentsPage.java:1123)
	at ui.pages.workqueue.assignmentlist.filteroption.WorkQueueAssignmentsPage.isEditTaskButtonDisplayed(WorkQueueAssignmentsPage.java:820)
	at steps.validations.workqueue.filteroption.WorkQueueAssignmentsPageValidations.validateAssignmentDetails(WorkQueueAssignmentsPageValidations.java:121)
	at java.base/jdk.internal.reflect.NativeMethodAccessorImpl.invoke0(Native Method)
	at java.base/jdk.internal.reflect.NativeMethodAccessorImpl.invoke(NativeMethodAccessorImpl.java:62)
	at java.base/jdk.internal.reflect.DelegatingMethodAccessorImpl.invoke(DelegatingMethodAccessorImpl.java:43)
	at java.base/java.lang.reflect.Method.invoke(Method.java:566)
	at io.cucumber.java.Invoker.doInvoke(Invoker.java:66)
	at io.cucumber.java.Invoker.invoke(Invoker.java:24)
	at io.cucumber.java.AbstractGlueDefinition.invokeMethod(AbstractGlueDefinition.java:47)
	at io.cucumber.java.JavaStepDefinition.execute(JavaStepDefinition.java:29)
	at io.cucumber.core.runner.CoreStepDefinition.execute(CoreStepDefinition.java:66)
	at io.cucumber.core.runner.PickleStepDefinitionMatch.runStep(PickleStepDefinitionMatch.java:63)
	at io.cucumber.core.runner.ExecutionMode$1.execute(ExecutionMode.java:10)
	at io.cucumber.core.runner.TestStep.executeStep(TestStep.java:85)
	at io.cucumber.core.runner.TestStep.run(TestStep.java:57)
	at io.cucumber.core.runner.PickleStepTestStep.run(PickleStepTestStep.java:51)
	at io.cucumber.core.runner.TestCase.run(TestCase.java:84)
	at io.cucumber.core.runner.Runner.runPickle(Runner.java:75)
	at io.cucumber.testng.TestNGCucumberRunner.lambda$runScenario$1(TestNGCucumberRunner.java:132)
	at io.cucumber.core.runtime.CucumberExecutionContext.lambda$runTestCase$5(CucumberExecutionContext.java:129)
	at io.cucumber.core.runtime.RethrowingThrowableCollector.executeAndThrow(RethrowingThrowableCollector.java:23)
	at io.cucumber.core.runtime.CucumberExecutionContext.runTestCase(CucumberExecutionContext.java:129)
	at io.cucumber.testng.TestNGCucumberRunner.runScenario(TestNGCucumberRunner.java:129)
	at io.cucumber.testng.AbstractTestNGCucumberTests.runScenario(AbstractTestNGCucumberTests.java:35)
	at jdk.internal.reflect.GeneratedMethodAccessor119.invoke(Unknown Source)
	at java.base/jdk.internal.reflect.DelegatingMethodAccessorImpl.invoke(DelegatingMethodAccessorImpl.java:43)
	at java.base/java.lang.reflect.Method.invoke(Method.java:566)
	at org.testng.internal.invokers.MethodInvocationHelper.invokeMethod(MethodInvocationHelper.java:139)
	at org.testng.internal.invokers.TestInvoker.invokeMethod(TestInvoker.java:677)
	at org.testng.internal.invokers.TestInvoker.invokeTestMethod(TestInvoker.java:221)
	at org.testng.internal.invokers.MethodRunner.runInSequence(MethodRunner.java:50)
	at org.testng.internal.invokers.TestInvoker$MethodInvocationAgent.invoke(TestInvoker.java:969)
	at org.testng.internal.invokers.TestInvoker.invokeTestMethods(TestInvoker.java:194)
	at org.testng.internal.invokers.TestMethodWorker.invokeTestMethods(TestMethodWorker.java:148)
	at org.testng.internal.invokers.TestMethodWorker.run(TestMethodWorker.java:128)
	at java.base/java.util.ArrayList.forEach(ArrayList.java:1540)
	at org.testng.TestRunner.privateRun(TestRunner.java:829)
	at org.testng.TestRunner.run(TestRunner.java:602)
	at org.testng.SuiteRunner.runTest(SuiteRunner.java:437)
	at org.testng.SuiteRunner.runSequentially(SuiteRunner.java:431)
	at org.testng.SuiteRunner.privateRun(SuiteRunner.java:391)
	at org.testng.SuiteRunner.run(SuiteRunner.java:330)
	at org.testng.SuiteRunnerWorker.runSuite(SuiteRunnerWorker.java:52)
	at org.testng.SuiteRunnerWorker.run(SuiteRunnerWorker.java:95)
	at org.testng.TestNG.runSuitesSequentially(TestNG.java:1256)
	at org.testng.TestNG.runSuitesLocally(TestNG.java:1176)
	at org.testng.TestNG.runSuites(TestNG.java:1099)
	at org.testng.TestNG.run(TestNG.java:1067)
	at org.apache.maven.surefire.testng.TestNGExecutor.run(TestNGExecutor.java:283)
	at org.apache.maven.surefire.testng.TestNGXmlTestSuite.execute(TestNGXmlTestSuite.java:75)
	at org.apache.maven.surefire.testng.TestNGProvider.invoke(TestNGProvider.java:120)
	at org.apache.maven.surefire.booter.ForkedBooter.invokeProviderInSameClassLoader(ForkedBooter.java:384)
	at org.apache.maven.surefire.booter.ForkedBooter.runSuitesInProcess(ForkedBooter.java:345)
	at org.apache.maven.surefire.booter.ForkedBooter.execute(ForkedBooter.java:126)
	at org.apache.maven.surefire.booter.ForkedBooter.main(ForkedBooter.java:418)
]]></system-err>
  </testcase>
  <testcase name="runScenario" classname="runners.WorkQueueCucumberRunner" time="80.83"/>
  <testcase name="runScenario" classname="runners.WorkQueueCucumberRunner" time="76.656"/>
  <testcase name="runScenario" classname="runners.WorkQueueCucumberRunner" time="82.119"/>
  <testcase name="runScenario" classname="runners.WorkQueueCucumberRunner" time="84.349"/>
  <testcase name="runScenario" classname="runners.WorkQueueCucumberRunner" time="75.896"/>
  <testcase name="runScenario" classname="runners.WorkQueueCucumberRunner" time="81.795"/>
  <testcase name="runScenario" classname="runners.WorkQueueCucumberRunner" time="83.492"/>
  <testcase name="runScenario" classname="runners.WorkQueueCucumberRunner" time="78.762"/>
  <testcase name="runScenario" classname="runners.WorkQueueCucumberRunner" time="79.357"/>
  <testcase name="runScenario" classname="runners.WorkQueueCucumberRunner" time="78.456"/>
  <testcase name="runScenario" classname="runners.WorkQueueCucumberRunner" time="76.333"/>
  <testcase name="runScenario" classname="runners.WorkQueueCucumberRunner" time="87.29"/>
  <testcase name="runScenario" classname="runners.WorkQueueCucumberRunner" time="92.076"/>
  <testcase name="runScenario" classname="runners.WorkQueueCucumberRunner" time="74.32"/>
  <testcase name="runScenario" classname="runners.WorkQueueCucumberRunner" time="99.433"/>
  <testcase name="runScenario" classname="runners.WorkQueueCucumberRunner" time="70.568"/>
  <testcase name="runScenario" classname="runners.WorkQueueCucumberRunner" time="91.158"/>
</testsuite>