<?xml version="1.0" encoding="UTF-8"?>
<!-- Generated by org.testng.reporters.JUnitReportReporter -->
<testsuite hostname="AFSWMSBA02" failures="0" tests="3" name="runners.WorkQueueCucumberRunner" time="135.190" errors="2" timestamp="2023-06-29T14:42:52 EDT" skipped="0">
  <testcase classname="runners.WorkQueueCucumberRunner" name="runScenario" time="61.122">
    <error message="Cannot invoke &quot;org.openqa.selenium.WebElement.isDisplayed()&quot; because &quot;element&quot; is null" type="java.lang.NullPointerException">
      <![CDATA[java.lang.NullPointerException: Cannot invoke "org.openqa.selenium.WebElement.isDisplayed()" because "element" is null
at org.openqa.selenium.support.ui.ExpectedConditions.elementIfVisible(ExpectedConditions.java:307)
at org.openqa.selenium.support.ui.ExpectedConditions.access$000(ExpectedConditions.java:40)
at org.openqa.selenium.support.ui.ExpectedConditions$10.apply(ExpectedConditions.java:293)
at org.openqa.selenium.support.ui.ExpectedConditions$10.apply(ExpectedConditions.java:290)
at org.openqa.selenium.support.ui.FluentWait.until(FluentWait.java:208)
at common.utils.Waiters.waitForElementToBeDisplay(Waiters.java:66)
at ui.pages.workqueue.workassign.WorkQueueWorkAssignPage.waitWorkQueueWorkAssignPageToLoad(WorkQueueWorkAssignPage.java:45)
at steps.workqueue.workassign.WorkQueueWorkAssignSteps.waitForWorkQueueTaskPageToLoad(WorkQueueWorkAssignSteps.java:16)
at ✽.Waits for Work Queue Work Assign page to load(file:///E:/GithubBuilds/IgnitionQA/_work/ignition-qa/ignition-qa/AFS_Automation/WMS_Automation/src/test/resources/features/workqueue/assignwork/WorkQueueAssignWorkScreen.feature:25)
]]>
    </error>
  </testcase> <!-- runScenario -->
  <system-out/>
  <testcase classname="runners.WorkQueueCucumberRunner" name="runScenario" time="59.936">
    <error message="Cannot invoke &quot;org.openqa.selenium.WebElement.isDisplayed()&quot; because &quot;element&quot; is null" type="java.lang.NullPointerException">
      <![CDATA[java.lang.NullPointerException: Cannot invoke "org.openqa.selenium.WebElement.isDisplayed()" because "element" is null
at org.openqa.selenium.support.ui.ExpectedConditions.elementIfVisible(ExpectedConditions.java:307)
at org.openqa.selenium.support.ui.ExpectedConditions.access$000(ExpectedConditions.java:40)
at org.openqa.selenium.support.ui.ExpectedConditions$10.apply(ExpectedConditions.java:293)
at org.openqa.selenium.support.ui.ExpectedConditions$10.apply(ExpectedConditions.java:290)
at org.openqa.selenium.support.ui.FluentWait.until(FluentWait.java:208)
at common.utils.Waiters.waitForElementToBeDisplay(Waiters.java:66)
at ui.pages.workqueue.workassign.WorkQueueWorkAssignPage.waitWorkQueueWorkAssignPageToLoad(WorkQueueWorkAssignPage.java:45)
at steps.workqueue.workassign.WorkQueueWorkAssignSteps.waitForWorkQueueTaskPageToLoad(WorkQueueWorkAssignSteps.java:16)
at ✽.Waits for Work Queue Work Assign page to load(file:///E:/GithubBuilds/IgnitionQA/_work/ignition-qa/ignition-qa/AFS_Automation/WMS_Automation/src/test/resources/features/workqueue/assignwork/WorkQueueAssignWorkScreen.feature:9)
]]>
    </error>
  </testcase> <!-- runScenario -->
  <system-out/>
  <testcase classname="runners.WorkQueueCucumberRunner" name="runScenario" time="14.132"/>
  <system-out/>
</testsuite> <!-- runners.WorkQueueCucumberRunner -->
