<?xml version="1.0" encoding="UTF-8"?>
<!-- Generated by org.testng.reporters.JUnitReportReporter -->
<testsuite hostname="Exceedra-IND-KA" failures="0" tests="1" name="runners.WorkQueueCucumberRunner" time="25.239" errors="0" timestamp="2023-07-03T21:11:19 IST" skipped="0">
  <testcase classname="runners.WorkQueueCucumberRunner" name="runScenario" time="25.239"/>
  <system-out/>
</testsuite> <!-- runners.WorkQueueCucumberRunner -->
