<?xml version="1.0" encoding="UTF-8"?>
<!-- Generated by org.testng.reporters.JUnitReportReporter -->
<testsuite hostname="Exceedra-IND-KA" failures="0" tests="1" name="runners.AppointmentsCucumberRunner" time="30.525" errors="0" timestamp="2023-06-16T18:10:04 IST" skipped="0">
  <testcase classname="runners.AppointmentsCucumberRunner" name="runScenario" time="30.525"/>
  <system-out/>
</testsuite> <!-- runners.AppointmentsCucumberRunner -->
