<?xml version="1.0" encoding="UTF-8"?>
<!-- Generated by org.testng.reporters.JUnitReportReporter -->
<testsuite hostname="Exceedra-IND-KA" failures="0" tests="1" name="runners.msg_delay_wms" time="25.651" errors="0" timestamp="2023-07-05T01:52:27 IST" skipped="0">
  <testcase classname="runners.msg_delay_wms" name="runScenario" time="25.651"/>
  <system-out/>
</testsuite> <!-- runners.msg_delay_wms -->
