<?xml version="1.0" encoding="UTF-8"?>
<!-- Generated by org.testng.reporters.JUnitReportReporter -->
<testsuite hostname="UA21005" failures="2" tests="43" name="runners.WorkQueueCucumberRunner" time="4152.562" errors="3" timestamp="2023-07-17T18:55:40 EEST" skipped="0">
  <testcase classname="runners.WorkQueueCucumberRunner" name="runScenario" time="81.331"/>
  <system-out/>
  <testcase classname="runners.WorkQueueCucumberRunner" name="runScenario" time="86.422"/>
  <system-out/>
  <testcase classname="runners.WorkQueueCucumberRunner" name="runScenario" time="104.951"/>
  <system-out/>
  <testcase classname="runners.WorkQueueCucumberRunner" name="runScenario" time="92.029"/>
  <system-out/>
  <testcase classname="runners.WorkQueueCucumberRunner" name="runScenario" time="96.239"/>
  <system-out/>
  <testcase classname="runners.WorkQueueCucumberRunner" name="runScenario" time="85.065"/>
  <system-out/>
  <testcase classname="runners.WorkQueueCucumberRunner" name="runScenario" time="89.938"/>
  <system-out/>
  <testcase classname="runners.WorkQueueCucumberRunner" name="runScenario" time="83.244"/>
  <system-out/>
  <testcase classname="runners.WorkQueueCucumberRunner" name="runScenario" time="88.968"/>
  <system-out/>
  <testcase classname="runners.WorkQueueCucumberRunner" name="runScenario" time="80.159"/>
  <system-out/>
  <testcase classname="runners.WorkQueueCucumberRunner" name="runScenario" time="116.065"/>
  <system-out/>
  <testcase classname="runners.WorkQueueCucumberRunner" name="runScenario" time="89.147"/>
  <system-out/>
  <testcase classname="runners.WorkQueueCucumberRunner" name="runScenario" time="89.705"/>
  <system-out/>
  <testcase classname="runners.WorkQueueCucumberRunner" name="runScenario" time="92.602"/>
  <system-out/>
  <testcase classname="runners.WorkQueueCucumberRunner" name="runScenario" time="114.568">
    <error type="java.lang.NullPointerException">
      <![CDATA[java.lang.NullPointerException
at org.openqa.selenium.support.ui.ExpectedConditions.elementIfVisible(ExpectedConditions.java:307)
at org.openqa.selenium.support.ui.ExpectedConditions.access$000(ExpectedConditions.java:40)
at org.openqa.selenium.support.ui.ExpectedConditions$10.apply(ExpectedConditions.java:293)
at org.openqa.selenium.support.ui.ExpectedConditions$10.apply(ExpectedConditions.java:290)
at org.openqa.selenium.support.ui.FluentWait.until(FluentWait.java:208)
at common.utils.Waiters.waitForElementToBeDisplay(Waiters.java:66)
at ui.pages.workqueue.assignmentlist.filteroption.WorkQueueAssignmentsPage.isEditTaskButtonDisplayed(WorkQueueAssignmentsPage.java:820)
at steps.validations.workqueue.filteroption.WorkQueueAssignmentsPageValidations.validateAssignmentDetails(WorkQueueAssignmentsPageValidations.java:121)
at ✽.Validates Assignment details on Work Queue Assignments page(file:///C:/Users/Irina.Holovan/Documents/ignition-qa/AFS_Automation/WMS_Automation/src/test/resources/features/workqueue/assignmentlist/filteroption/WorkQueueFilterOptionScreen.feature:432)
]]>
    </error>
  </testcase> <!-- runScenario -->
  <system-out/>
  <testcase classname="runners.WorkQueueCucumberRunner" name="runScenario" time="83.661"/>
  <system-out/>
  <testcase classname="runners.WorkQueueCucumberRunner" name="runScenario" time="88.464"/>
  <system-out/>
  <testcase classname="runners.WorkQueueCucumberRunner" name="runScenario" time="79.594"/>
  <system-out/>
  <testcase classname="runners.WorkQueueCucumberRunner" name="runScenario" time="87.289"/>
  <system-out/>
  <testcase classname="runners.WorkQueueCucumberRunner" name="runScenario" time="87.587"/>
  <system-out/>
  <testcase classname="runners.WorkQueueCucumberRunner" name="runScenario" time="92.924"/>
  <system-out/>
  <testcase classname="runners.WorkQueueCucumberRunner" name="runScenario" time="84.455"/>
  <system-out/>
  <testcase classname="runners.WorkQueueCucumberRunner" name="runScenario" time="107.223"/>
  <system-out/>
  <testcase classname="runners.WorkQueueCucumberRunner" name="runScenario" time="73.688">
    <failure message="The following asserts failed:
	Warning Message is not correct expected [Delete selected assignment?] but found [Delete]" type="java.lang.AssertionError">
      <![CDATA[java.lang.AssertionError: The following asserts failed:
Warning Message is not correct expected [Delete selected assignment?] but found [Delete]
at org.testng.asserts.SoftAssert.assertAll(SoftAssert.java:46)
at org.testng.asserts.SoftAssert.assertAll(SoftAssert.java:30)
at steps.validations.workqueue.filteroption.WorkQueueAssignmentsPageValidations.validateWarningMessage(WorkQueueAssignmentsPageValidations.java:99)
at ✽.Validates "Delete selected assignment?" message content on dialog popup on Work Queue Assignments page(file:///C:/Users/Irina.Holovan/Documents/ignition-qa/AFS_Automation/WMS_Automation/src/test/resources/features/workqueue/assignmentlist/filteroption/WorkQueueFilterOptionScreen.feature:350)
]]>
    </failure>
  </testcase> <!-- runScenario -->
  <system-out/>
  <testcase classname="runners.WorkQueueCucumberRunner" name="runScenario" time="89.743"/>
  <system-out/>
  <testcase classname="runners.WorkQueueCucumberRunner" name="runScenario" time="83.298"/>
  <system-out/>
  <testcase classname="runners.WorkQueueCucumberRunner" name="runScenario" time="101.026"/>
  <system-out/>
  <testcase classname="runners.WorkQueueCucumberRunner" name="runScenario" time="88.344">
    <failure message="The following asserts failed:
	Items Found is 0 expected [true] but found [false]" type="java.lang.AssertionError">
      <![CDATA[java.lang.AssertionError: The following asserts failed:
Items Found is 0 expected [true] but found [false]
at org.testng.asserts.SoftAssert.assertAll(SoftAssert.java:46)
at org.testng.asserts.SoftAssert.assertAll(SoftAssert.java:30)
at steps.validations.workqueue.filteroption.WorkQueueAssignmentsPageValidations.validateGridItemsPresent(WorkQueueAssignmentsPageValidations.java:30)
at ✽.Validates Grid items are present on Work Queue Assignments page(file:///C:/Users/Irina.Holovan/Documents/ignition-qa/AFS_Automation/WMS_Automation/src/test/resources/features/workqueue/assignmentlist/filteroption/WorkQueueFilterOptionScreen.feature:151)
]]>
    </failure>
  </testcase> <!-- runScenario -->
  <system-out/>
  <testcase classname="runners.WorkQueueCucumberRunner" name="runScenario" time="111.297"/>
  <system-out/>
  <testcase classname="runners.WorkQueueCucumberRunner" name="runScenario" time="200.073">
    <error message="Expected condition failed: waiting for visibility of element located by By.xpath: //input[contains(@id, &#039;Pick Dry&#039;)] (tried for 100 second(s) with 1000 milliseconds interval)
Build info: version: &#039;4.8.0&#039;, revision: &#039;267030adea&#039;
System info: os.name: &#039;Windows 10&#039;, os.arch: &#039;amd64&#039;, os.version: &#039;10.0&#039;, java.version: &#039;11.0.2&#039;
Driver info: driver.version: unknown" type="org.openqa.selenium.TimeoutException">
      <![CDATA[org.openqa.selenium.TimeoutException: Expected condition failed: waiting for visibility of element located by By.xpath: //input[contains(@id, 'Pick Dry')] (tried for 100 second(s) with 1000 milliseconds interval)
Build info: version: '4.8.0', revision: '267030adea'
System info: os.name: 'Windows 10', os.arch: 'amd64', os.version: '10.0', java.version: '11.0.2'
Driver info: driver.version: unknown
at org.openqa.selenium.support.ui.FluentWait.timeoutException(FluentWait.java:263)
at org.openqa.selenium.support.ui.FluentWait.until(FluentWait.java:231)
at common.utils.Waiters.waitForElementToBeDisplay(Waiters.java:70)
at ui.pages.workqueue.assignmentlist.filteroption.WorkQueueAssignmentsPage.clickAssignmentTypePickDry(WorkQueueAssignmentsPage.java:247)
at steps.workqueue.filteroption.WorkQueueAssignmentsPageSteps.clickAssignmentTypePickDry(WorkQueueAssignmentsPageSteps.java:366)
at ✽.Checks Assignment type Pick Dry on Work Queue Assignments page(file:///C:/Users/Irina.Holovan/Documents/ignition-qa/AFS_Automation/WMS_Automation/src/test/resources/features/workqueue/assignmentlist/filteroption/WorkQueueFilterOptionScreen.feature:238)
]]>
    </error>
  </testcase> <!-- runScenario -->
  <system-out/>
  <testcase classname="runners.WorkQueueCucumberRunner" name="runScenario" time="100.915"/>
  <system-out/>
  <testcase classname="runners.WorkQueueCucumberRunner" name="runScenario" time="87.148"/>
  <system-out/>
  <testcase classname="runners.WorkQueueCucumberRunner" name="runScenario" time="94.907"/>
  <system-out/>
  <testcase classname="runners.WorkQueueCucumberRunner" name="runScenario" time="91.334"/>
  <system-out/>
  <testcase classname="runners.WorkQueueCucumberRunner" name="runScenario" time="86.444"/>
  <system-out/>
  <testcase classname="runners.WorkQueueCucumberRunner" name="runScenario" time="135.672"/>
  <system-out/>
  <testcase classname="runners.WorkQueueCucumberRunner" name="runScenario" time="138.829">
    <error type="java.lang.StackOverflowError">
      <![CDATA[java.lang.StackOverflowError
at ui.pages.BasePage.clickOnElement(BasePage.java:137)
at ui.pages.BasePage.clickOnElement(BasePage.java:135)
at ui.pages.BasePage.clickOnElement(BasePage.java:135)
at ui.pages.BasePage.clickOnElement(BasePage.java:135)
at ui.pages.BasePage.clickOnElement(BasePage.java:135)
at ui.pages.BasePage.clickOnElement(BasePage.java:135)
at ui.pages.BasePage.clickOnElement(BasePage.java:135)
at ui.pages.BasePage.clickOnElement(BasePage.java:135)
at ui.pages.BasePage.clickOnElement(BasePage.java:135)
at ui.pages.BasePage.clickOnElement(BasePage.java:135)
at ui.pages.BasePage.clickOnElement(BasePage.java:135)
at ui.pages.BasePage.clickOnElement(BasePage.java:135)
at ui.pages.BasePage.clickOnElement(BasePage.java:135)
at ui.pages.BasePage.clickOnElement(BasePage.java:135)
at ui.pages.BasePage.clickOnElement(BasePage.java:135)
at ui.pages.BasePage.clickOnElement(BasePage.java:135)
at ui.pages.BasePage.clickOnElement(BasePage.java:135)
at ui.pages.BasePage.clickOnElement(BasePage.java:135)
at ui.pages.BasePage.clickOnElement(BasePage.java:135)
at ui.pages.BasePage.clickOnElement(BasePage.java:135)
at ui.pages.BasePage.clickOnElement(BasePage.java:135)
at ui.pages.BasePage.clickOnElement(BasePage.java:135)
at ui.pages.BasePage.clickOnElement(BasePage.java:135)
at ui.pages.BasePage.clickOnElement(BasePage.java:135)
at ui.pages.BasePage.clickOnElement(BasePage.java:135)
at ui.pages.BasePage.clickOnElement(BasePage.java:135)
at ui.pages.BasePage.clickOnElement(BasePage.java:135)
at ui.pages.BasePage.clickOnElement(BasePage.java:135)
at ui.pages.BasePage.clickOnElement(BasePage.java:135)
at ui.pages.BasePage.clickOnElement(BasePage.java:135)
at ui.pages.BasePage.clickOnElement(BasePage.java:135)
at ui.pages.BasePage.clickOnElement(BasePage.java:135)
at ui.pages.BasePage.clickOnElement(BasePage.java:135)
at ui.pages.BasePage.clickOnElement(BasePage.java:135)
at ui.pages.BasePage.clickOnElement(BasePage.java:135)
at ui.pages.BasePage.clickOnElement(BasePage.java:135)
at ui.pages.BasePage.clickOnElement(BasePage.java:135)
at ui.pages.BasePage.clickOnElement(BasePage.java:135)
at ui.pages.BasePage.clickOnElement(BasePage.java:135)
at ui.pages.BasePage.clickOnElement(BasePage.java:135)
at ui.pages.BasePage.clickOnElement(BasePage.java:135)
at ui.pages.BasePage.clickOnElement(BasePage.java:135)
at ui.pages.BasePage.clickOnElement(BasePage.java:135)
at ui.pages.BasePage.clickOnElement(BasePage.java:135)
at ui.pages.BasePage.clickOnElement(BasePage.java:135)
at ui.pages.BasePage.clickOnElement(BasePage.java:135)
at ui.pages.BasePage.clickOnElement(BasePage.java:135)
at ui.pages.BasePage.clickOnElement(BasePage.java:135)
at ui.pages.BasePage.clickOnElement(BasePage.java:135)
at ui.pages.BasePage.clickOnElement(BasePage.java:135)
at ui.pages.BasePage.clickOnElement(BasePage.java:135)
at ui.pages.BasePage.clickOnElement(BasePage.java:135)
at ui.pages.BasePage.clickOnElement(BasePage.java:135)
at ui.pages.BasePage.clickOnElement(BasePage.java:135)
at ui.pages.BasePage.clickOnElement(BasePage.java:135)
at ui.pages.BasePage.clickOnElement(BasePage.java:135)
at ui.pages.BasePage.clickOnElement(BasePage.java:135)
at ui.pages.BasePage.clickOnElement(BasePage.java:135)
at ui.pages.BasePage.clickOnElement(BasePage.java:135)
at ui.pages.BasePage.clickOnElement(BasePage.java:135)
at ui.pages.BasePage.clickOnElement(BasePage.java:135)
at ui.pages.BasePage.clickOnElement(BasePage.java:135)
at ui.pages.BasePage.clickOnElement(BasePage.java:135)
at ui.pages.BasePage.clickOnElement(BasePage.java:135)
at ui.pages.BasePage.clickOnElement(BasePage.java:135)
at ui.pages.BasePage.clickOnElement(BasePage.java:135)
at ui.pages.BasePage.clickOnElement(BasePage.java:135)
at ui.pages.BasePage.clickOnElement(BasePage.java:135)
at ui.pages.BasePage.clickOnElement(BasePage.java:135)
at ui.pages.BasePage.clickOnElement(BasePage.java:135)
at ui.pages.BasePage.clickOnElement(BasePage.java:135)
at ui.pages.BasePage.clickOnElement(BasePage.java:135)
at ui.pages.BasePage.clickOnElement(BasePage.java:135)
at ui.pages.BasePage.clickOnElement(BasePage.java:135)
at ui.pages.BasePage.clickOnElement(BasePage.java:135)
at ui.pages.BasePage.clickOnElement(BasePage.java:135)
at ui.pages.BasePage.clickOnElement(BasePage.java:135)
at ui.pages.BasePage.clickOnElement(BasePage.java:135)
at ui.pages.BasePage.clickOnElement(BasePage.java:135)
at ui.pages.BasePage.clickOnElement(BasePage.java:135)
at ui.pages.BasePage.clickOnElement(BasePage.java:135)
at ui.pages.BasePage.clickOnElement(BasePage.java:135)
at ui.pages.BasePage.clickOnElement(BasePage.java:135)
at ui.pages.BasePage.clickOnElement(BasePage.java:135)
at ui.pages.BasePage.clickOnElement(BasePage.java:135)
at ui.pages.BasePage.clickOnElement(BasePage.java:135)
at ui.pages.BasePage.clickOnElement(BasePage.java:135)
at ui.pages.BasePage.clickOnElement(BasePage.java:135)
at ui.pages.BasePage.clickOnElement(BasePage.java:135)
at ui.pages.BasePage.clickOnElement(BasePage.java:135)
at ui.pages.BasePage.clickOnElement(BasePage.java:135)
at ui.pages.BasePage.clickOnElement(BasePage.java:135)
at ui.pages.BasePage.clickOnElement(BasePage.java:135)
at ui.pages.BasePage.clickOnElement(BasePage.java:135)
at ui.pages.BasePage.clickOnElement(BasePage.java:135)
at ui.pages.BasePage.clickOnElement(BasePage.java:135)
at ui.pages.BasePage.clickOnElement(BasePage.java:135)
at ui.pages.BasePage.clickOnElement(BasePage.java:135)
at ui.pages.BasePage.clickOnElement(BasePage.java:135)
at ui.pages.BasePage.clickOnElement(BasePage.java:135)
at ui.pages.BasePage.clickOnElement(BasePage.java:135)
at ui.pages.BasePage.clickOnElement(BasePage.java:135)
at ui.pages.BasePage.clickOnElement(BasePage.java:135)
at ui.pages.BasePage.clickOnElement(BasePage.java:135)
at ui.pages.BasePage.clickOnElement(BasePage.java:135)
at ui.pages.BasePage.clickOnElement(BasePage.java:135)
at ui.pages.BasePage.clickOnElement(BasePage.java:135)
at ui.pages.BasePage.clickOnElement(BasePage.java:135)
at ui.pages.BasePage.clickOnElement(BasePage.java:135)
at ui.pages.BasePage.clickOnElement(BasePage.java:135)
at ui.pages.BasePage.clickOnElement(BasePage.java:135)
at ui.pages.BasePage.clickOnElement(BasePage.java:135)
at ui.pages.BasePage.clickOnElement(BasePage.java:135)
at ui.pages.BasePage.clickOnElement(BasePage.java:135)
at ui.pages.BasePage.clickOnElement(BasePage.java:135)
at ui.pages.BasePage.clickOnElement(BasePage.java:135)
at ui.pages.BasePage.clickOnElement(BasePage.java:135)
at ui.pages.BasePage.clickOnElement(BasePage.java:135)
at ui.pages.BasePage.clickOnElement(BasePage.java:135)
at ui.pages.BasePage.clickOnElement(BasePage.java:135)
at ui.pages.BasePage.clickOnElement(BasePage.java:135)
at ui.pages.BasePage.clickOnElement(BasePage.java:135)
at ui.pages.BasePage.clickOnElement(BasePage.java:135)
at ui.pages.BasePage.clickOnElement(BasePage.java:135)
at ui.pages.BasePage.clickOnElement(BasePage.java:135)
at ui.pages.BasePage.clickOnElement(BasePage.java:135)
at ui.pages.BasePage.clickOnElement(BasePage.java:135)
at ui.pages.BasePage.clickOnElement(BasePage.java:135)
at ui.pages.BasePage.clickOnElement(BasePage.java:135)
at ui.pages.BasePage.clickOnElement(BasePage.java:135)
at ui.pages.BasePage.clickOnElement(BasePage.java:135)
at ui.pages.BasePage.clickOnElement(BasePage.java:135)
at ui.pages.BasePage.clickOnElement(BasePage.java:135)
at ui.pages.BasePage.clickOnElement(BasePage.java:135)
at ui.pages.BasePage.clickOnElement(BasePage.java:135)
at ui.pages.BasePage.clickOnElement(BasePage.java:135)
at ui.pages.BasePage.clickOnElement(BasePage.java:135)
at ui.pages.BasePage.clickOnElement(BasePage.java:135)
at ui.pages.BasePage.clickOnElement(BasePage.java:135)
at ui.pages.BasePage.clickOnElement(BasePage.java:135)
at ui.pages.BasePage.clickOnElement(BasePage.java:135)
at ui.pages.BasePage.clickOnElement(BasePage.java:135)
at ui.pages.BasePage.clickOnElement(BasePage.java:135)
at ui.pages.BasePage.clickOnElement(BasePage.java:135)
at ui.pages.BasePage.clickOnElement(BasePage.java:135)
at ui.pages.BasePage.clickOnElement(BasePage.java:135)
at ui.pages.BasePage.clickOnElement(BasePage.java:135)
at ui.pages.BasePage.clickOnElement(BasePage.java:135)
at ui.pages.BasePage.clickOnElement(BasePage.java:135)
at ui.pages.BasePage.clickOnElement(BasePage.java:135)
at ui.pages.BasePage.clickOnElement(BasePage.java:135)
at ui.pages.BasePage.clickOnElement(BasePage.java:135)
at ui.pages.BasePage.clickOnElement(BasePage.java:135)
at ui.pages.BasePage.clickOnElement(BasePage.java:135)
at ui.pages.BasePage.clickOnElement(BasePage.java:135)
at ui.pages.BasePage.clickOnElement(BasePage.java:135)
at ui.pages.BasePage.clickOnElement(BasePage.java:135)
at ui.pages.BasePage.clickOnElement(BasePage.java:135)
at ui.pages.BasePage.clickOnElement(BasePage.java:135)
at ui.pages.BasePage.clickOnElement(BasePage.java:135)
at ui.pages.BasePage.clickOnElement(BasePage.java:135)
at ui.pages.BasePage.clickOnElement(BasePage.java:135)
at ui.pages.BasePage.clickOnElement(BasePage.java:135)
at ui.pages.BasePage.clickOnElement(BasePage.java:135)
at ui.pages.BasePage.clickOnElement(BasePage.java:135)
at ui.pages.BasePage.clickOnElement(BasePage.java:135)
at ui.pages.BasePage.clickOnElement(BasePage.java:135)
at ui.pages.BasePage.clickOnElement(BasePage.java:135)
at ui.pages.BasePage.clickOnElement(BasePage.java:135)
at ui.pages.BasePage.clickOnElement(BasePage.java:135)
at ui.pages.BasePage.clickOnElement(BasePage.java:135)
at ui.pages.BasePage.clickOnElement(BasePage.java:135)
at ui.pages.BasePage.clickOnElement(BasePage.java:135)
at ui.pages.BasePage.clickOnElement(BasePage.java:135)
at ui.pages.BasePage.clickOnElement(BasePage.java:135)
at ui.pages.BasePage.clickOnElement(BasePage.java:135)
at ui.pages.BasePage.clickOnElement(BasePage.java:135)
at ui.pages.BasePage.clickOnElement(BasePage.java:135)
at ui.pages.BasePage.clickOnElement(BasePage.java:135)
at ui.pages.BasePage.clickOnElement(BasePage.java:135)
at ui.pages.BasePage.clickOnElement(BasePage.java:135)
at ui.pages.BasePage.clickOnElement(BasePage.java:135)
at ui.pages.BasePage.clickOnElement(BasePage.java:135)
at ui.pages.BasePage.clickOnElement(BasePage.java:135)
at ui.pages.BasePage.clickOnElement(BasePage.java:135)
at ui.pages.BasePage.clickOnElement(BasePage.java:135)
at ui.pages.BasePage.clickOnElement(BasePage.java:135)
at ui.pages.BasePage.clickOnElement(BasePage.java:135)
at ui.pages.BasePage.clickOnElement(BasePage.java:135)
at ui.pages.BasePage.clickOnElement(BasePage.java:135)
at ui.pages.BasePage.clickOnElement(BasePage.java:135)
at ui.pages.BasePage.clickOnElement(BasePage.java:135)
at ui.pages.BasePage.clickOnElement(BasePage.java:135)
at ui.pages.BasePage.clickOnElement(BasePage.java:135)
at ui.pages.BasePage.clickOnElement(BasePage.java:135)
at ui.pages.BasePage.clickOnElement(BasePage.java:135)
at ui.pages.BasePage.clickOnElement(BasePage.java:135)
at ui.pages.BasePage.clickOnElement(BasePage.java:135)
at ui.pages.BasePage.clickOnElement(BasePage.java:135)
at ui.pages.BasePage.clickOnElement(BasePage.java:135)
at ui.pages.BasePage.clickOnElement(BasePage.java:135)
at ui.pages.BasePage.clickOnElement(BasePage.java:135)
at ui.pages.BasePage.clickOnElement(BasePage.java:135)
at ui.pages.BasePage.clickOnElement(BasePage.java:135)
at ui.pages.BasePage.clickOnElement(BasePage.java:135)
at ui.pages.BasePage.clickOnElement(BasePage.java:135)
at ui.pages.BasePage.clickOnElement(BasePage.java:135)
at ui.pages.BasePage.clickOnElement(BasePage.java:135)
at ui.pages.BasePage.clickOnElement(BasePage.java:135)
at ui.pages.BasePage.clickOnElement(BasePage.java:135)
at ui.pages.BasePage.clickOnElement(BasePage.java:135)
at ui.pages.BasePage.clickOnElement(BasePage.java:135)
at ui.pages.BasePage.clickOnElement(BasePage.java:135)
at ui.pages.BasePage.clickOnElement(BasePage.java:135)
at ui.pages.BasePage.clickOnElement(BasePage.java:135)
at ui.pages.BasePage.clickOnElement(BasePage.java:135)
at ui.pages.BasePage.clickOnElement(BasePage.java:135)
at ui.pages.BasePage.clickOnElement(BasePage.java:135)
at ui.pages.BasePage.clickOnElement(BasePage.java:135)
at ui.pages.BasePage.clickOnElement(BasePage.java:135)
at ui.pages.BasePage.clickOnElement(BasePage.java:135)
at ui.pages.BasePage.clickOnElement(BasePage.java:135)
at ui.pages.BasePage.clickOnElement(BasePage.java:135)
at ui.pages.BasePage.clickOnElement(BasePage.java:135)
at ui.pages.BasePage.clickOnElement(BasePage.java:135)
at ui.pages.BasePage.clickOnElement(BasePage.java:135)
at ui.pages.BasePage.clickOnElement(BasePage.java:135)
at ui.pages.BasePage.clickOnElement(BasePage.java:135)
at ui.pages.BasePage.clickOnElement(BasePage.java:135)
at ui.pages.BasePage.clickOnElement(BasePage.java:135)
at ui.pages.BasePage.clickOnElement(BasePage.java:135)
at ui.pages.BasePage.clickOnElement(BasePage.java:135)
at ui.pages.BasePage.clickOnElement(BasePage.java:135)
at ui.pages.BasePage.clickOnElement(BasePage.java:135)
at ui.pages.BasePage.clickOnElement(BasePage.java:135)
at ui.pages.BasePage.clickOnElement(BasePage.java:135)
at ui.pages.BasePage.clickOnElement(BasePage.java:135)
at ui.pages.BasePage.clickOnElement(BasePage.java:135)
at ui.pages.BasePage.clickOnElement(BasePage.java:135)
at ui.pages.BasePage.clickOnElement(BasePage.java:135)
at ui.pages.BasePage.clickOnElement(BasePage.java:135)
at ui.pages.BasePage.clickOnElement(BasePage.java:135)
at ui.pages.BasePage.clickOnElement(BasePage.java:135)
at ui.pages.BasePage.clickOnElement(BasePage.java:135)
at ui.pages.BasePage.clickOnElement(BasePage.java:135)
at ui.pages.BasePage.clickOnElement(BasePage.java:135)
at ui.pages.BasePage.clickOnElement(BasePage.java:135)
at ui.pages.BasePage.clickOnElement(BasePage.java:135)
at ui.pages.BasePage.clickOnElement(BasePage.java:135)
at ui.pages.BasePage.clickOnElement(BasePage.java:135)
at ui.pages.BasePage.clickOnElement(BasePage.java:135)
at ui.pages.BasePage.clickOnElement(BasePage.java:135)
at ui.pages.BasePage.clickOnElement(BasePage.java:135)
at ui.pages.BasePage.clickOnElement(BasePage.java:135)
at ui.pages.BasePage.clickOnElement(BasePage.java:135)
at ui.pages.BasePage.clickOnElement(BasePage.java:135)
at ui.pages.BasePage.clickOnElement(BasePage.java:135)
at ui.pages.BasePage.clickOnElement(BasePage.java:135)
at ui.pages.BasePage.clickOnElement(BasePage.java:135)
at ui.pages.BasePage.clickOnElement(BasePage.java:135)
at ui.pages.BasePage.clickOnElement(BasePage.java:135)
at ui.pages.BasePage.clickOnElement(BasePage.java:135)
at ui.pages.BasePage.clickOnElement(BasePage.java:135)
at ui.pages.BasePage.clickOnElement(BasePage.java:135)
at ui.pages.BasePage.clickOnElement(BasePage.java:135)
at ui.pages.BasePage.clickOnElement(BasePage.java:135)
at ui.pages.BasePage.clickOnElement(BasePage.java:135)
at ui.pages.BasePage.clickOnElement(BasePage.java:135)
at ui.pages.BasePage.clickOnElement(BasePage.java:135)
at ui.pages.BasePage.clickOnElement(BasePage.java:135)
at ui.pages.BasePage.clickOnElement(BasePage.java:135)
at ui.pages.BasePage.clickOnElement(BasePage.java:135)
at ui.pages.BasePage.clickOnElement(BasePage.java:135)
at ui.pages.BasePage.clickOnElement(BasePage.java:135)
at ui.pages.BasePage.clickOnElement(BasePage.java:135)
at ui.pages.BasePage.clickOnElement(BasePage.java:135)
at ui.pages.BasePage.clickOnElement(BasePage.java:135)
at ui.pages.BasePage.clickOnElement(BasePage.java:135)
at ui.pages.BasePage.clickOnElement(BasePage.java:135)
at ui.pages.BasePage.clickOnElement(BasePage.java:135)
at ui.pages.BasePage.clickOnElement(BasePage.java:135)
at ui.pages.BasePage.clickOnElement(BasePage.java:135)
at ui.pages.BasePage.clickOnElement(BasePage.java:135)
at ui.pages.BasePage.clickOnElement(BasePage.java:135)
at ui.pages.BasePage.clickOnElement(BasePage.java:135)
at ui.pages.BasePage.clickOnElement(BasePage.java:135)
at ui.pages.BasePage.clickOnElement(BasePage.java:135)
at ui.pages.BasePage.clickOnElement(BasePage.java:135)
at ui.pages.BasePage.clickOnElement(BasePage.java:135)
at ui.pages.BasePage.clickOnElement(BasePage.java:135)
at ui.pages.BasePage.clickOnElement(BasePage.java:135)
at ui.pages.BasePage.clickOnElement(BasePage.java:135)
at ui.pages.BasePage.clickOnElement(BasePage.java:135)
at ui.pages.BasePage.clickOnElement(BasePage.java:135)
at ui.pages.BasePage.clickOnElement(BasePage.java:135)
at ui.pages.BasePage.clickOnElement(BasePage.java:135)
at ui.pages.BasePage.clickOnElement(BasePage.java:135)
at ui.pages.BasePage.clickOnElement(BasePage.java:135)
at ui.pages.BasePage.clickOnElement(BasePage.java:135)
at ui.pages.BasePage.clickOnElement(BasePage.java:135)
at ui.pages.BasePage.clickOnElement(BasePage.java:135)
at ui.pages.BasePage.clickOnElement(BasePage.java:135)
at ui.pages.BasePage.clickOnElement(BasePage.java:135)
at ui.pages.BasePage.clickOnElement(BasePage.java:135)
at ui.pages.BasePage.clickOnElement(BasePage.java:135)
at ui.pages.BasePage.clickOnElement(BasePage.java:135)
at ui.pages.BasePage.clickOnElement(BasePage.java:135)
at ui.pages.BasePage.clickOnElement(BasePage.java:135)
at ui.pages.BasePage.clickOnElement(BasePage.java:135)
at ui.pages.BasePage.clickOnElement(BasePage.java:135)
at ui.pages.BasePage.clickOnElement(BasePage.java:135)
at ui.pages.BasePage.clickOnElement(BasePage.java:135)
at ui.pages.BasePage.clickOnElement(BasePage.java:135)
at ui.pages.BasePage.clickOnElement(BasePage.java:135)
at ui.pages.BasePage.clickOnElement(BasePage.java:135)
at ui.pages.BasePage.clickOnElement(BasePage.java:135)
at ui.pages.BasePage.clickOnElement(BasePage.java:135)
at ui.pages.BasePage.clickOnElement(BasePage.java:135)
at ui.pages.BasePage.clickOnElement(BasePage.java:135)
at ui.pages.BasePage.clickOnElement(BasePage.java:135)
at ui.pages.BasePage.clickOnElement(BasePage.java:135)
at ui.pages.BasePage.clickOnElement(BasePage.java:135)
at ui.pages.BasePage.clickOnElement(BasePage.java:135)
at ui.pages.BasePage.clickOnElement(BasePage.java:135)
at ui.pages.BasePage.clickOnElement(BasePage.java:135)
at ui.pages.BasePage.clickOnElement(BasePage.java:135)
at ui.pages.BasePage.clickOnElement(BasePage.java:135)
at ui.pages.BasePage.clickOnElement(BasePage.java:135)
at ui.pages.BasePage.clickOnElement(BasePage.java:135)
at ui.pages.BasePage.clickOnElement(BasePage.java:135)
at ui.pages.BasePage.clickOnElement(BasePage.java:135)
at ui.pages.BasePage.clickOnElement(BasePage.java:135)
at ui.pages.BasePage.clickOnElement(BasePage.java:135)
at ui.pages.BasePage.clickOnElement(BasePage.java:135)
at ui.pages.BasePage.clickOnElement(BasePage.java:135)
at ui.pages.BasePage.clickOnElement(BasePage.java:135)
at ui.pages.BasePage.clickOnElement(BasePage.java:135)
at ui.pages.BasePage.clickOnElement(BasePage.java:135)
at ui.pages.BasePage.clickOnElement(BasePage.java:135)
at ui.pages.BasePage.clickOnElement(BasePage.java:135)
at ui.pages.BasePage.clickOnElement(BasePage.java:135)
at ui.pages.BasePage.clickOnElement(BasePage.java:135)
at ui.pages.BasePage.clickOnElement(BasePage.java:135)
at ui.pages.BasePage.clickOnElement(BasePage.java:135)
at ui.pages.BasePage.clickOnElement(BasePage.java:135)
at ui.pages.BasePage.clickOnElement(BasePage.java:135)
at ui.pages.BasePage.clickOnElement(BasePage.java:135)
at ui.pages.BasePage.clickOnElement(BasePage.java:135)
at ui.pages.BasePage.clickOnElement(BasePage.java:135)
at ui.pages.BasePage.clickOnElement(BasePage.java:135)
at ui.pages.BasePage.clickOnElement(BasePage.java:135)
at ui.pages.BasePage.clickOnElement(BasePage.java:135)
at ui.pages.BasePage.clickOnElement(BasePage.java:135)
at ui.pages.BasePage.clickOnElement(BasePage.java:135)
at ui.pages.BasePage.clickOnElement(BasePage.java:135)
at ui.pages.BasePage.clickOnElement(BasePage.java:135)
at ui.pages.BasePage.clickOnElement(BasePage.java:135)
at ui.pages.BasePage.clickOnElement(BasePage.java:135)
at ui.pages.BasePage.clickOnElement(BasePage.java:135)
at ui.pages.BasePage.clickOnElement(BasePage.java:135)
at ui.pages.BasePage.clickOnElement(BasePage.java:135)
at ui.pages.BasePage.clickOnElement(BasePage.java:135)
at ui.pages.BasePage.clickOnElement(BasePage.java:135)
at ui.pages.BasePage.clickOnElement(BasePage.java:135)
at ui.pages.BasePage.clickOnElement(BasePage.java:135)
at ui.pages.BasePage.clickOnElement(BasePage.java:135)
at ui.pages.BasePage.clickOnElement(BasePage.java:135)
at ui.pages.BasePage.clickOnElement(BasePage.java:135)
at ui.pages.BasePage.clickOnElement(BasePage.java:135)
at ui.pages.BasePage.clickOnElement(BasePage.java:135)
at ui.pages.BasePage.clickOnElement(BasePage.java:135)
at ui.pages.BasePage.clickOnElement(BasePage.java:135)
at ui.pages.BasePage.clickOnElement(BasePage.java:135)
at ui.pages.BasePage.clickOnElement(BasePage.java:135)
at ui.pages.BasePage.clickOnElement(BasePage.java:135)
at ui.pages.BasePage.clickOnElement(BasePage.java:135)
at ui.pages.BasePage.clickOnElement(BasePage.java:135)
at ui.pages.BasePage.clickOnElement(BasePage.java:135)
at ui.pages.BasePage.clickOnElement(BasePage.java:135)
at ui.pages.BasePage.clickOnElement(BasePage.java:135)
at ui.pages.BasePage.clickOnElement(BasePage.java:135)
at ui.pages.BasePage.clickOnElement(BasePage.java:135)
at ui.pages.BasePage.clickOnElement(BasePage.java:135)
at ui.pages.BasePage.clickOnElement(BasePage.java:135)
at ui.pages.BasePage.clickOnElement(BasePage.java:135)
at ui.pages.BasePage.clickOnElement(BasePage.java:135)
at ui.pages.BasePage.clickOnElement(BasePage.java:135)
at ui.pages.BasePage.clickOnElement(BasePage.java:135)
at ui.pages.BasePage.clickOnElement(BasePage.java:135)
at ui.pages.BasePage.clickOnElement(BasePage.java:135)
at ui.pages.BasePage.clickOnElement(BasePage.java:135)
at ui.pages.BasePage.clickOnElement(BasePage.java:135)
at ui.pages.BasePage.clickOnElement(BasePage.java:135)
at ui.pages.BasePage.clickOnElement(BasePage.java:135)
at ui.pages.BasePage.clickOnElement(BasePage.java:135)
at ui.pages.BasePage.clickOnElement(BasePage.java:135)
at ui.pages.BasePage.clickOnElement(BasePage.java:135)
at ui.pages.BasePage.clickOnElement(BasePage.java:135)
at ui.pages.BasePage.clickOnElement(BasePage.java:135)
at ui.pages.BasePage.clickOnElement(BasePage.java:135)
at ui.pages.BasePage.clickOnElement(BasePage.java:135)
at ui.pages.BasePage.clickOnElement(BasePage.java:135)
at ui.pages.BasePage.clickOnElement(BasePage.java:135)
at ui.pages.BasePage.clickOnElement(BasePage.java:135)
at ui.pages.BasePage.clickOnElement(BasePage.java:135)
at ui.pages.BasePage.clickOnElement(BasePage.java:135)
at ui.pages.BasePage.clickOnElement(BasePage.java:135)
at ui.pages.BasePage.clickOnElement(BasePage.java:135)
at ui.pages.BasePage.clickOnElement(BasePage.java:135)
at ui.pages.BasePage.clickOnElement(BasePage.java:135)
at ui.pages.BasePage.clickOnElement(BasePage.java:135)
at ui.pages.BasePage.clickOnElement(BasePage.java:135)
at ui.pages.BasePage.clickOnElement(BasePage.java:135)
at ui.pages.BasePage.clickOnElement(BasePage.java:135)
at ui.pages.BasePage.clickOnElement(BasePage.java:135)
at ui.pages.BasePage.clickOnElement(BasePage.java:135)
at ui.pages.BasePage.clickOnElement(BasePage.java:135)
at ui.pages.BasePage.clickOnElement(BasePage.java:135)
at ui.pages.BasePage.clickOnElement(BasePage.java:135)
at ui.pages.BasePage.clickOnElement(BasePage.java:135)
at ui.pages.BasePage.clickOnElement(BasePage.java:135)
at ui.pages.BasePage.clickOnElement(BasePage.java:135)
at ui.pages.BasePage.clickOnElement(BasePage.java:135)
at ui.pages.BasePage.clickOnElement(BasePage.java:135)
at ui.pages.BasePage.clickOnElement(BasePage.java:135)
at ui.pages.BasePage.clickOnElement(BasePage.java:135)
at ui.pages.BasePage.clickOnElement(BasePage.java:135)
at ui.pages.BasePage.clickOnElement(BasePage.java:135)
at ui.pages.BasePage.clickOnElement(BasePage.java:135)
at ui.pages.BasePage.clickOnElement(BasePage.java:135)
at ui.pages.BasePage.clickOnElement(BasePage.java:135)
at ui.pages.BasePage.clickOnElement(BasePage.java:135)
at ui.pages.BasePage.clickOnElement(BasePage.java:135)
at ui.pages.BasePage.clickOnElement(BasePage.java:135)
at ui.pages.BasePage.clickOnElement(BasePage.java:135)
at ui.pages.BasePage.clickOnElement(BasePage.java:135)
at ui.pages.BasePage.clickOnElement(BasePage.java:135)
at ui.pages.BasePage.clickOnElement(BasePage.java:135)
at ui.pages.BasePage.clickOnElement(BasePage.java:135)
at ui.pages.BasePage.clickOnElement(BasePage.java:135)
at ui.pages.BasePage.clickOnElement(BasePage.java:135)
at ui.pages.BasePage.clickOnElement(BasePage.java:135)
at ui.pages.BasePage.clickOnElement(BasePage.java:135)
at ui.pages.BasePage.clickOnElement(BasePage.java:135)
at ui.pages.BasePage.clickOnElement(BasePage.java:135)
at ui.pages.BasePage.clickOnElement(BasePage.java:135)
at ui.pages.BasePage.clickOnElement(BasePage.java:135)
at ui.pages.BasePage.clickOnElement(BasePage.java:135)
at ui.pages.BasePage.clickOnElement(BasePage.java:135)
at ui.pages.BasePage.clickOnElement(BasePage.java:135)
at ui.pages.BasePage.clickOnElement(BasePage.java:135)
at ui.pages.BasePage.clickOnElement(BasePage.java:135)
at ui.pages.BasePage.clickOnElement(BasePage.java:135)
at ui.pages.BasePage.clickOnElement(BasePage.java:135)
at ui.pages.BasePage.clickOnElement(BasePage.java:135)
at ui.pages.BasePage.clickOnElement(BasePage.java:135)
at ui.pages.BasePage.clickOnElement(BasePage.java:135)
at ui.pages.BasePage.clickOnElement(BasePage.java:135)
at ui.pages.BasePage.clickOnElement(BasePage.java:135)
at ui.pages.BasePage.clickOnElement(BasePage.java:135)
at ui.pages.BasePage.clickOnElement(BasePage.java:135)
at ui.pages.BasePage.clickOnElement(BasePage.java:135)
at ui.pages.BasePage.clickOnElement(BasePage.java:135)
at ui.pages.BasePage.clickOnElement(BasePage.java:135)
at ui.pages.BasePage.clickOnElement(BasePage.java:135)
at ui.pages.BasePage.clickOnElement(BasePage.java:135)
at ui.pages.BasePage.clickOnElement(BasePage.java:135)
at ui.pages.BasePage.clickOnElement(BasePage.java:135)
at ui.pages.BasePage.clickOnElement(BasePage.java:135)
at ui.pages.BasePage.clickOnElement(BasePage.java:135)
at ui.pages.BasePage.clickOnElement(BasePage.java:135)
at ui.pages.BasePage.clickOnElement(BasePage.java:135)
at ui.pages.BasePage.clickOnElement(BasePage.java:135)
at ui.pages.BasePage.clickOnElement(BasePage.java:135)
at ui.pages.BasePage.clickOnElement(BasePage.java:135)
at ui.pages.BasePage.clickOnElement(BasePage.java:135)
at ui.pages.BasePage.clickOnElement(BasePage.java:135)
at ui.pages.BasePage.clickOnElement(BasePage.java:135)
at ui.pages.BasePage.clickOnElement(BasePage.java:135)
at ui.pages.BasePage.clickOnElement(BasePage.java:135)
at ui.pages.BasePage.clickOnElement(BasePage.java:135)
at ui.pages.BasePage.clickOnElement(BasePage.java:135)
at ui.pages.BasePage.clickOnElement(BasePage.java:135)
at ui.pages.BasePage.clickOnElement(BasePage.java:135)
at ui.pages.BasePage.clickOnElement(BasePage.java:135)
at ui.pages.BasePage.clickOnElement(BasePage.java:135)
at ui.pages.BasePage.clickOnElement(BasePage.java:135)
at ui.pages.BasePage.clickOnElement(BasePage.java:135)
at ui.pages.BasePage.clickOnElement(BasePage.java:135)
at ui.pages.BasePage.clickOnElement(BasePage.java:135)
at ui.pages.BasePage.clickOnElement(BasePage.java:135)
at ui.pages.BasePage.clickOnElement(BasePage.java:135)
at ui.pages.BasePage.clickOnElement(BasePage.java:135)
at ui.pages.BasePage.clickOnElement(BasePage.java:135)
at ui.pages.BasePage.clickOnElement(BasePage.java:135)
at ui.pages.BasePage.clickOnElement(BasePage.java:135)
at ui.pages.BasePage.clickOnElement(BasePage.java:135)
at ui.pages.BasePage.clickOnElement(BasePage.java:135)
at ui.pages.BasePage.clickOnElement(BasePage.java:135)
at ui.pages.BasePage.clickOnElement(BasePage.java:135)
at ui.pages.BasePage.clickOnElement(BasePage.java:135)
at ui.pages.BasePage.clickOnElement(BasePage.java:135)
at ui.pages.BasePage.clickOnElement(BasePage.java:135)
at ui.pages.BasePage.clickOnElement(BasePage.java:135)
at ui.pages.BasePage.clickOnElement(BasePage.java:135)
at ui.pages.BasePage.clickOnElement(BasePage.java:135)
at ui.pages.BasePage.clickOnElement(BasePage.java:135)
at ui.pages.BasePage.clickOnElement(BasePage.java:135)
at ui.pages.BasePage.clickOnElement(BasePage.java:135)
at ui.pages.BasePage.clickOnElement(BasePage.java:135)
at ui.pages.BasePage.clickOnElement(BasePage.java:135)
at ui.pages.BasePage.clickOnElement(BasePage.java:135)
at ui.pages.BasePage.clickOnElement(BasePage.java:135)
at ui.pages.BasePage.clickOnElement(BasePage.java:135)
at ui.pages.BasePage.clickOnElement(BasePage.java:135)
at ui.pages.BasePage.clickOnElement(BasePage.java:135)
at ui.pages.BasePage.clickOnElement(BasePage.java:135)
at ui.pages.BasePage.clickOnElement(BasePage.java:135)
at ui.pages.BasePage.clickOnElement(BasePage.java:135)
at ui.pages.BasePage.clickOnElement(BasePage.java:135)
at ui.pages.BasePage.clickOnElement(BasePage.java:135)
at ui.pages.BasePage.clickOnElement(BasePage.java:135)
at ui.pages.BasePage.clickOnElement(BasePage.java:135)
at ui.pages.BasePage.clickOnElement(BasePage.java:135)
at ui.pages.BasePage.clickOnElement(BasePage.java:135)
at ui.pages.BasePage.clickOnElement(BasePage.java:135)
at ui.pages.BasePage.clickOnElement(BasePage.java:135)
at ui.pages.BasePage.clickOnElement(BasePage.java:135)
at ui.pages.BasePage.clickOnElement(BasePage.java:135)
at ui.pages.BasePage.clickOnElement(BasePage.java:135)
at ui.pages.BasePage.clickOnElement(BasePage.java:135)
at ui.pages.BasePage.clickOnElement(BasePage.java:135)
at ui.pages.BasePage.clickOnElement(BasePage.java:135)
at ui.pages.BasePage.clickOnElement(BasePage.java:135)
at ui.pages.BasePage.clickOnElement(BasePage.java:135)
at ui.pages.BasePage.clickOnElement(BasePage.java:135)
at ui.pages.BasePage.clickOnElement(BasePage.java:135)
at ui.pages.BasePage.clickOnElement(BasePage.java:135)
at ui.pages.BasePage.clickOnElement(BasePage.java:135)
at ui.pages.BasePage.clickOnElement(BasePage.java:135)
at ui.pages.BasePage.clickOnElement(BasePage.java:135)
at ui.pages.BasePage.clickOnElement(BasePage.java:135)
at ui.pages.BasePage.clickOnElement(BasePage.java:135)
at ui.pages.BasePage.clickOnElement(BasePage.java:135)
at ui.pages.BasePage.clickOnElement(BasePage.java:135)
at ui.pages.BasePage.clickOnElement(BasePage.java:135)
at ui.pages.BasePage.clickOnElement(BasePage.java:135)
at ui.pages.BasePage.clickOnElement(BasePage.java:135)
at ui.pages.BasePage.clickOnElement(BasePage.java:135)
at ui.pages.BasePage.clickOnElement(BasePage.java:135)
at ui.pages.BasePage.clickOnElement(BasePage.java:135)
at ui.pages.BasePage.clickOnElement(BasePage.java:135)
at ui.pages.BasePage.clickOnElement(BasePage.java:135)
at ui.pages.BasePage.clickOnElement(BasePage.java:135)
at ui.pages.BasePage.clickOnElement(BasePage.java:135)
at ui.pages.BasePage.clickOnElement(BasePage.java:135)
at ui.pages.BasePage.clickOnElement(BasePage.java:135)
at ui.pages.BasePage.clickOnElement(BasePage.java:135)
at ui.pages.BasePage.clickOnElement(BasePage.java:135)
at ui.pages.BasePage.clickOnElement(BasePage.java:135)
at ui.pages.BasePage.clickOnElement(BasePage.java:135)
at ui.pages.BasePage.clickOnElement(BasePage.java:135)
at ui.pages.BasePage.clickOnElement(BasePage.java:135)
at ui.pages.BasePage.clickOnElement(BasePage.java:135)
at ui.pages.BasePage.clickOnElement(BasePage.java:135)
at ui.pages.BasePage.clickOnElement(BasePage.java:135)
at ui.pages.BasePage.clickOnElement(BasePage.java:135)
at ui.pages.BasePage.clickOnElement(BasePage.java:135)
at ui.pages.BasePage.clickOnElement(BasePage.java:135)
at ui.pages.BasePage.clickOnElement(BasePage.java:135)
at ui.pages.BasePage.clickOnElement(BasePage.java:135)
at ui.pages.BasePage.clickOnElement(BasePage.java:135)
at ui.pages.BasePage.clickOnElement(BasePage.java:135)
at ui.pages.BasePage.clickOnElement(BasePage.java:135)
at ui.pages.BasePage.clickOnElement(BasePage.java:135)
at ui.pages.BasePage.clickOnElement(BasePage.java:135)
at ui.pages.BasePage.clickOnElement(BasePage.java:135)
at ui.pages.BasePage.clickOnElement(BasePage.java:135)
at ui.pages.BasePage.clickOnElement(BasePage.java:135)
at ui.pages.BasePage.clickOnElement(BasePage.java:135)
at ui.pages.BasePage.clickOnElement(BasePage.java:135)
at ui.pages.BasePage.clickOnElement(BasePage.java:135)
at ui.pages.BasePage.clickOnElement(BasePage.java:135)
at ui.pages.BasePage.clickOnElement(BasePage.java:135)
at ui.pages.BasePage.clickOnElement(BasePage.java:135)
at ui.pages.BasePage.clickOnElement(BasePage.java:135)
at ui.pages.BasePage.clickOnElement(BasePage.java:135)
at ui.pages.BasePage.clickOnElement(BasePage.java:135)
at ui.pages.BasePage.clickOnElement(BasePage.java:135)
at ui.pages.BasePage.clickOnElement(BasePage.java:135)
at ui.pages.BasePage.clickOnElement(BasePage.java:135)
at ui.pages.BasePage.clickOnElement(BasePage.java:135)
at ui.pages.BasePage.clickOnElement(BasePage.java:135)
at ui.pages.BasePage.clickOnElement(BasePage.java:135)
at ui.pages.BasePage.clickOnElement(BasePage.java:135)
at ui.pages.BasePage.clickOnElement(BasePage.java:135)
at ui.pages.BasePage.clickOnElement(BasePage.java:135)
at ui.pages.BasePage.clickOnElement(BasePage.java:135)
at ui.pages.BasePage.clickOnElement(BasePage.java:135)
at ui.pages.BasePage.clickOnElement(BasePage.java:135)
at ui.pages.BasePage.clickOnElement(BasePage.java:135)
at ui.pages.BasePage.clickOnElement(BasePage.java:135)
at ui.pages.BasePage.clickOnElement(BasePage.java:135)
at ui.pages.BasePage.clickOnElement(BasePage.java:135)
at ui.pages.BasePage.clickOnElement(BasePage.java:135)
at ui.pages.BasePage.clickOnElement(BasePage.java:135)
at ui.pages.BasePage.clickOnElement(BasePage.java:135)
at ui.pages.BasePage.clickOnElement(BasePage.java:135)
at ui.pages.BasePage.clickOnElement(BasePage.java:135)
at ui.pages.BasePage.clickOnElement(BasePage.java:135)
at ui.pages.BasePage.clickOnElement(BasePage.java:135)
at ui.pages.BasePage.clickOnElement(BasePage.java:135)
at ui.pages.BasePage.clickOnElement(BasePage.java:135)
at ui.pages.BasePage.clickOnElement(BasePage.java:135)
at ui.pages.BasePage.clickOnElement(BasePage.java:135)
at ui.pages.BasePage.clickOnElement(BasePage.java:135)
at ui.pages.BasePage.clickOnElement(BasePage.java:135)
at ui.pages.BasePage.clickOnElement(BasePage.java:135)
at ui.pages.BasePage.clickOnElement(BasePage.java:135)
at ui.pages.BasePage.clickOnElement(BasePage.java:135)
at ui.pages.BasePage.clickOnElement(BasePage.java:135)
at ui.pages.BasePage.clickOnElement(BasePage.java:135)
at ui.pages.BasePage.clickOnElement(BasePage.java:135)
at ui.pages.BasePage.clickOnElement(BasePage.java:135)
at ui.pages.BasePage.clickOnElement(BasePage.java:135)
at ui.pages.BasePage.clickOnElement(BasePage.java:135)
at ui.pages.BasePage.clickOnElement(BasePage.java:135)
at ui.pages.BasePage.clickOnElement(BasePage.java:135)
at ui.pages.BasePage.clickOnElement(BasePage.java:135)
at ui.pages.BasePage.clickOnElement(BasePage.java:135)
at ui.pages.BasePage.clickOnElement(BasePage.java:135)
at ui.pages.BasePage.clickOnElement(BasePage.java:135)
at ui.pages.BasePage.clickOnElement(BasePage.java:135)
at ui.pages.BasePage.clickOnElement(BasePage.java:135)
at ui.pages.BasePage.clickOnElement(BasePage.java:135)
at ui.pages.BasePage.clickOnElement(BasePage.java:135)
at ui.pages.BasePage.clickOnElement(BasePage.java:135)
at ui.pages.BasePage.clickOnElement(BasePage.java:135)
at ui.pages.BasePage.clickOnElement(BasePage.java:135)
at ui.pages.BasePage.clickOnElement(BasePage.java:135)
at ui.pages.BasePage.clickOnElement(BasePage.java:135)
at ui.pages.BasePage.clickOnElement(BasePage.java:135)
at ui.pages.BasePage.clickOnElement(BasePage.java:135)
at ui.pages.BasePage.clickOnElement(BasePage.java:135)
at ui.pages.BasePage.clickOnElement(BasePage.java:135)
at ui.pages.BasePage.clickOnElement(BasePage.java:135)
at ui.pages.BasePage.clickOnElement(BasePage.java:135)
at ui.pages.BasePage.clickOnElement(BasePage.java:135)
at ui.pages.BasePage.clickOnElement(BasePage.java:135)
at ui.pages.BasePage.clickOnElement(BasePage.java:135)
at ui.pages.BasePage.clickOnElement(BasePage.java:135)
at ui.pages.BasePage.clickOnElement(BasePage.java:135)
at ui.pages.BasePage.clickOnElement(BasePage.java:135)
at ui.pages.BasePage.clickOnElement(BasePage.java:135)
at ui.pages.BasePage.clickOnElement(BasePage.java:135)
at ui.pages.BasePage.clickOnElement(BasePage.java:135)
at ui.pages.BasePage.clickOnElement(BasePage.java:135)
at ui.pages.BasePage.clickOnElement(BasePage.java:135)
at ui.pages.BasePage.clickOnElement(BasePage.java:135)
at ui.pages.BasePage.clickOnElement(BasePage.java:135)
at ui.pages.BasePage.clickOnElement(BasePage.java:135)
at ui.pages.BasePage.clickOnElement(BasePage.java:135)
at ui.pages.BasePage.clickOnElement(BasePage.java:135)
at ui.pages.BasePage.clickOnElement(BasePage.java:135)
at ui.pages.BasePage.clickOnElement(BasePage.java:135)
at ui.pages.BasePage.clickOnElement(BasePage.java:135)
at ui.pages.BasePage.clickOnElement(BasePage.java:135)
at ui.pages.BasePage.clickOnElement(BasePage.java:135)
at ui.pages.BasePage.clickOnElement(BasePage.java:135)
at ui.pages.BasePage.clickOnElement(BasePage.java:135)
at ui.pages.BasePage.clickOnElement(BasePage.java:135)
at ui.pages.BasePage.clickOnElement(BasePage.java:135)
at ui.pages.BasePage.clickOnElement(BasePage.java:135)
at ui.pages.BasePage.clickOnElement(BasePage.java:135)
at ui.pages.BasePage.clickOnElement(BasePage.java:135)
at ui.pages.BasePage.clickOnElement(BasePage.java:135)
at ui.pages.BasePage.clickOnElement(BasePage.java:135)
at ui.pages.BasePage.clickOnElement(BasePage.java:135)
at ui.pages.BasePage.clickOnElement(BasePage.java:135)
at ui.pages.BasePage.clickOnElement(BasePage.java:135)
at ui.pages.BasePage.clickOnElement(BasePage.java:135)
at ui.pages.BasePage.clickOnElement(BasePage.java:135)
at ui.pages.BasePage.clickOnElement(BasePage.java:135)
at ui.pages.BasePage.clickOnElement(BasePage.java:135)
at ui.pages.BasePage.clickOnElement(BasePage.java:135)
at ui.pages.BasePage.clickOnElement(BasePage.java:135)
at ui.pages.BasePage.clickOnElement(BasePage.java:135)
at ui.pages.BasePage.clickOnElement(BasePage.java:135)
at ui.pages.BasePage.clickOnElement(BasePage.java:135)
at ui.pages.BasePage.clickOnElement(BasePage.java:135)
at ui.pages.BasePage.clickOnElement(BasePage.java:135)
at ui.pages.BasePage.clickOnElement(BasePage.java:135)
at ui.pages.BasePage.clickOnElement(BasePage.java:135)
at ui.pages.BasePage.clickOnElement(BasePage.java:135)
at ui.pages.BasePage.clickOnElement(BasePage.java:135)
at ui.pages.BasePage.clickOnElement(BasePage.java:135)
at ui.pages.BasePage.clickOnElement(BasePage.java:135)
at ui.pages.BasePage.clickOnElement(BasePage.java:135)
at ui.pages.BasePage.clickOnElement(BasePage.java:135)
at ui.pages.BasePage.clickOnElement(BasePage.java:135)
at ui.pages.BasePage.clickOnElement(BasePage.java:135)
at ui.pages.BasePage.clickOnElement(BasePage.java:135)
at ui.pages.BasePage.clickOnElement(BasePage.java:135)
at ui.pages.BasePage.clickOnElement(BasePage.java:135)
at ui.pages.BasePage.clickOnElement(BasePage.java:135)
at ui.pages.BasePage.clickOnElement(BasePage.java:135)
at ui.pages.BasePage.clickOnElement(BasePage.java:135)
at ui.pages.BasePage.clickOnElement(BasePage.java:135)
at ui.pages.BasePage.clickOnElement(BasePage.java:135)
at ui.pages.BasePage.clickOnElement(BasePage.java:135)
at ui.pages.BasePage.clickOnElement(BasePage.java:135)
at ui.pages.BasePage.clickOnElement(BasePage.java:135)
at ui.pages.BasePage.clickOnElement(BasePage.java:135)
at ui.pages.BasePage.clickOnElement(BasePage.java:135)
at ui.pages.BasePage.clickOnElement(BasePage.java:135)
at ui.pages.BasePage.clickOnElement(BasePage.java:135)
at ui.pages.BasePage.clickOnElement(BasePage.java:135)
at ui.pages.BasePage.clickOnElement(BasePage.java:135)
at ui.pages.BasePage.clickOnElement(BasePage.java:135)
at ui.pages.BasePage.clickOnElement(BasePage.java:135)
at ui.pages.BasePage.clickOnElement(BasePage.java:135)
at ui.pages.BasePage.clickOnElement(BasePage.java:135)
at ui.pages.BasePage.clickOnElement(BasePage.java:135)
at ui.pages.BasePage.clickOnElement(BasePage.java:135)
at ui.pages.BasePage.clickOnElement(BasePage.java:135)
at ui.pages.BasePage.clickOnElement(BasePage.java:135)
at ui.pages.BasePage.clickOnElement(BasePage.java:135)
at ui.pages.BasePage.clickOnElement(BasePage.java:135)
at ui.pages.BasePage.clickOnElement(BasePage.java:135)
at ui.pages.BasePage.clickOnElement(BasePage.java:135)
at ui.pages.BasePage.clickOnElement(BasePage.java:135)
at ui.pages.BasePage.clickOnElement(BasePage.java:135)
at ui.pages.BasePage.clickOnElement(BasePage.java:135)
at ui.pages.BasePage.clickOnElement(BasePage.java:135)
at ui.pages.BasePage.clickOnElement(BasePage.java:135)
at ui.pages.BasePage.clickOnElement(BasePage.java:135)
at ui.pages.BasePage.clickOnElement(BasePage.java:135)
at ui.pages.BasePage.clickOnElement(BasePage.java:135)
at ui.pages.BasePage.clickOnElement(BasePage.java:135)
at ui.pages.BasePage.clickOnElement(BasePage.java:135)
at ui.pages.BasePage.clickOnElement(BasePage.java:135)
at ui.pages.BasePage.clickOnElement(BasePage.java:135)
at ui.pages.BasePage.clickOnElement(BasePage.java:135)
at ui.pages.BasePage.clickOnElement(BasePage.java:135)
at ui.pages.BasePage.clickOnElement(BasePage.java:135)
at ui.pages.BasePage.clickOnElement(BasePage.java:135)
at ui.pages.BasePage.clickOnElement(BasePage.java:135)
at ui.pages.BasePage.clickOnElement(BasePage.java:135)
at ui.pages.BasePage.clickOnElement(BasePage.java:135)
at ui.pages.BasePage.clickOnElement(BasePage.java:135)
at ui.pages.BasePage.clickOnElement(BasePage.java:135)
at ui.pages.BasePage.clickOnElement(BasePage.java:135)
at ui.pages.BasePage.clickOnElement(BasePage.java:135)
at ui.pages.BasePage.clickOnElement(BasePage.java:135)
at ui.pages.BasePage.clickOnElement(BasePage.java:135)
at ui.pages.BasePage.clickOnElement(BasePage.java:135)
at ui.pages.BasePage.clickOnElement(BasePage.java:135)
at ui.pages.BasePage.clickOnElement(BasePage.java:135)
at ui.pages.BasePage.clickOnElement(BasePage.java:135)
at ui.pages.BasePage.clickOnElement(BasePage.java:135)
at ui.pages.BasePage.clickOnElement(BasePage.java:135)
at ui.pages.BasePage.clickOnElement(BasePage.java:135)
at ui.pages.BasePage.clickOnElement(BasePage.java:135)
at ui.pages.BasePage.clickOnElement(BasePage.java:135)
at ui.pages.BasePage.clickOnElement(BasePage.java:135)
at ui.pages.BasePage.clickOnElement(BasePage.java:135)
at ui.pages.BasePage.clickOnElement(BasePage.java:135)
at ui.pages.BasePage.clickOnElement(BasePage.java:135)
at ui.pages.BasePage.clickOnElement(BasePage.java:135)
at ui.pages.BasePage.clickOnElement(BasePage.java:135)
at ui.pages.BasePage.clickOnElement(BasePage.java:135)
at ui.pages.BasePage.clickOnElement(BasePage.java:135)
at ui.pages.BasePage.clickOnElement(BasePage.java:135)
at ui.pages.BasePage.clickOnElement(BasePage.java:135)
at ui.pages.BasePage.clickOnElement(BasePage.java:135)
at ui.pages.BasePage.clickOnElement(BasePage.java:135)
at ui.pages.BasePage.clickOnElement(BasePage.java:135)
at ui.pages.BasePage.clickOnElement(BasePage.java:135)
at ui.pages.BasePage.clickOnElement(BasePage.java:135)
at ui.pages.BasePage.clickOnElement(BasePage.java:135)
at ui.pages.BasePage.clickOnElement(BasePage.java:135)
at ui.pages.BasePage.clickOnElement(BasePage.java:135)
at ui.pages.BasePage.clickOnElement(BasePage.java:135)
at ui.pages.BasePage.clickOnElement(BasePage.java:135)
at ui.pages.BasePage.clickOnElement(BasePage.java:135)
at ui.pages.BasePage.clickOnElement(BasePage.java:135)
at ui.pages.BasePage.clickOnElement(BasePage.java:135)
at ui.pages.BasePage.clickOnElement(BasePage.java:135)
at ui.pages.BasePage.clickOnElement(BasePage.java:135)
at ui.pages.BasePage.clickOnElement(BasePage.java:135)
at ui.pages.BasePage.clickOnElement(BasePage.java:135)
at ui.pages.BasePage.clickOnElement(BasePage.java:135)
at ui.pages.BasePage.clickOnElement(BasePage.java:135)
at ui.pages.BasePage.clickOnElement(BasePage.java:135)
at ui.pages.BasePage.clickOnElement(BasePage.java:135)
at ui.pages.BasePage.clickOnElement(BasePage.java:135)
at ui.pages.BasePage.clickOnElement(BasePage.java:135)
at ui.pages.BasePage.clickOnElement(BasePage.java:135)
at ui.pages.BasePage.clickOnElement(BasePage.java:135)
at ui.pages.BasePage.clickOnElement(BasePage.java:135)
at ui.pages.BasePage.clickOnElement(BasePage.java:135)
at ui.pages.BasePage.clickOnElement(BasePage.java:135)
at ui.pages.BasePage.clickOnElement(BasePage.java:135)
at ui.pages.BasePage.clickOnElement(BasePage.java:135)
at ui.pages.BasePage.clickOnElement(BasePage.java:135)
at ui.pages.BasePage.clickOnElement(BasePage.java:135)
at ui.pages.BasePage.clickOnElement(BasePage.java:135)
at ui.pages.BasePage.clickOnElement(BasePage.java:135)
at ui.pages.BasePage.clickOnElement(BasePage.java:135)
at ui.pages.BasePage.clickOnElement(BasePage.java:135)
at ui.pages.BasePage.clickOnElement(BasePage.java:135)
at ui.pages.BasePage.clickOnElement(BasePage.java:135)
at ui.pages.BasePage.clickOnElement(BasePage.java:135)
at ui.pages.BasePage.clickOnElement(BasePage.java:135)
at ui.pages.BasePage.clickOnElement(BasePage.java:135)
at ui.pages.BasePage.clickOnElement(BasePage.java:135)
at ui.pages.BasePage.clickOnElement(BasePage.java:135)
at ui.pages.BasePage.clickOnElement(BasePage.java:135)
at ui.pages.BasePage.clickOnElement(BasePage.java:135)
at ui.pages.BasePage.clickOnElement(BasePage.java:135)
at ui.pages.BasePage.clickOnElement(BasePage.java:135)
at ui.pages.BasePage.clickOnElement(BasePage.java:135)
at ui.pages.BasePage.clickOnElement(BasePage.java:135)
at ui.pages.BasePage.clickOnElement(BasePage.java:135)
at ui.pages.BasePage.clickOnElement(BasePage.java:135)
at ui.pages.BasePage.clickOnElement(BasePage.java:135)
at ui.pages.BasePage.clickOnElement(BasePage.java:135)
at ui.pages.BasePage.clickOnElement(BasePage.java:135)
at ui.pages.BasePage.clickOnElement(BasePage.java:135)
at ui.pages.BasePage.clickOnElement(BasePage.java:135)
at ui.pages.BasePage.clickOnElement(BasePage.java:135)
at ui.pages.BasePage.clickOnElement(BasePage.java:135)
at ui.pages.BasePage.clickOnElement(BasePage.java:135)
at ui.pages.BasePage.clickOnElement(BasePage.java:135)
at ui.pages.BasePage.clickOnElement(BasePage.java:135)
at ui.pages.BasePage.clickOnElement(BasePage.java:135)
at ui.pages.BasePage.clickOnElement(BasePage.java:135)
at ui.pages.BasePage.clickOnElement(BasePage.java:135)
at ui.pages.BasePage.clickOnElement(BasePage.java:135)
at ui.pages.BasePage.clickOnElement(BasePage.java:135)
at ui.pages.BasePage.clickOnElement(BasePage.java:135)
at ui.pages.BasePage.clickOnElement(BasePage.java:135)
at ui.pages.BasePage.clickOnElement(BasePage.java:135)
at ui.pages.BasePage.clickOnElement(BasePage.java:135)
at ui.pages.BasePage.clickOnElement(BasePage.java:135)
at ui.pages.BasePage.clickOnElement(BasePage.java:135)
at ui.pages.BasePage.clickOnElement(BasePage.java:135)
at ui.pages.BasePage.clickOnElement(BasePage.java:135)
at ui.pages.BasePage.clickOnElement(BasePage.java:135)
at ui.pages.BasePage.clickOnElement(BasePage.java:135)
at ui.pages.BasePage.clickOnElement(BasePage.java:135)
at ui.pages.BasePage.clickOnElement(BasePage.java:135)
at ui.pages.BasePage.clickOnElement(BasePage.java:135)
at ui.pages.BasePage.clickOnElement(BasePage.java:135)
at ui.pages.BasePage.clickOnElement(BasePage.java:135)
at ui.pages.BasePage.clickOnElement(BasePage.java:135)
at ui.pages.BasePage.clickOnElement(BasePage.java:135)
at ui.pages.BasePage.clickOnElement(BasePage.java:135)
at ui.pages.BasePage.clickOnElement(BasePage.java:135)
at ui.pages.BasePage.clickOnElement(BasePage.java:135)
at ui.pages.BasePage.clickOnElement(BasePage.java:135)
at ui.pages.BasePage.clickOnElement(BasePage.java:135)
at ui.pages.BasePage.clickOnElement(BasePage.java:135)
at ui.pages.BasePage.clickOnElement(BasePage.java:135)
at ui.pages.BasePage.clickOnElement(BasePage.java:135)
at ui.pages.BasePage.clickOnElement(BasePage.java:135)
at ui.pages.BasePage.clickOnElement(BasePage.java:135)
at ui.pages.BasePage.clickOnElement(BasePage.java:135)
at ui.pages.BasePage.clickOnElement(BasePage.java:135)
at ui.pages.BasePage.clickOnElement(BasePage.java:135)
at ui.pages.BasePage.clickOnElement(BasePage.java:135)
at ui.pages.BasePage.clickOnElement(BasePage.java:135)
at ui.pages.BasePage.clickOnElement(BasePage.java:135)
at ui.pages.BasePage.clickOnElement(BasePage.java:135)
at ui.pages.BasePage.clickOnElement(BasePage.java:135)
at ui.pages.BasePage.clickOnElement(BasePage.java:135)
at ui.pages.BasePage.clickOnElement(BasePage.java:135)
at ui.pages.BasePage.clickOnElement(BasePage.java:135)
at ui.pages.BasePage.clickOnElement(BasePage.java:135)
at ui.pages.BasePage.clickOnElement(BasePage.java:135)
at ui.pages.BasePage.clickOnElement(BasePage.java:135)
at ui.pages.BasePage.clickOnElement(BasePage.java:135)
at ui.pages.BasePage.clickOnElement(BasePage.java:135)
at ui.pages.BasePage.clickOnElement(BasePage.java:135)
at ui.pages.BasePage.clickOnElement(BasePage.java:135)
at ui.pages.BasePage.clickOnElement(BasePage.java:135)
at ui.pages.BasePage.clickOnElement(BasePage.java:135)
at ui.pages.BasePage.clickOnElement(BasePage.java:135)
at ui.pages.BasePage.clickOnElement(BasePage.java:135)
at ui.pages.BasePage.clickOnElement(BasePage.java:135)
at ui.pages.BasePage.clickOnElement(BasePage.java:135)
at ui.pages.BasePage.clickOnElement(BasePage.java:135)
at ui.pages.BasePage.clickOnElement(BasePage.java:135)
at ui.pages.BasePage.clickOnElement(BasePage.java:135)
at ui.pages.BasePage.clickOnElement(BasePage.java:135)
at ui.pages.BasePage.clickOnElement(BasePage.java:135)
at ui.pages.BasePage.clickOnElement(BasePage.java:135)
at ui.pages.BasePage.clickOnElement(BasePage.java:135)
at ui.pages.BasePage.clickOnElement(BasePage.java:135)
at ui.pages.BasePage.clickOnElement(BasePage.java:135)
at ui.pages.BasePage.clickOnElement(BasePage.java:135)
at ui.pages.BasePage.clickOnElement(BasePage.java:135)
at ui.pages.BasePage.clickOnElement(BasePage.java:135)
at ui.pages.BasePage.clickOnElement(BasePage.java:135)
at ui.pages.BasePage.clickOnElement(BasePage.java:135)
at ui.pages.BasePage.clickOnElement(BasePage.java:135)
at ui.pages.BasePage.clickOnElement(BasePage.java:135)
at ui.pages.BasePage.clickOnElement(BasePage.java:135)
at ui.pages.BasePage.clickOnElement(BasePage.java:135)
at ui.pages.BasePage.clickOnElement(BasePage.java:135)
at ui.pages.BasePage.clickOnElement(BasePage.java:135)
at ui.pages.BasePage.clickOnElement(BasePage.java:135)
at ui.pages.BasePage.clickOnElement(BasePage.java:135)
at ui.pages.BasePage.clickOnElement(BasePage.java:135)
at ui.pages.BasePage.clickOnElement(BasePage.java:135)
at ui.pages.BasePage.clickOnElement(BasePage.java:135)
at ui.pages.BasePage.clickOnElement(BasePage.java:135)
at ui.pages.BasePage.clickOnElement(BasePage.java:135)
at ui.pages.BasePage.clickOnElement(BasePage.java:135)
at ui.pages.BasePage.clickOnElement(BasePage.java:135)
at ui.pages.BasePage.clickOnElement(BasePage.java:135)
at ui.pages.BasePage.clickOnElement(BasePage.java:135)
at ui.pages.BasePage.clickOnElement(BasePage.java:135)
at ui.pages.BasePage.clickOnElement(BasePage.java:135)
at ui.pages.BasePage.clickOnElement(BasePage.java:135)
at ui.pages.BasePage.clickOnElement(BasePage.java:135)
at ui.pages.BasePage.clickOnElement(BasePage.java:135)
at ui.pages.BasePage.clickOnElement(BasePage.java:135)
at ui.pages.BasePage.clickOnElement(BasePage.java:135)
at ui.pages.BasePage.clickOnElement(BasePage.java:135)
at ui.pages.BasePage.clickOnElement(BasePage.java:135)
at ui.pages.BasePage.clickOnElement(BasePage.java:135)
at ui.pages.BasePage.clickOnElement(BasePage.java:135)
at ui.pages.BasePage.clickOnElement(BasePage.java:135)
at ui.pages.BasePage.clickOnElement(BasePage.java:135)
at ui.pages.BasePage.clickOnElement(BasePage.java:135)
at ui.pages.BasePage.clickOnElement(BasePage.java:135)
at ui.pages.BasePage.clickOnElement(BasePage.java:135)
at ui.pages.BasePage.clickOnElement(BasePage.java:135)
at ui.pages.BasePage.clickOnElement(BasePage.java:135)
at ui.pages.BasePage.clickOnElement(BasePage.java:135)
at ui.pages.BasePage.clickOnElement(BasePage.java:135)
at ui.pages.BasePage.clickOnElement(BasePage.java:135)
at ui.pages.BasePage.clickOnElement(BasePage.java:135)
at ui.pages.BasePage.clickOnElement(BasePage.java:135)
at ui.pages.BasePage.clickOnElement(BasePage.java:135)
at ui.pages.BasePage.clickOnElement(BasePage.java:135)
at ui.pages.BasePage.clickOnElement(BasePage.java:135)
at ui.pages.BasePage.clickOnElement(BasePage.java:135)
at ui.pages.BasePage.clickOnElement(BasePage.java:135)
at ui.pages.BasePage.clickOnElement(BasePage.java:135)
at ui.pages.BasePage.clickOnElement(BasePage.java:135)
at ui.pages.BasePage.clickOnElement(BasePage.java:135)
at ui.pages.BasePage.clickOnElement(BasePage.java:135)
at ui.pages.BasePage.clickOnElement(BasePage.java:135)
at ui.pages.BasePage.clickOnElement(BasePage.java:135)
at ui.pages.BasePage.clickOnElement(BasePage.java:135)
at ui.pages.BasePage.clickOnElement(BasePage.java:135)
at ui.pages.BasePage.clickOnElement(BasePage.java:135)
at ui.pages.BasePage.clickOnElement(BasePage.java:135)
at ui.pages.BasePage.clickOnElement(BasePage.java:135)
at ui.pages.BasePage.clickOnElement(BasePage.java:135)
at ui.pages.BasePage.clickOnElement(BasePage.java:135)
at ui.pages.BasePage.clickOnElement(BasePage.java:135)
at ui.pages.BasePage.clickOnElement(BasePage.java:135)
at ui.pages.BasePage.clickOnElement(BasePage.java:135)
at ui.pages.BasePage.clickOnElement(BasePage.java:135)
at ui.pages.BasePage.clickOnElement(BasePage.java:135)
at ui.pages.BasePage.clickOnElement(BasePage.java:135)
at ui.pages.BasePage.clickOnElement(BasePage.java:135)
at ui.pages.BasePage.clickOnElement(BasePage.java:135)
at ui.pages.BasePage.clickOnElement(BasePage.java:135)
at ui.pages.BasePage.clickOnElement(BasePage.java:135)
at ui.pages.BasePage.clickOnElement(BasePage.java:135)
at ui.pages.BasePage.clickOnElement(BasePage.java:135)
at ui.pages.BasePage.clickOnElement(BasePage.java:135)
at ui.pages.BasePage.clickOnElement(BasePage.java:135)
at ui.pages.BasePage.clickOnElement(BasePage.java:135)
at ui.pages.BasePage.clickOnElement(BasePage.java:135)
at ui.pages.BasePage.clickOnElement(BasePage.java:135)
at ui.pages.BasePage.clickOnElement(BasePage.java:135)
at ui.pages.BasePage.clickOnElement(BasePage.java:135)
at ui.pages.BasePage.clickOnElement(BasePage.java:135)
at ui.pages.BasePage.clickOnElement(BasePage.java:135)
at ui.pages.BasePage.clickOnElement(BasePage.java:135)
at ui.pages.BasePage.clickOnElement(BasePage.java:135)
at ui.pages.BasePage.clickOnElement(BasePage.java:135)
at ui.pages.BasePage.clickOnElement(BasePage.java:135)
at ui.pages.BasePage.clickOnElement(BasePage.java:135)
at ui.pages.BasePage.clickOnElement(BasePage.java:135)
at ui.pages.BasePage.clickOnElement(BasePage.java:135)
at ui.pages.BasePage.clickOnElement(BasePage.java:135)
at ui.pages.BasePage.clickOnElement(BasePage.java:135)
at ui.pages.BasePage.clickOnElement(BasePage.java:135)
at ui.pages.BasePage.clickOnElement(BasePage.java:135)
at ui.pages.BasePage.clickOnElement(BasePage.java:135)
at ui.pages.BasePage.clickOnElement(BasePage.java:135)
at ui.pages.BasePage.clickOnElement(BasePage.java:135)
at ui.pages.BasePage.clickOnElement(BasePage.java:135)
at ui.pages.BasePage.clickOnElement(BasePage.java:135)
at ui.pages.BasePage.clickOnElement(BasePage.java:135)
at ui.pages.BasePage.clickOnElement(BasePage.java:135)
at ui.pages.BasePage.clickOnElement(BasePage.java:135)
at ui.pages.BasePage.clickOnElement(BasePage.java:135)
at ui.pages.BasePage.clickOnElement(BasePage.java:135)
at ui.pages.BasePage.clickOnElement(BasePage.java:135)
at ui.pages.BasePage.clickOnElement(BasePage.java:135)
at ui.pages.BasePage.clickOnElement(BasePage.java:135)
at ui.pages.BasePage.clickOnElement(BasePage.java:135)
at ui.pages.BasePage.clickOnElement(BasePage.java:135)
at ui.pages.BasePage.clickOnElement(BasePage.java:135)
at ui.pages.BasePage.clickOnElement(BasePage.java:135)
at ui.pages.BasePage.clickOnElement(BasePage.java:135)
at ui.pages.BasePage.clickOnElement(BasePage.java:135)
at ui.pages.BasePage.clickOnElement(BasePage.java:135)
at ui.pages.BasePage.clickOnElement(BasePage.java:135)
at ui.pages.BasePage.clickOnElement(BasePage.java:135)
at ui.pages.BasePage.clickOnElement(BasePage.java:135)
at ui.pages.BasePage.clickOnElement(BasePage.java:135)
at ui.pages.BasePage.clickOnElement(BasePage.java:135)
at ui.pages.BasePage.clickOnElement(BasePage.java:135)
at ui.pages.BasePage.clickOnElement(BasePage.java:135)
at ui.pages.BasePage.clickOnElement(BasePage.java:135)
at ui.pages.BasePage.clickOnElement(BasePage.java:135)
at ✽.User clicks Release Assignment on Work Queue Assignments page(file:///C:/Users/Irina.Holovan/Documents/ignition-qa/AFS_Automation/WMS_Automation/src/test/resources/features/workqueue/assignmentlist/filteroption/WorkQueueFilterOptionScreen.feature:377)
]]>
    </error>
  </testcase> <!-- runScenario -->
  <system-out/>
  <testcase classname="runners.WorkQueueCucumberRunner" name="runScenario" time="94.296"/>
  <system-out/>
  <testcase classname="runners.WorkQueueCucumberRunner" name="runScenario" time="84.721"/>
  <system-out/>
  <testcase classname="runners.WorkQueueCucumberRunner" name="runScenario" time="99.672"/>
  <system-out/>
  <testcase classname="runners.WorkQueueCucumberRunner" name="runScenario" time="92.127"/>
  <system-out/>
  <testcase classname="runners.WorkQueueCucumberRunner" name="runScenario" time="100.007"/>
  <system-out/>
  <testcase classname="runners.WorkQueueCucumberRunner" name="runScenario" time="97.391"/>
  <system-out/>
</testsuite> <!-- runners.WorkQueueCucumberRunner -->
