<?xml version="1.0" encoding="UTF-8"?>
<!-- Generated by org.testng.reporters.JUnitReportReporter -->
<testsuite hostname="AFSWMSBA02" failures="0" tests="1" name="runners.msg_delay_wms" time="17.560" errors="0" timestamp="2023-07-04T16:31:35 EDT" skipped="0">
  <testcase classname="runners.msg_delay_wms" name="runScenario" time="17.560"/>
  <system-out/>
</testsuite> <!-- runners.msg_delay_wms -->
